Iteration	Posterior	Likelihood	Prior	rate_log_sd	rate_loss	tree_length
0	-4458.784	-5465.23	1006.446	1.52936	1.939855	6.401535
6	-4465.052	-5471.454	1006.403	1.510369	2.052146	6.399844
12	-4489.117	-5491.945	1002.827	1.38343	2.592672	8.235665
18	-4490.438	-5494.474	1004.037	1.355448	2.577543	7.609095
24	-4452.996	-5458.84	1005.844	1.478725	3.285757	6.40389
30	-4438.741	-5445.738	1006.997	1.47817	2.850752	5.875388
36	-4429.659	-5435.887	1006.228	1.47817	2.421472	6.404036
42	-4439.508	-5445.93	1006.423	1.44064	2.430402	6.316479
48	-4460.828	-5465.95	1005.122	1.428952	3.18685	6.842535
54	-4460.78	-5466.526	1005.746	1.440562	3.044954	6.530751
60	-4435.934	-5440.624	1004.691	1.41469	2.777128	7.176785
66	-4430.138	-5433.853	1003.715	1.378006	2.698193	7.738693
72	-4441.198	-5445.009	1003.811	1.355772	2.537237	7.739984
78	-4461.937	-5465.134	1003.198	1.354816	2.722488	8.021277
84	-4461.555	-5463.817	1002.262	1.338462	3.058375	8.449606
90	-4455.768	-5458.293	1002.526	1.324423	2.87733	8.358155
96	-4450.508	-5454.352	1003.844	1.360232	2.947061	7.61979
102	-4480.099	-5483.789	1003.69	1.387326	3.638884	7.541482
108	-4461.11	-5465.172	1004.063	1.44828	2.631706	7.53175
114	-4451.096	-5455.597	1004.502	1.38011	2.419258	7.38845
120	-4452.573	-5456.224	1003.651	1.397892	2.750051	7.74946
126	-4449.882	-5454.404	1004.521	1.452774	2.524295	7.310977
132	-4463.344	-5468.487	1005.143	1.381892	2.211771	7.10153
138	-4476.844	-5480.85	1004.006	1.400002	2.768626	7.553965
144	-4464.386	-5466.693	1002.307	1.322913	2.775651	8.49928
150	-4461.145	-5461.496	1000.35	1.26239	2.522867	9.629756
156	-4472.3	-5473.639	1001.339	1.210213	1.751835	9.363626
162	-4453.038	-5456.453	1003.415	1.32202	2.391911	8.007832
168	-4448.67	-5450.211	1001.541	1.309695	2.789093	8.909437
174	-4467.945	-5471.043	1003.098	1.327322	1.970776	8.29724
180	-4470.676	-5476.802	1006.127	1.515709	3.468618	6.191825
186	-4467.147	-5473.671	1006.525	1.515709	2.536158	6.191825
192	-4468.805	-5475.364	1006.559	1.523707	2.569471	6.16013
198	-4481.407	-5487.222	1005.815	1.540569	3.125249	6.42088
204	-4477.393	-5483.808	1006.414	1.476936	3.168213	6.120414
210	-4471.189	-5476.94	1005.752	1.467993	2.468104	6.655035
216	-4458.999	-5463.103	1004.104	1.541243	2.083307	7.611487
222	-4464.268	-5471.066	1006.798	1.563426	1.87131	6.214855
228	-4463.761	-5469.041	1005.28	1.600385	2.14873	6.928524
234	-4479.601	-5484.269	1004.668	1.575299	1.968359	7.326698
240	-4449.937	-5454.608	1004.671	1.488891	2.360205	7.255253
246	-4458.056	-5462.149	1004.093	1.4242	2.820795	7.481785
252	-4475.11	-5476.753	1001.643	1.3712	3.405805	8.687079
258	-4493.935	-5496.664	1002.729	1.350335	3.379258	8.12632
264	-4488.415	-5491.69	1003.276	1.350756	2.181329	8.12632
270	-4458.828	-5461.69	1002.863	1.38483	2.665452	8.19775
276	-4461.627	-5465.486	1003.859	1.415148	2.665452	7.649892
282	-4449.055	-5452.411	1003.356	1.383372	3.153249	7.822043
288	-4452.213	-5454.808	1002.595	1.374614	1.831561	8.584509
294	-4447.146	-5449.653	1002.507	1.300854	1.94154	8.634578
300	-4455.217	-5456.633	1001.416	1.351779	2.556068	9.010816
306	-4471.231	-5474.314	1003.083	1.436775	1.904961	8.267868
312	-4471.584	-5474.562	1002.979	1.422062	2.109058	8.267868
318	-4480.069	-5484.006	1003.937	1.421138	2.059335	7.772323
324	-4481.833	-5485.968	1004.135	1.397306	2.059335	7.67924
330	-4480.828	-5485.834	1005.006	1.43484	2.135648	7.168922
336	-4475.688	-5478.744	1003.056	1.387924	2.135648	8.237141
342	-4461.414	-5464.687	1003.273	1.484973	2.419944	7.989296
348	-4482.642	-5488.132	1005.49	1.500693	2.168356	6.863072
354	-4471.742	-5476.848	1005.106	1.531372	2.890023	6.863072
360	-4479.795	-5486.604	1006.809	1.682983	2.444059	5.9706
366	-4448.767	-5454.862	1006.094	1.581073	2.244738	6.470712
372	-4421.018	-5424.812	1003.794	1.504853	1.940914	7.841239
378	-4425.957	-5429.464	1003.507	1.473129	1.786886	8.062364
384	-4429.439	-5433.089	1003.651	1.430153	2.432505	7.813643
390	-4439.086	-5442.741	1003.655	1.474815	2.33683	7.813643
396	-4440.292	-5443.178	1002.886	1.343094	1.846239	8.441908
402	-4440.083	-5438.923	998.8392	1.257031	2.845876	10.34893
408	-4431.609	-5431.679	1000.071	1.274798	1.752128	9.998372
414	-4445.306	-5444.032	998.7268	1.276851	1.94547	10.63997
420	-4441.616	-5438.787	997.1711	1.255724	2.0773	11.4255
426	-4452.904	-5456.642	1003.738	1.44724	2.039623	7.871006
432	-4450.146	-5453.886	1003.74	1.451535	2.027652	7.871006
438	-4449.102	-5451.995	1002.893	1.451535	2.027652	8.322648
444	-4447.089	-5450.242	1003.153	1.451584	2.164684	8.142905
450	-4450.154	-5453.368	1003.214	1.431475	3.011538	7.903793
456	-4466.202	-5469.066	1002.865	1.368908	2.561642	8.231537
462	-4475.139	-5478.285	1003.146	1.368908	2.561642	8.081904
468	-4476.123	-5477.819	1001.696	1.429344	2.328955	8.881651
474	-4465.789	-5467.959	1002.17	1.357067	2.013923	8.760861
480	-4453.254	-5455.429	1002.175	1.343005	2.106432	8.737638
486	-4460.183	-5461.595	1001.412	1.357038	2.987085	8.906674
492	-4456.88	-5458	1001.119	1.316837	1.989632	9.345756
498	-4464.098	-5465.453	1001.354	1.246327	3.030087	8.986309
504	-4484.239	-5485.132	1000.892	1.247472	2.906963	9.257962
510	-4472.559	-5474.792	1002.233	1.327951	1.943969	8.764847
516	-4467.593	-5470.306	1002.712	1.336511	1.534826	8.648458
522	-4492.056	-5495.444	1003.388	1.306321	1.281014	8.410063
528	-4484.817	-5485.122	1000.305	1.319294	1.736077	9.857084
534	-4480.379	-5478.97	998.591	1.246218	2.088851	10.68347
540	-4472.214	-5473.499	1001.285	1.31885	2.543313	9.100992
546	-4480.274	-5481.827	1001.553	1.37379	2.311196	8.992189
552	-4472.78	-5475.222	1002.442	1.299657	2.097096	8.621815
558	-4454.293	-5457.055	1002.761	1.322347	2.45968	8.337784
564	-4476.055	-5480.926	1004.871	1.439174	3.220269	6.96491
570	-4465.681	-5470.807	1005.126	1.490041	2.528496	6.96491
576	-4461.809	-5467.253	1005.444	1.470645	2.546569	6.799035
582	-4450.468	-5455.092	1004.625	1.490176	2.117388	7.349607
588	-4454.124	-5457.929	1003.805	1.507664	2.18676	7.758283
594	-4457.033	-5460.951	1003.918	1.470555	2.052	7.758283
600	-4451.787	-5454.665	1002.878	1.422483	2.699161	8.161228
606	-4458.135	-5460.697	1002.562	1.402294	2.088825	8.506004
612	-4456.928	-5460.717	1003.789	1.430685	2.548916	7.708673
618	-4454.073	-5456.228	1002.156	1.386352	2.119041	8.721115
624	-4459.993	-5463.279	1003.285	1.400601	2.26156	8.071467
630	-4465.102	-5468.254	1003.152	1.390335	2.299029	8.137323
636	-4453.943	-5456.07	1002.126	1.362358	2.203402	8.724706
642	-4445.572	-5448.904	1003.332	1.368283	2.354608	8.037801
648	-4466.247	-5467.211	1000.963	1.217307	2.720249	9.280535
654	-4457.027	-5457.441	1000.414	1.32225	2.364623	9.606621
660	-4457.439	-5458.776	1001.337	1.260554	2.92796	9.010861
666	-4444.79	-5446.397	1001.607	1.322386	2.239084	9.010861
672	-4431.367	-5435.207	1003.839	1.421532	2.201671	7.781768
678	-4431.669	-5434.85	1003.182	1.410551	1.902001	8.23044
684	-4456.042	-5461.471	1005.43	1.414534	2.164981	6.943186
690	-4482.054	-5482.741	1000.686	1.247064	2.888401	9.371459
696	-4469.7	-5472.142	1002.442	1.332616	2.40797	8.51596
702	-4469.563	-5473.046	1003.483	1.395932	2.398484	7.930787
708	-4470.978	-5475.1	1004.121	1.41379	2.135039	7.654786
714	-4463.25	-5467.295	1004.045	1.404373	2.293991	7.654786
720	-4482.811	-5484.105	1001.295	1.304943	2.965711	9.001358
726	-4472.727	-5474.669	1001.943	1.231192	2.619097	8.779824
732	-4453.226	-5454.405	1001.179	1.279382	2.310306	9.239748
738	-4450.117	-5452.2	1002.083	1.357413	2.601358	8.6432
744	-4464.71	-5466.287	1001.577	1.314557	2.223954	9.035107
750	-4482.487	-5483.399	1000.912	1.379953	2.495208	9.278359
756	-4466.642	-5469.579	1002.937	1.391729	2.262315	8.261578
762	-4474.156	-5476.426	1002.27	1.33147	2.714145	8.529462
768	-4474.055	-5474.611	1000.556	1.380572	2.382092	9.495835
774	-4465.409	-5466.375	1000.966	1.281562	2.283404	9.359092
780	-4464.112	-5467.102	1002.99	1.326298	2.254419	8.27036
786	-4467.402	-5469.458	1002.056	1.335482	2.156896	8.789477
792	-4473.688	-5472.375	998.6862	1.298434	2.051698	10.61725
798	-4468.033	-5465.732	997.6991	1.183149	1.866921	11.25257
804	-4465.617	-5465.916	1000.299	1.31973	2.146116	9.729784
810	-4474.553	-5472.642	998.0881	1.249438	2.278352	10.89102
816	-4477.367	-5478.079	1000.712	1.31526	2.278352	9.476743
822	-4446.881	-5446.229	999.3483	1.310503	1.939018	10.29799
828	-4457.654	-5456.864	999.2099	1.247278	2.298115	10.29799
834	-4452.897	-5453.812	1000.915	1.285778	2.101696	9.435775
840	-4475.71	-5476.767	1001.057	1.243604	1.835937	9.466601
846	-4463.165	-5462.586	999.4209	1.235615	3.106976	9.995582
852	-4470.171	-5469.804	999.6329	1.315071	3.619174	9.737423
858	-4464.904	-5468.091	1003.188	1.411202	3.619174	7.801142
864	-4431.658	-5436.917	1005.26	1.486205	3.122425	6.751465
870	-4437.741	-5441.926	1004.186	1.44854	3.124117	7.349334
876	-4451.658	-5455.47	1003.812	1.365101	2.062404	7.868059
882	-4439.019	-5440.87	1001.851	1.367507	2.593864	8.762478
888	-4453.4	-5455.403	1002.003	1.340145	2.593864	8.696539
894	-4469	-5468.382	999.3815	1.277365	2.892145	10.04243
900	-4470.202	-5472.111	1001.91	1.277365	2.98957	8.684709
906	-4468.719	-5471.215	1002.496	1.326126	2.585124	8.444403
912	-4449.931	-5452.705	1002.774	1.376017	2.585124	8.269933
918	-4432.032	-5435.445	1003.413	1.40017	2.560248	7.922827
924	-4435.272	-5440.036	1004.764	1.456607	2.560248	7.169407
930	-4438.749	-5442.61	1003.861	1.45676	2.560248	7.653198
936	-4452.429	-5456.035	1003.606	1.437522	3.182877	7.653198
942	-4456.742	-5461.608	1004.865	1.457561	2.32616	7.177255
948	-4455.569	-5457.529	1001.959	1.379252	2.145253	8.821174
954	-4461.558	-5465.033	1003.475	1.453168	2.169492	7.9691
960	-4464.992	-5469.355	1004.363	1.443262	3.047947	7.27422
966	-4451.76	-5455.588	1003.827	1.376295	3.199883	7.563623
972	-4467.115	-5468.331	1001.216	1.348467	3.199883	8.968296
978	-4448.797	-5449.659	1000.862	1.433888	2.002738	9.415608
984	-4462.099	-5463.568	1001.468	1.397267	2.050222	9.100048
990	-4471.699	-5471.203	999.504	1.308248	1.683298	10.30267
996	-4457.313	-5456.635	999.3227	1.316621	2.68672	10.10138
1002	-4450.647	-5451.1	1000.453	1.301841	2.488176	9.563568
1008	-4454.53	-5453.549	999.0184	1.25088	2.935133	10.23746
1014	-4447.261	-5446.86	999.5985	1.31931	2.205823	10.08172
1020	-4456.356	-5455.579	999.2223	1.337106	1.867472	10.37318
1026	-4459.6	-5461.067	1001.467	1.358217	2.889261	8.899299
1032	-4443.702	-5445.493	1001.791	1.368522	2.203202	8.899299
1038	-4447.324	-5450.264	1002.94	1.427854	2.805157	8.099787
1044	-4449.029	-5451.659	1002.63	1.427854	2.329191	8.38684
1050	-4449.275	-5452.749	1003.474	1.417998	2.318198	7.945527
1056	-4420.214	-5422.396	1002.181	1.381283	2.631172	8.570551
1062	-4424.214	-5427.688	1003.473	1.426437	2.613642	7.863096
1068	-4429.439	-5432.952	1003.513	1.436976	2.137045	7.966973
1074	-4433.458	-5436.604	1003.147	1.395811	2.001615	8.225228
1080	-4431.811	-5435.866	1004.055	1.409928	2.333073	7.635426
1086	-4451.649	-5456.279	1004.63	1.404996	2.306102	7.337493
1092	-4450.725	-5456.315	1005.59	1.450289	2.199931	6.826923
1098	-4447.397	-5451.095	1003.697	1.379656	3.188179	7.633956
1104	-4470.024	-5473.365	1003.341	1.373128	2.560771	7.975635
1110	-4422.508	-5425.695	1003.186	1.450498	2.850879	7.9455
1116	-4418.562	-5422.62	1004.058	1.375093	2.223184	7.6835
1122	-4423.662	-5427.509	1003.846	1.42223	2.068314	7.817455
1128	-4423.192	-5428.481	1005.289	1.461838	2.485048	6.903512
1134	-4467.834	-5472.362	1004.528	1.505701	3.005466	7.161435
1140	-4464.55	-5470.47	1005.92	1.468466	3.083166	6.412443
1146	-4449.299	-5456.15	1006.851	1.532567	1.953637	6.175572
1152	-4451.33	-5456.816	1005.486	1.530748	2.592174	6.732046
1158	-4429.617	-5435.788	1006.172	1.525225	1.881706	6.571767
1164	-4435.958	-5442.169	1006.211	1.605024	2.089116	6.440897
1170	-4439.832	-5445.231	1005.399	1.550304	2.302545	6.846708
1176	-4429.489	-5437.193	1007.705	1.55135	2.469935	5.545217
1182	-4447.486	-5453.683	1006.197	1.512147	3.009363	6.255558
1188	-4455.446	-5460.082	1004.636	1.529587	2.92611	7.108826
1194	-4453.94	-5460.402	1006.462	1.547705	2.365779	6.254757
1200	-4451.086	-5455.901	1004.815	1.481387	2.928239	7.03783
1206	-4468.58	-5475.276	1006.696	1.502648	2.224307	6.192636
1212	-4450.352	-5455.766	1005.414	1.507453	2.674198	6.762705
1218	-4476.063	-5481.145	1005.081	1.572715	1.857103	7.142424
1224	-4454.718	-5459.645	1004.927	1.507694	2.437618	7.086531
1230	-4449.48	-5454.657	1005.177	1.514099	2.942069	6.822318
1236	-4423.704	-5428.987	1005.283	1.451491	2.84312	6.822318
1242	-4426.406	-5431.899	1005.493	1.409771	2.51365	6.814239
1248	-4425.499	-5430.344	1004.845	1.501172	2.716666	7.061868
1254	-4450.839	-5455.647	1004.808	1.445842	2.24153	7.238423
1260	-4453.583	-5458.505	1004.922	1.454791	2.788518	7.027925
1266	-4438.89	-5445.196	1006.307	1.45009	2.890549	6.257343
1272	-4439.462	-5444.603	1005.141	1.454827	3.352199	6.782975
1278	-4418.559	-5422.379	1003.82	1.406321	2.025262	7.853067
1284	-4428.434	-5433.051	1004.618	1.511917	2.328012	7.280646
1290	-4478.899	-5483.218	1004.318	1.442815	2.630935	7.397708
1296	-4485.364	-5490.602	1005.238	1.495135	3.222639	6.736184
1302	-4464.111	-5467.6	1003.49	1.342712	2.300284	7.982497
1308	-4445.96	-5449.642	1003.682	1.457802	2.841964	7.678687
1314	-4486.092	-5491.26	1005.169	1.391833	3.191855	6.836276
1320	-4456.532	-5462.122	1005.59	1.540145	2.465853	6.704132
1326	-4447.566	-5451.702	1004.136	1.55944	2.685555	7.419391
1332	-4450.567	-5455.882	1005.315	1.55446	2.157448	6.931835
1338	-4449.218	-5453.969	1004.751	1.535799	2.662967	7.107584
1344	-4464.912	-5468.835	1003.922	1.397667	3.300042	7.47994
1350	-4463.724	-5466.416	1002.693	1.410106	2.491203	8.319458
1356	-4463.708	-5467.682	1003.975	1.46358	2.966442	7.490081
1362	-4457.664	-5463.637	1005.973	1.51448	3.0708	6.361949
1368	-4462.054	-5468.015	1005.961	1.507437	3.044991	6.377828
1374	-4465.652	-5472.596	1006.944	1.628425	3.17532	5.746737
1380	-4483.502	-5490.787	1007.285	1.580493	3.069249	5.609973
1386	-4470.028	-5477.838	1007.811	1.677623	3.377236	5.198805
1392	-4482.46	-5489.318	1006.858	1.60649	2.782022	5.898236
1398	-4480.85	-5486.697	1005.847	1.546977	3.749431	6.271059
1404	-4473.366	-5480.202	1006.836	1.521163	2.601138	6.002207
1410	-4460.898	-5465.569	1004.671	1.546977	2.921688	7.081829
1416	-4469.798	-5471.527	1001.73	1.378586	2.723378	8.788776
1422	-4485.322	-5485.298	999.9757	1.295423	2.480641	9.820744
1428	-4472.185	-5471.565	999.38	1.231385	2.207798	10.24229
1434	-4466.427	-5465.807	999.3799	1.208955	2.207798	10.25413
1440	-4471.492	-5470.378	998.8859	1.200159	2.191718	10.52282
1446	-4475.22	-5476.21	1000.989	1.300348	2.028144	9.411277
1452	-4479.761	-5480.629	1000.868	1.23871	2.789509	9.30312
1458	-4468.536	-5471.253	1002.718	1.319447	2.878265	8.258538
1464	-4482.405	-5484.844	1002.439	1.377581	2.912818	8.367894
1470	-4470.133	-5474.282	1004.149	1.377581	3.199786	7.390571
1476	-4474.129	-5478.091	1003.962	1.37461	3.199786	7.492286
1482	-4481.169	-5485.933	1004.764	1.465732	3.284588	6.994523
1488	-4470.242	-5472.671	1002.429	1.296065	2.827393	8.436314
1494	-4450.961	-5454.788	1003.827	1.459103	2.740151	7.625259
1500	-4459.743	-5463.805	1004.062	1.478014	2.227481	7.625259
1506	-4454.302	-5458.987	1004.685	1.462133	2.764743	7.157471
1512	-4464.629	-5468.061	1003.432	1.462133	2.589223	7.872526
1518	-4463.417	-5467.456	1004.039	1.460075	3.063587	7.435447
1524	-4466.371	-5470.923	1004.551	1.433312	2.463169	7.321478
1530	-4461.45	-5465.616	1004.166	1.492203	2.57747	7.466516
1536	-4483.367	-5488.02	1004.654	1.433433	2.102568	7.368925
1542	-4476.307	-5480.489	1004.182	1.426716	2.965188	7.398734
1548	-4477.683	-5481.647	1003.964	1.415936	2.978607	7.518474
1554	-4495.148	-5499.947	1004.798	1.470625	2.620464	7.127731
1560	-4490.317	-5494.776	1004.459	1.512203	2.004089	7.461487
1566	-4484.727	-5489.749	1005.021	1.553026	2.833453	6.910658
1572	-4487.83	-5494.075	1006.245	1.555148	2.974141	6.214019
1578	-4474.836	-5481.057	1006.221	1.544063	3.057628	6.214019
1584	-4492.716	-5494.362	1001.646	1.367821	2.54748	8.882878
1590	-4487.742	-5490.431	1002.69	1.381551	2.923472	8.229937
1596	-4488.549	-5493.133	1004.585	1.508048	2.780556	7.18262
1602	-4486.562	-5492.13	1005.568	1.5622	2.517737	6.690159
1608	-4476.574	-5481.911	1005.337	1.443039	2.529829	6.875776
1614	-4487.585	-5492.852	1005.267	1.39025	3.260538	6.769355
1620	-4467.199	-5473.671	1006.472	1.473377	2.868788	6.159913
1626	-4479.796	-5485.218	1005.422	1.503491	2.858633	6.715096
1632	-4486.553	-5492.878	1006.326	1.444771	2.606718	6.320186
1638	-4472.733	-5477.442	1004.709	1.451684	2.729295	7.158539
1644	-4476.799	-5482.826	1006.027	1.487015	2.706566	6.433707
1650	-4471.545	-5477.739	1006.194	1.478954	2.834049	6.316311
1656	-4484.773	-5490.865	1006.092	1.50521	2.431155	6.460581
1662	-4477.757	-5483.912	1006.155	1.472132	2.481961	6.430961
1668	-4466.511	-5472.949	1006.438	1.491679	3.217826	6.088696
1674	-4464.215	-5469.667	1005.452	1.45715	3.217826	6.642391
1680	-4473.103	-5478.601	1005.498	1.490218	2.875454	6.677111
1686	-4474.297	-5478.442	1004.146	1.428638	3.366153	7.329828
1692	-4484.076	-5488.38	1004.304	1.506986	2.190355	7.490715
1698	-4466.206	-5471.545	1005.339	1.427613	2.159262	6.986612
1704	-4458.263	-5460.074	1001.811	1.304452	3.163024	8.684365
1710	-4459.306	-5462.722	1003.416	1.3204	3.151326	7.82384
1716	-4476.107	-5477.608	1001.501	1.332727	3.025349	8.864164
1722	-4478.563	-5481.525	1002.962	1.346675	2.765806	8.140922
1728	-4475.682	-5478.773	1003.091	1.380104	2.424059	8.140922
1734	-4464.115	-5468.658	1004.544	1.455747	2.548954	7.290899
1740	-4461.59	-5466.49	1004.9	1.549896	2.925757	6.955987
1746	-4482.958	-5488.435	1005.477	1.539219	2.572896	6.737197
1752	-4455.691	-5462.745	1007.054	1.616908	2.455761	5.869632
1758	-4473.381	-5480.706	1007.325	1.61278	2.464717	5.721378
1764	-4458.787	-5463.409	1004.623	1.47007	2.606963	7.225838
1770	-4473.888	-5478.193	1004.305	1.417071	2.953745	7.340703
1776	-4434.589	-5438.419	1003.83	1.401866	2.79188	7.641724
1782	-4452.92	-5454.243	1001.322	1.386609	2.441378	9.072131
1788	-4450.051	-5453.3	1003.249	1.46579	2.530879	7.983029
1794	-4441.423	-5445.184	1003.761	1.437535	2.52336	7.726739
1800	-4443.9	-5446.418	1002.518	1.479977	2.52336	8.366781
1806	-4458.178	-5459.638	1001.46	1.409921	2.189057	9.05647
1812	-4444.749	-5447.755	1003.006	1.440151	2.15331	8.230455
1818	-4445.438	-5447.909	1002.471	1.402796	2.373859	8.472516
1824	-4459.93	-5462.072	1002.142	1.329699	2.196941	8.735522
1830	-4460.133	-5461.248	1001.115	1.292239	2.719559	9.160895
1836	-4458.737	-5462.202	1003.466	1.386053	2.89916	7.819381
1842	-4458.004	-5463.4	1005.396	1.400359	2.824756	6.793274
1848	-4436.705	-5440.825	1004.119	1.400359	2.581528	7.539748
1854	-4441.812	-5445.844	1004.032	1.403113	2.803054	7.530077
1860	-4457.068	-5462.583	1005.515	1.456574	2.771303	6.711498
1866	-4460.019	-5466.482	1006.463	1.546755	2.717843	6.161638
1872	-4439.128	-5444.849	1005.721	1.491348	3.225735	6.476482
1878	-4457.204	-5462.698	1005.493	1.460271	3.757461	6.508254
1884	-4467.66	-5473.094	1005.434	1.454274	2.524703	6.818773
1890	-4461.123	-5465.798	1004.675	1.433346	3.208881	7.075949
1896	-4455.007	-5461.037	1006.03	1.504546	1.900362	6.653351
1902	-4441.811	-5445.862	1004.051	1.417502	2.794591	7.514288
1908	-4446.613	-5451.474	1004.86	1.422002	2.46445	7.161215
1914	-4457.788	-5460.985	1003.197	1.356079	2.528607	8.069878
1920	-4477.743	-5480.67	1002.926	1.376524	2.387502	8.240672
1926	-4466.319	-5469.278	1002.959	1.386794	2.402976	8.21378
1932	-4481.926	-5483.05	1001.124	1.321188	2.06966	9.316385
1938	-4471.859	-5473.009	1001.15	1.333051	2.636939	9.141322
1944	-4452.983	-5457.264	1004.281	1.386662	2.636939	7.446405
1950	-4451.705	-5455.198	1003.492	1.39782	3.044032	7.765622
1956	-4467.491	-5472.615	1005.124	1.435804	2.982501	6.883835
1962	-4463.24	-5466.513	1003.272	1.435804	2.760961	7.928773
1968	-4449.78	-5451.951	1002.171	1.366603	2.881366	8.523481
1974	-4449.084	-5452.017	1002.933	1.395485	3.178388	8.035859
1980	-4458.97	-5461.795	1002.825	1.372176	1.92522	8.433134
1986	-4458.748	-5461.362	1002.614	1.372176	2.2802	8.438599
1992	-4472.257	-5474.78	1002.523	1.483551	2.497456	8.368667
1998	-4471.386	-5473.981	1002.595	1.468587	2.497456	8.33848
2004	-4465.356	-5470.709	1005.352	1.527608	2.59514	6.805062
2010	-4476.692	-5480.598	1003.906	1.51378	2.627155	7.581575
2016	-4477.904	-5482.758	1004.855	1.499601	2.394649	7.14139
2022	-4464.598	-5470.357	1005.759	1.489258	2.236339	6.70443
2028	-4484.775	-5488.356	1003.581	1.489258	2.722178	7.745061
2034	-4496.52	-5501.345	1004.825	1.481563	2.942159	7.029186
2040	-4458.249	-5462.067	1003.818	1.467386	2.456565	7.697949
2046	-4441.705	-5445.664	1003.958	1.425008	2.413659	7.656922
2052	-4431.668	-5436.177	1004.509	1.419936	2.078526	7.460935
2058	-4432.315	-5437.56	1005.246	1.548813	3.08743	6.73318
2064	-4450.967	-5457.573	1006.606	1.54151	2.079156	6.264093
2070	-4475.86	-5483.772	1007.912	1.654549	2.844816	5.277305
2076	-4469.724	-5476.614	1006.89	1.573204	2.367019	6.007577
2082	-4469.972	-5471.832	1001.86	1.330618	2.225965	8.876308
2088	-4463.375	-5468.632	1005.257	1.463921	2.553394	6.901904
2094	-4452.224	-5458.25	1006.026	1.468522	3.20957	6.326821
2100	-4453.68	-5457.896	1004.216	1.399761	2.395945	7.537307
2106	-4451.665	-5455.495	1003.83	1.399761	2.178579	7.80532
2112	-4446.801	-5450.328	1003.526	1.349518	2.903717	7.80532
2118	-4447.855	-5449.901	1002.046	1.327839	2.538236	8.694461
2124	-4462.363	-5462.835	1000.472	1.202016	1.908023	9.773725
2130	-4472.688	-5474.578	1001.89	1.390987	2.252707	8.820783
2136	-4462.928	-5462.96	1000.032	1.317167	2.314645	9.824232
2142	-4484.676	-5485.831	1001.155	1.317396	2.027846	9.31482
2148	-4483.935	-5487.27	1003.335	1.305047	3.085685	7.889973
2154	-4464.135	-5467.094	1002.959	1.351628	2.803629	8.130432
2160	-4458.929	-5461.974	1003.045	1.362035	2.595939	8.130432
2166	-4437.37	-5438.413	1001.043	1.280549	2.614003	9.231282
2172	-4455.343	-5457.7	1002.357	1.427011	2.404553	8.511812
2178	-4459.529	-5463.847	1004.318	1.436103	2.480957	7.440236
2184	-4477.813	-5479.92	1002.107	1.384235	1.549358	8.938778
2190	-4467.703	-5470.474	1002.771	1.390701	1.501679	8.601547
2196	-4478.589	-5480.615	1002.026	1.390701	2.510619	8.678745
2202	-4469.877	-5471.328	1001.451	1.302563	2.145411	9.130812
2208	-4478.093	-5481.447	1003.354	1.360811	2.32183	8.039162
2214	-4468.863	-5472.17	1003.307	1.423361	2.229292	8.056904
2220	-4483.838	-5489.316	1005.478	1.429684	1.821923	7.017657
2226	-4488.227	-5491.005	1002.777	1.462115	2.167155	8.336386
2232	-4479.084	-5480.578	1001.495	1.297772	2.429269	9.030918
2238	-4470.486	-5472.414	1001.928	1.319863	3.079687	8.632107
2244	-4491.456	-5496.726	1005.27	1.380623	2.205558	7.035592
2250	-4461.908	-5466.981	1005.073	1.395903	2.969519	6.935464
2256	-4440.728	-5444.622	1003.894	1.362808	2.601652	7.675288
2262	-4470.413	-5473.615	1003.202	1.399501	3.012412	7.926669
2268	-4459.884	-5463.211	1003.327	1.376574	2.780973	7.926669
2274	-4482.078	-5488.601	1006.523	1.521633	2.792532	6.124397
2280	-4472.719	-5478.919	1006.2	1.558861	2.925017	6.247728
2286	-4496.115	-5503.07	1006.955	1.558861	2.739048	5.881761
2292	-4467.858	-5469.652	1001.794	1.266455	2.664581	8.828611
2298	-4456.524	-5458.289	1001.765	1.281391	2.973438	8.76286
2304	-4457.178	-5457.651	1000.473	1.287577	2.99757	9.437939
2310	-4455.853	-5455.821	999.9675	1.240625	2.296108	9.903509
2316	-4452.808	-5452.73	999.9224	1.290596	2.213753	9.924072
2322	-4482.454	-5484.402	1001.948	1.329276	2.740945	8.69502
2328	-4478.63	-5479.161	1000.531	1.287342	2.447541	9.540851
2334	-4458.251	-5459.732	1001.481	1.301145	2.260652	9.082684
2340	-4447.805	-5447.038	999.2334	1.270816	1.834931	10.41282
2346	-4466.019	-5463.545	997.5258	1.253429	2.094911	11.23594
2352	-4482.79	-5481.988	999.1982	1.34081	2.367199	10.23612
2358	-4450.047	-5449.996	999.9489	1.308095	2.367402	9.858276
2364	-4431.196	-5431.264	1000.068	1.274977	2.240561	9.848243
2370	-4452.067	-5454.921	1002.855	1.255621	2.569451	8.295158
2376	-4442.608	-5442.567	999.9583	1.199307	2.389628	9.904645
2382	-4459.787	-5458.511	998.7242	1.204812	2.406384	10.54602
2388	-4478.581	-5477.419	998.8387	1.120645	2.347174	10.54602
2394	-4466.863	-5468.795	1001.932	1.327932	2.837241	8.681338
2400	-4468.33	-5472.23	1003.9	1.429914	2.158179	7.757688
2406	-4487.016	-5491.702	1004.687	1.440399	2.680137	7.189025
2412	-4483.039	-5484.815	1001.776	1.313562	3.392824	8.649963
2418	-4467.49	-5469.87	1002.38	1.351823	2.021509	8.649963
2424	-4464.415	-5466.66	1002.245	1.305676	2.264881	8.674425
2430	-4468.558	-5472.697	1004.139	1.407523	2.42424	7.566871
2436	-4463.974	-5469.553	1005.578	1.40724	2.944724	6.662566
2442	-4448.712	-5453.792	1005.08	1.460462	2.960098	6.899044
2448	-4457.217	-5462.559	1005.342	1.438875	2.756074	6.818113
2454	-4459.102	-5464.223	1005.12	1.447879	2.795333	6.923365
2460	-4440.876	-5444.303	1003.427	1.39489	3.139173	7.781033
2466	-4430.701	-5435.173	1004.472	1.39489	2.673197	7.330587
2472	-4423.275	-5427.246	1003.97	1.362315	2.823078	7.580127
2478	-4423.389	-5427.929	1004.54	1.459552	2.3616	7.341117
2484	-4431.969	-5435.699	1003.73	1.333816	3.072839	7.666377
2490	-4436.753	-5440.848	1004.095	1.395911	2.734812	7.516642
2496	-4430.659	-5434.798	1004.14	1.359187	2.717988	7.516642
2502	-4440.092	-5444.391	1004.299	1.393922	2.155271	7.564469
2508	-4457.649	-5461.574	1003.925	1.382293	2.684591	7.627672
2514	-4458.022	-5460.561	1002.539	1.316601	2.883033	8.354001
2520	-4453.576	-5454.571	1000.994	1.299826	2.411554	9.299273
2526	-4455.238	-5454.502	999.2633	1.22108	2.707629	10.17781
2532	-4451.868	-5453.709	1001.841	1.279168	2.300891	8.892648
2538	-4455.048	-5456.239	1001.19	1.316687	2.142169	9.262329
2544	-4464.844	-5466.576	1001.732	1.291633	2.752378	8.826847
2550	-4456.596	-5459.69	1003.094	1.354947	2.099542	8.244901
2556	-4457.305	-5459.284	1001.979	1.320117	2.332259	8.788986
2562	-4468.919	-5467.391	998.4718	1.312494	2.526224	10.59072
2568	-4444.545	-5446.736	1002.191	1.33644	2.526224	8.615827
2574	-4453.718	-5456.425	1002.707	1.286649	3.064052	8.239422
2580	-4459.452	-5462.939	1003.487	1.388147	2.344651	7.947275
2586	-4448.809	-5452.455	1003.646	1.388147	3.238799	7.646225
2592	-4463.078	-5465.502	1002.424	1.358815	2.819289	8.407912
2598	-4472.946	-5474.966	1002.02	1.306672	2.389798	8.75851
2604	-4477.909	-5478.305	1000.396	1.257762	2.581281	9.593005
2610	-4476.426	-5483.013	1006.587	1.579528	2.915815	6.027977
2616	-4457.132	-5463.164	1006.032	1.465693	2.529122	6.488157
2622	-4452.341	-5458.754	1006.413	1.54788	2.930673	6.136502
2628	-4480.701	-5488.458	1007.757	1.54788	3.203876	5.338093
2634	-4487.578	-5491.698	1004.12	1.440898	2.802736	7.462994
2640	-4479.903	-5486.136	1006.233	1.50848	2.802736	6.286975
2646	-4480.352	-5486.144	1005.792	1.457866	2.825053	6.547971
2652	-4486.003	-5491.744	1005.741	1.495448	2.891948	6.53895
2658	-4477.219	-5482.312	1005.093	1.438792	3.602397	6.766455
2664	-4473.401	-5478.193	1004.792	1.401875	3.559924	6.957202
2670	-4462.072	-5465.538	1003.466	1.346933	2.561616	7.922698
2676	-4433.396	-5436.685	1003.288	1.325113	2.768134	7.977766
2682	-4437.604	-5443.101	1005.497	1.457035	2.560884	6.773827
2688	-4452.416	-5458.343	1005.926	1.475521	3.431182	6.330134
2694	-4466.375	-5472.505	1006.13	1.496864	2.537478	6.416288
2700	-4467.789	-5474.237	1006.448	1.534029	2.926888	6.126214
2706	-4463.676	-5469.539	1005.863	1.49367	2.615624	6.542229
2712	-4464.576	-5469.735	1005.158	1.506504	2.773421	6.876522
2718	-4452.597	-5457.455	1004.859	1.439679	2.239741	7.214986
2724	-4452.613	-5454.79	1002.177	1.374374	2.865286	8.52001
2730	-4467.6	-5465.669	998.0692	1.264969	2.582271	10.81263
2736	-4464.397	-5464.431	1000.034	1.266032	1.811484	10.00192
2742	-4483.265	-5489.369	1006.104	1.459009	2.566325	6.442951
2748	-4496.141	-5502.212	1006.07	1.487919	3.365385	6.258986
2754	-4483.083	-5489.306	1006.223	1.538984	2.870553	6.258986
2760	-4454.423	-5457.179	1002.757	1.338329	3.048356	8.188925
2766	-4443.563	-5448.042	1004.479	1.323882	3.048356	7.275571
2772	-4483.903	-5489.581	1005.678	1.504814	1.803046	6.876052
2778	-4462.299	-5467.34	1005.041	1.495962	2.715968	6.959689
2784	-4453.029	-5457.732	1004.703	1.481333	1.894681	7.381997
2790	-4464.815	-5471.509	1006.694	1.581592	2.573902	6.053878
2796	-4451.082	-5459.283	1008.2	1.621614	2.794874	5.148303
2802	-4476.381	-5484.148	1007.767	1.617969	2.780562	5.393504
2808	-4463.836	-5472.256	1008.42	1.708353	2.982642	4.932853
2814	-4454.979	-5461.643	1006.664	1.508507	3.14897	5.971329
2820	-4455.17	-5463.274	1008.105	1.672472	2.682003	5.201698
2826	-4474.498	-5482.178	1007.68	1.668923	3.672021	5.215345
2832	-4460.137	-5468.637	1008.499	1.671454	2.610376	5.002238
2838	-4454.41	-5463.532	1009.122	1.808999	3.651225	4.335496
2844	-4469.504	-5479.276	1009.772	1.808999	2.801799	4.160896
2850	-4430.415	-5440.189	1009.775	1.761446	2.902628	4.160896
2856	-4438.615	-5447.708	1009.093	1.695736	3.535664	4.439517
2862	-4439.441	-5448.604	1009.163	1.728477	3.269091	4.439517
2868	-4446.156	-5455.409	1009.253	1.723484	3.533614	4.334174
2874	-4459.456	-5468.764	1009.308	1.733176	3.533614	4.297408
2880	-4455.206	-5465.269	1010.063	1.833051	3.042099	3.921529
2886	-4446.467	-5454.882	1008.415	1.716555	3.000266	4.926674
2892	-4458.761	-5467.842	1009.08	1.716555	2.914125	4.575483
2898	-4447.623	-5455.784	1008.161	1.68551	3.34091	5.008374
2904	-4465.627	-5474.608	1008.981	1.724133	3.083611	4.586495
2910	-4465.008	-5473.496	1008.489	1.758014	3.301608	4.793777
2916	-4459.082	-5467.857	1008.774	1.7545	3.559112	4.580898
2922	-4460.523	-5468.971	1008.448	1.694406	2.561377	5.030819
2928	-4467.902	-5476.794	1008.892	1.75533	2.742106	4.702247
2934	-4455.812	-5463.599	1007.787	1.693486	2.598049	5.387088
2940	-4482.769	-5490.506	1007.737	1.678202	2.738768	5.387088
2946	-4477.785	-5485.876	1008.091	1.73229	3.254521	5.03996
2952	-4474.806	-5483.083	1008.277	1.716469	2.849263	5.03996
2958	-4464.61	-5473.609	1008.999	1.771292	2.868509	4.601699
2964	-4456.551	-5466.074	1009.522	1.775271	3.350352	4.191728
2970	-4460.366	-5470.068	1009.702	1.813798	3.674525	3.998615
2976	-4473.501	-5483.091	1009.59	1.813798	3.519014	4.095133
2982	-4463.235	-5472.952	1009.717	1.777051	3.15243	4.125079
2988	-4458.951	-5468.752	1009.801	1.865492	3.157633	4.025263
2994	-4456.456	-5466.437	1009.98	1.800726	3.535936	3.875697
3000	-4469.714	-5479.741	1010.027	1.856862	3.113371	3.911469
3006	-4467.879	-5477.435	1009.556	1.857186	3.348478	4.126607
3012	-4458.794	-5469.375	1010.581	1.924858	2.788921	3.633529
3018	-4468.611	-5478.875	1010.264	1.861156	3.271323	3.736091
3024	-4467.921	-5478.619	1010.698	1.94103	2.716524	3.575587
3030	-4464.605	-5475.134	1010.53	1.965677	2.987968	3.589101
3036	-4449.792	-5460.763	1010.971	1.989732	2.781612	3.369842
3042	-4447.214	-5457.277	1010.064	1.88834	2.239636	4.106363
3048	-4466.065	-5476.076	1010.01	1.948617	2.729672	3.963961
3054	-4461.314	-5471.947	1010.633	1.984713	2.272086	3.714938
3060	-4444.22	-5454.675	1010.455	1.886638	2.695219	3.753241
3066	-4438.87	-5448.919	1010.049	1.830236	3.318783	3.866824
3072	-4454.833	-5464.404	1009.571	1.84076	3.318783	4.134148
3078	-4473.116	-5482.822	1009.707	1.84076	4.000337	3.915436
3084	-4482.607	-5492.585	1009.978	1.820321	2.804683	4.036066
3090	-4472.886	-5481.626	1008.74	1.71827	3.359682	4.662749
3096	-4483.906	-5491.936	1008.03	1.690792	3.309685	5.08462
3102	-4487.211	-5495.335	1008.124	1.634829	1.984117	5.412808
3108	-4467.237	-5475.218	1007.981	1.652555	3.07212	5.185966
3114	-4475.344	-5483.877	1008.533	1.723773	3.309208	4.786624
3120	-4487.633	-5495.344	1007.712	1.678621	2.863055	5.370162
3126	-4486.793	-5494.451	1007.657	1.697946	2.942989	5.370162
3132	-4493.039	-5501.597	1008.558	1.660976	2.175363	5.098693
3138	-4502.525	-5510.86	1008.335	1.660409	2.519473	5.123772
3144	-4480.241	-5482.449	1002.208	1.304346	2.407938	8.655333
3150	-4469.537	-5471.451	1001.914	1.356413	2.407938	8.783643
3156	-4482.609	-5482.327	999.7183	1.253195	1.985775	10.11897
3162	-4461.528	-5463.156	1001.628	1.326172	2.050035	9.053305
3168	-4467.822	-5470.06	1002.237	1.417802	2.314824	8.604869
3174	-4445.301	-5447.916	1002.615	1.364151	1.832047	8.579234
3180	-4447.679	-5451.129	1003.45	1.357488	1.566588	8.233225
3186	-4445.272	-5447.148	1001.875	1.406793	2.306525	8.805013
3192	-4456.019	-5456.994	1000.975	1.359195	2.312858	9.305047
3198	-4455.747	-5459.03	1003.283	1.434365	2.248443	8.058539
3204	-4450.567	-5452.901	1002.334	1.350015	2.248443	8.607914
3210	-4457.679	-5459.931	1002.253	1.35626	2.133666	8.681297
3216	-4458.553	-5461.326	1002.773	1.391744	2.454174	8.296205
3222	-4467.85	-5468.47	1000.62	1.2953	2.454174	9.488031
3228	-4465.685	-5466.265	1000.58	1.2953	2.535394	9.488031
3234	-4449.964	-5450.804	1000.84	1.309436	2.018429	9.488031
3240	-4457.107	-5457.163	1000.056	1.309436	2.292406	9.821593
3246	-4467.725	-5468.941	1001.217	1.317198	1.905604	9.320769
3252	-4461.328	-5460.823	999.4952	1.287077	1.905604	10.24376
3258	-4471.714	-5472.998	1001.284	1.366316	1.905604	9.259189
3264	-4462.636	-5463.479	1000.843	1.366949	1.551425	9.614987
3270	-4463.933	-5464.865	1000.933	1.402916	1.970724	9.40486
3276	-4454.722	-5457.144	1002.422	1.383458	2.277264	8.5353
3282	-4454.88	-5458.739	1003.859	1.498819	1.356654	8.024088
3288	-4452.609	-5457.737	1005.128	1.55615	1.597351	7.218346
3294	-4441.865	-5445.786	1003.921	1.445515	1.997886	7.78681
3300	-4477.623	-5481.765	1004.142	1.399868	2.542624	7.538067
3306	-4479.204	-5483.412	1004.209	1.385365	2.436383	7.538067
3312	-4489.528	-5494.866	1005.338	1.449875	2.436383	6.896668
3318	-4482.056	-5487.508	1005.452	1.370624	2.251128	6.929664
3324	-4466.527	-5472.374	1005.847	1.414527	3.149083	6.466663
3330	-4439.556	-5444.03	1004.475	1.449765	2.366337	7.380064
3336	-4450.07	-5454.469	1004.399	1.453639	2.863407	7.291945
3342	-4436.504	-5440.288	1003.785	1.398085	2.546818	7.728977
3348	-4440.277	-5444.152	1003.875	1.507082	2.18248	7.72259
3354	-4460.934	-5463.466	1002.533	1.46916	2.199073	8.453547
3360	-4475.918	-5478.963	1003.045	1.416228	2.310261	8.177766
3366	-4479.752	-5483.036	1003.284	1.462759	2.087434	8.08998
3372	-4475.679	-5480.321	1004.642	1.525103	2.087434	7.330722
3378	-4470.61	-5476.009	1005.399	1.615628	2.131149	6.86151
3384	-4454.949	-5455.648	1000.698	1.414868	2.496723	9.372432
3390	-4460.495	-5461.784	1001.289	1.472065	2.399571	9.0555
3396	-4471.465	-5475.189	1003.724	1.516635	2.03264	7.843233
3402	-4463.167	-5467.627	1004.46	1.537062	2.485537	7.309116
3408	-4480.323	-5485.358	1005.035	1.569671	2.484806	6.982545
3414	-4473.801	-5479.327	1005.526	1.62899	2.981998	6.562222
3420	-4478.268	-5482.668	1004.4	1.510298	2.594473	7.326875
3426	-4474.418	-5479.918	1005.5	1.486788	3.218259	6.600369
3432	-4476.299	-5479.004	1002.705	1.394983	2.295021	8.373869
3438	-4486.647	-5486.679	1000.032	1.386548	2.679225	9.693043
3444	-4467.693	-5472.543	1004.85	1.477034	2.909267	7.02579
3450	-4471.529	-5476.422	1004.893	1.493065	2.472316	7.103547
3456	-4464.788	-5468.454	1003.666	1.426805	2.71352	7.734885
3462	-4469.142	-5470.151	1001.009	1.321168	2.866357	9.166902
3468	-4466.638	-5468.67	1002.032	1.444183	2.262934	8.714255
3474	-4453.838	-5457.209	1003.371	1.336043	2.854761	7.907019
3480	-4458.178	-5460.525	1002.347	1.336043	2.673788	8.496119
3486	-4477.671	-5481.759	1004.088	1.4902	2.749454	7.466543
3492	-4476.904	-5481.96	1005.057	1.491181	2.369551	7.044205
3498	-4472.72	-5477.272	1004.552	1.491181	2.821632	7.199429
3504	-4470.504	-5476.339	1005.835	1.491181	1.5884	6.875855
3510	-4460.093	-5464.904	1004.81	1.57728	1.497022	7.415968
3516	-4455.326	-5460.214	1004.888	1.485518	2.836284	7.018271
3522	-4460.38	-5466.064	1005.683	1.485518	2.734083	6.613903
3528	-4463.127	-5469.198	1006.071	1.516164	3.052472	6.311643
3534	-4480.964	-5487.579	1006.615	1.569551	2.764817	6.055092
3540	-4498.026	-5504.518	1006.493	1.521336	3.407118	6.002141
3546	-4467.871	-5473.165	1005.294	1.430618	2.906725	6.812435
3552	-4501.717	-5506.998	1005.281	1.395743	2.782039	6.867942
3558	-4478.509	-5481.25	1002.741	1.447823	2.259409	8.336841
3564	-4475.517	-5477.723	1002.206	1.356605	2.245956	8.673097
3570	-4459.514	-5459.261	999.7466	1.393074	1.8445	10.07561
3576	-4460.769	-5461.104	1000.336	1.413571	1.999971	9.704946
3582	-4482.029	-5483.647	1001.619	1.481874	1.761626	9.068921
3588	-4491.621	-5492.054	1000.433	1.459198	2.144373	9.586103
3594	-4478.786	-5481.675	1002.889	1.396164	2.213995	8.298471
3600	-4486.348	-5489.177	1002.829	1.384761	2.863743	8.167812
3606	-4487.494	-5490.238	1002.744	1.312392	2.275052	8.402924
3612	-4487.603	-5489.33	1001.727	1.366923	2.436756	8.869543
3618	-4492.571	-5494.798	1002.227	1.385909	1.828206	8.774954
3624	-4475.786	-5479.011	1003.225	1.381469	2.447791	8.062794
3630	-4483.486	-5485.224	1001.738	1.311921	1.791259	9.085485
3636	-4457.99	-5459.105	1001.115	1.3331	1.984929	9.340848
3642	-4441.963	-5441.262	999.299	1.267031	2.423108	10.20696
3648	-4449.69	-5450.281	1000.591	1.264829	2.248041	9.575603
3654	-4459.676	-5460.091	1000.415	1.264829	2.279438	9.659533
3660	-4470.308	-5471.775	1001.468	1.261723	1.653042	9.303217
3666	-4458.636	-5460.265	1001.629	1.323947	2.117954	9.03374
3672	-4456.595	-5459.407	1002.812	1.359339	2.455105	8.292361
3678	-4483.848	-5485.896	1002.048	1.327372	2.601716	8.677146
3684	-4474.347	-5476.982	1002.635	1.328846	2.641332	8.354988
3690	-4455.774	-5455.599	999.8251	1.286387	2.548326	9.887429
3696	-4474.073	-5474.993	1000.92	1.236184	2.337591	9.392338
3702	-4495.67	-5499.504	1003.835	1.410794	3.195859	7.542211
3708	-4508.25	-5513.064	1004.814	1.408436	3.004491	7.060129
3714	-4461.776	-5462.813	1001.037	1.326113	2.70066	9.188937
3720	-4463.206	-5465.694	1002.488	1.326113	2.601918	8.444497
3726	-4455.442	-5458.524	1003.082	1.362327	2.230997	8.20871
3732	-4434.981	-5439.199	1004.219	1.468353	2.529785	7.463571
3738	-4440.349	-5445.712	1005.364	1.461814	2.883168	6.763515
3744	-4445.019	-5450.089	1005.071	1.518357	3.402554	6.776194
3750	-4440.748	-5445.428	1004.68	1.518357	3.053646	7.061832
3756	-4457.096	-5462.49	1005.394	1.516171	3.265245	6.631489
3762	-4443.167	-5448.406	1005.239	1.468725	2.344401	6.965262
3768	-4443.172	-5448.161	1004.989	1.446309	2.919242	6.965262
3774	-4450.748	-5455.69	1004.942	1.488188	2.372422	7.106902
3780	-4460.728	-5465.356	1004.628	1.478613	3.652624	6.986226
3786	-4446.736	-5448.744	1002.008	1.304932	3.077811	8.598225
3792	-4452.765	-5454.214	1001.449	1.328225	2.880912	8.926786
3798	-4450.215	-5451.818	1001.604	1.262737	2.828971	8.891704
3804	-4448.366	-5449.482	1001.117	1.302013	2.177233	9.298731
3810	-4452.105	-5451.658	999.5537	1.254201	2.542552	10.0487
3816	-4448.499	-5448.05	999.5511	1.280267	2.494528	10.0487
3822	-4452.572	-5450.963	998.3914	1.173082	2.493179	10.71455
3828	-4443.527	-5443.785	1000.257	1.209019	3.335301	9.520552
3834	-4442.99	-5444.521	1001.53	1.296308	2.750989	8.931515
3840	-4438.043	-5442.968	1004.925	1.368242	2.933992	7.038205
3846	-4454.802	-5460.306	1005.503	1.405804	2.885339	6.717694
3852	-4473.798	-5479.545	1005.746	1.496326	2.39035	6.663765
3858	-4462.619	-5467.852	1005.233	1.409318	2.601558	6.9317
3864	-4465.649	-5468.717	1003.068	1.333288	2.393171	8.186887
3870	-4457.503	-5461.699	1004.196	1.371348	3.797047	7.248412
3876	-4462.603	-5467.142	1004.539	1.388251	3.247163	7.165341
3882	-4472.097	-5476.299	1004.201	1.313654	2.769841	7.495236
3888	-4482.046	-5487.426	1005.379	1.448106	2.96415	6.743334
3894	-4490.464	-5494.72	1004.256	1.438403	3.414709	7.255134
3900	-4501.859	-5506.015	1004.156	1.3679	2.908517	7.457397
3906	-4481.629	-5485.972	1004.343	1.3679	2.782711	7.387137
3912	-4445.919	-5452.194	1006.275	1.481414	2.782711	6.283763
3918	-4452.422	-5457.934	1005.512	1.444625	3.109641	6.640254
3924	-4463.972	-5467.607	1003.635	1.415383	3.880114	7.51001
3930	-4462.586	-5465.749	1003.162	1.333542	2.970771	7.992703
3936	-4455.983	-5457.969	1001.986	1.353561	2.404794	8.747907
3942	-4450.348	-5453.72	1003.372	1.316079	2.606192	7.978085
3948	-4457.867	-5461.42	1003.553	1.342427	2.632924	7.860643
3954	-4453.209	-5456.461	1003.252	1.319473	2.535021	8.058592
3960	-4468.702	-5472.786	1004.084	1.379857	2.591615	7.567152
3966	-4461.747	-5465.728	1003.981	1.392844	2.76125	7.573137
3972	-4467.568	-5472.603	1005.035	1.392844	3.455335	6.852316
3978	-4474.398	-5479.225	1004.827	1.389934	3.247947	7.009473
3984	-4490.712	-5495.232	1004.52	1.447664	3.403572	7.110691
3990	-4499.23	-5497.499	998.269	1.17277	1.772173	10.99102
3996	-4492.784	-5491.865	999.0805	1.159735	2.575021	10.33893
4002	-4474.327	-5478.105	1003.778	1.397102	2.642676	7.708484
4008	-4477.331	-5479.266	1001.935	1.317652	2.911977	8.667699
4014	-4477.15	-5480.332	1003.181	1.295465	2.988825	7.998885
4020	-4481.675	-5487.486	1005.811	1.423781	2.662281	6.596095
4026	-4469.407	-5475.121	1005.713	1.493733	2.943663	6.54283
4032	-4456.573	-5462.07	1005.497	1.455271	2.907265	6.689473
4038	-4465.796	-5468.335	1002.539	1.423003	2.116615	8.498602
4044	-4494.162	-5497.027	1002.864	1.416332	1.666246	8.476754
4050	-4479.851	-5480.702	1000.85	1.342306	2.971976	9.215315
4056	-4461.727	-5462.549	1000.823	1.370027	2.971976	9.215315
4062	-4457.885	-5461.682	1003.797	1.433568	3.007151	7.592062
4068	-4454.958	-5460.259	1005.302	1.483863	3.236551	6.705174
4074	-4459.629	-5463.84	1004.211	1.432935	2.918038	7.3908
4080	-4470.86	-5476.317	1005.456	1.527682	2.87138	6.680524
4086	-4458.96	-5466.036	1007.077	1.471226	2.905878	5.822248
4092	-4458.66	-5465.522	1006.863	1.507078	2.932245	5.91328
4098	-4456.716	-5462.671	1005.955	1.472185	2.953482	6.421205
4104	-4485.837	-5491.144	1005.308	1.478038	2.953482	6.768342
4110	-4526.932	-5527.971	1001.039	1.25019	2.634359	9.24434
4116	-4504.344	-5505.207	1000.863	1.218337	3.104905	9.24434
4122	-4481.914	-5487.503	1005.589	1.457018	3.297014	6.551328
4128	-4457.348	-5461.746	1004.399	1.404258	2.800424	7.333612
4134	-4457.086	-5463.077	1005.991	1.452837	2.858072	6.434818
4140	-4460.624	-5464.061	1003.437	1.416408	3.123968	7.767754
4146	-4466.264	-5470.509	1004.245	1.417135	3.066562	7.347281
4152	-4459.257	-5463.262	1004.005	1.357362	2.691977	7.596386
4158	-4464.069	-5467.198	1003.13	1.394751	3.442375	7.875899
4164	-4460.872	-5465.795	1004.923	1.479925	3.701399	6.816855
4170	-4470.015	-5476.144	1006.129	1.471	3.701399	6.168287
4176	-4455.554	-5461.485	1005.931	1.487048	3.318821	6.344879
4182	-4461.941	-5466.589	1004.647	1.44753	2.795853	7.177913
4188	-4451.028	-5454.019	1002.99	1.400559	3.022872	8.036947
4194	-4452.566	-5456.329	1003.762	1.397159	3.022872	7.626356
4200	-4462.204	-5465.77	1003.567	1.372369	2.765139	7.804428
4206	-4482.375	-5486.434	1004.059	1.465801	2.497695	7.558858
4212	-4488.366	-5492.443	1004.076	1.446299	2.821285	7.478755
4218	-4479.905	-5485.562	1005.656	1.497548	3.101022	6.535795
4224	-4459.723	-5463.822	1004.099	1.370314	2.950051	7.477097
4230	-4444.343	-5447.436	1003.093	1.379956	2.950051	8.009744
4236	-4460.65	-5464.92	1004.27	1.412323	2.950051	7.362753
4242	-4462.38	-5469.582	1007.202	1.551493	2.95585	5.698056
4248	-4450.261	-5457.374	1007.113	1.55768	2.826705	5.774523
4254	-4457.214	-5464.738	1007.524	1.562931	2.941965	5.518213
4260	-4472.58	-5480.516	1007.936	1.627916	2.902442	5.264812
4266	-4471.811	-5479.105	1007.294	1.615325	2.983815	5.606123
4272	-4459.865	-5467.718	1007.853	1.615325	3.47475	5.189511
4278	-4451.895	-5459.788	1007.893	1.64644	3.304063	5.18635
4284	-4463.097	-5469.068	1005.971	1.562111	2.705567	6.424071
4290	-4456.509	-5461.114	1004.604	1.455867	3.060987	7.134649
4296	-4461.963	-5466.204	1004.241	1.405098	3.308239	7.303308
4302	-4454.459	-5459.141	1004.682	1.464487	2.745609	7.16226
4308	-4448.22	-5451.46	1003.239	1.437324	2.745609	7.949464
4314	-4442.414	-5445.702	1003.288	1.446379	2.407871	8.005125
4320	-4455.959	-5458.384	1002.424	1.354024	2.424101	8.509592
4326	-4451.835	-5454.559	1002.724	1.270498	2.828118	8.29287
4332	-4440.816	-5443.652	1002.836	1.270498	2.891753	8.218689
4338	-4440.429	-5442.517	1002.087	1.267585	3.046973	8.582831
4344	-4452.612	-5455.674	1003.061	1.351411	2.86026	8.062744
4350	-4431.88	-5434.581	1002.7	1.298642	3.929155	8.062744
4356	-4445.262	-5447.039	1001.776	1.304724	3.726273	8.588793
4362	-4448.769	-5451.353	1002.584	1.305696	3.731137	8.157625
4368	-4456.757	-5460.57	1003.813	1.321584	2.739182	7.706544
4374	-4451.489	-5454.989	1003.5	1.393293	3.413881	7.684967
4380	-4457.303	-5461.539	1004.236	1.456127	3.374987	7.264781
4386	-4460.5	-5466.73	1006.23	1.459672	2.844543	6.304747
4392	-4446.674	-5451.41	1004.736	1.447838	2.477891	7.210775
4398	-4440.865	-5446.243	1005.379	1.464217	3.318426	6.656694
4404	-4455.848	-5461.882	1006.033	1.534514	3.465976	6.232981
4410	-4482.295	-5487.796	1005.501	1.441471	3.867615	6.493569
4416	-4464.467	-5470.594	1006.127	1.511166	3.473703	6.192828
4422	-4464.206	-5469.126	1004.92	1.37858	3.495759	6.913796
4428	-4463.159	-5467.124	1003.965	1.413931	3.675764	7.372564
4434	-4442.838	-5447.297	1004.46	1.424584	2.473315	7.372564
4440	-4460.513	-5466.172	1005.659	1.501022	2.289985	6.736687
4446	-4475.8	-5481.347	1005.547	1.526954	2.780287	6.654113
4452	-4440.677	-5445.002	1004.325	1.43746	2.742623	7.369367
4458	-4438.65	-5443.708	1005.058	1.43746	2.992349	6.916199
4464	-4436.995	-5441.181	1004.186	1.390633	3.375426	7.326613
4470	-4444.138	-5447.141	1003.003	1.3864	3.624177	7.912218
4476	-4427.786	-5433.516	1005.73	1.487906	3.139288	6.492565
4482	-4419.046	-5423.105	1004.059	1.43176	2.965077	7.461976
4488	-4419.741	-5424.152	1004.411	1.555658	2.87436	7.228042
4494	-4434.145	-5438.354	1004.209	1.459129	3.621709	7.228042
4500	-4419.44	-5423.857	1004.416	1.43336	2.708285	7.330926
4506	-4426.59	-5431.039	1004.449	1.43336	2.708285	7.313262
4512	-4449.349	-5452.309	1002.96	1.408379	3.762359	7.896674
4518	-4453.699	-5458.037	1004.338	1.462311	2.831859	7.327201
4524	-4457.607	-5461.511	1003.904	1.463438	3.184652	7.479029
4530	-4439.295	-5443.005	1003.71	1.485388	2.465958	7.743543
4536	-4446.37	-5451.564	1005.194	1.446138	3.495551	6.729595
4542	-4429.898	-5435.74	1005.842	1.450287	3.495551	6.37663
4548	-4461.953	-5467.555	1005.601	1.441687	2.957463	6.628548
4554	-4450.789	-5456.61	1005.82	1.457072	3.237291	6.438791
4560	-4449.607	-5455.635	1006.028	1.471066	2.718431	6.438791
4566	-4458.774	-5463.592	1004.818	1.478535	4.555233	6.722629
4572	-4463.843	-5463.104	999.2612	1.319066	2.689074	10.13187
4578	-4457.544	-5456.229	998.6851	1.174429	2.689074	10.51062
4584	-4448.287	-5453.597	1005.31	1.484832	2.59838	6.850307
4590	-4451.16	-5456.747	1005.586	1.463972	2.499342	6.73814
4596	-4455.862	-5460.946	1005.084	1.443075	2.499342	7.020584
4602	-4463.987	-5467.246	1003.259	1.35256	2.533553	8.037487
4608	-4450.951	-5453.473	1002.521	1.387416	2.446383	8.434341
4614	-4463.125	-5466.735	1003.61	1.360078	3.501719	7.625893
4620	-4459.324	-5463	1003.676	1.342804	3.501719	7.600003
4626	-4453.41	-5454.279	1000.87	1.26018	3.166895	9.205321
4632	-4437.111	-5435.272	998.161	1.199446	2.800442	10.74579
4638	-4430.166	-5429.215	999.0488	1.276681	2.142907	10.41124
4644	-4442.248	-5442.236	999.9876	1.268697	2.280934	9.882357
4650	-4434.284	-5432.492	998.2085	1.25409	2.895543	10.67014
4656	-4446.84	-5444.563	997.7232	1.14105	3.791579	10.80015
4662	-4449.216	-5447.262	998.0464	1.156745	2.92206	10.80015
4668	-4443.334	-5441.668	998.3333	1.204454	2.868552	10.63692
4674	-4434.385	-5435.156	1000.771	1.256033	2.806497	9.340884
4680	-4453.967	-5460.498	1006.531	1.527984	2.595522	6.166307
4686	-4452.623	-5459.375	1006.753	1.527984	2.794195	5.995341
4692	-4456.043	-5461.341	1005.299	1.408405	2.273667	6.985488
4698	-4457.458	-5462.471	1005.013	1.411367	2.633252	7.04076
4704	-4449.78	-5454.548	1004.768	1.398044	3.190478	7.049348
4710	-4461.567	-5467.716	1006.15	1.508794	3.355119	6.206661
4716	-4442.806	-5448.987	1006.18	1.614719	3.169605	6.172571
4722	-4427.789	-5435.977	1008.188	1.591822	2.664585	5.204902
4728	-4449.813	-5457.305	1007.492	1.591822	2.78047	5.55883
4734	-4448.191	-5455.896	1007.706	1.591822	2.96843	5.395959
4740	-4466.456	-5473.966	1007.51	1.562834	3.530644	5.395959
4746	-4445.501	-5452.709	1007.208	1.535627	3.184133	5.651165
4752	-4450.412	-5457.865	1007.453	1.540842	2.685586	5.632292
4758	-4461.067	-5467.126	1006.059	1.455025	2.63408	6.452036
4764	-4444.482	-5450.368	1005.886	1.452553	2.63408	6.547067
4770	-4442.439	-5448.427	1005.988	1.45836	2.63408	6.488679
4776	-4435.716	-5441.617	1005.902	1.475948	1.98555	6.710537
4782	-4441.925	-5446.681	1004.756	1.376324	2.431319	7.25088
4788	-4431.268	-5434.744	1003.476	1.319355	2.835137	7.864626
4794	-4432.997	-5436.443	1003.446	1.395933	2.986323	7.80434
4800	-4438.92	-5441.541	1002.621	1.284816	2.865856	8.331353
4806	-4454.638	-5457.214	1002.576	1.284816	2.941839	8.337557
4812	-4437.74	-5441.093	1003.353	1.347909	2.876018	7.905488
4818	-4430.175	-5432.75	1002.574	1.359055	2.593387	8.383179
4824	-4444.279	-5447.612	1003.334	1.373124	3.275806	7.81316
4830	-4454.076	-5459.171	1005.095	1.446853	3.258853	6.831943
4836	-4465.784	-5469.657	1003.873	1.374243	3.532954	7.471271
4842	-4458.37	-5464.161	1005.79	1.440255	3.015336	6.513535
4848	-4486.861	-5492.764	1005.903	1.48756	2.655525	6.513535
4854	-4483.197	-5489.925	1006.729	1.500449	3.049398	5.963026
4860	-4468.989	-5474.225	1005.236	1.439908	3.049398	6.805854
4866	-4462.909	-5468.462	1005.553	1.418934	2.880892	6.684699
4872	-4454.993	-5460.598	1005.604	1.498763	1.792293	6.922842
4878	-4458.045	-5464.872	1006.827	1.58802	3.096016	5.850814
4884	-4462.785	-5470.254	1007.469	1.586796	2.350253	5.68828
4890	-4468.39	-5474.887	1006.497	1.514473	2.808042	6.138588
4896	-4454.283	-5460.045	1005.762	1.473965	2.808042	6.559486
4902	-4450.583	-5457.42	1006.837	1.56872	2.808042	5.923433
4908	-4460.702	-5468.291	1007.589	1.653664	2.735161	5.482798
4914	-4452.921	-5460.608	1007.687	1.653664	3.889876	5.177235
4920	-4441.734	-5450.221	1008.487	1.653664	2.530787	5.040369
4926	-4441.303	-5449.805	1008.502	1.671123	2.945546	4.916721
4932	-4452.021	-5458.942	1006.921	1.64048	3.062727	5.778271
4938	-4441.012	-5447.78	1006.769	1.601324	2.907957	5.918933
4944	-4459.092	-5466.66	1007.568	1.644977	3.562506	5.312412
4950	-4443.076	-5449.504	1006.428	1.58513	3.340946	6.016706
4956	-4437.553	-5444.922	1007.368	1.539752	2.87858	5.631717
4962	-4434.942	-5442.32	1007.378	1.561868	2.534523	5.701292
4968	-4443.853	-5450.081	1006.228	1.482311	2.570305	6.362203
4974	-4432.231	-5438.387	1006.156	1.482311	2.72348	6.362203
4980	-4443.499	-5449.516	1006.016	1.480383	3.143299	6.340553
4986	-4459.873	-5466.055	1006.183	1.458481	2.896305	6.318608
4992	-4478.927	-5486.86	1007.933	1.642812	2.939704	5.24946
4998	-4472.86	-5480.618	1007.758	1.615244	2.852287	5.38219
5004	-4459.411	-5466.094	1006.683	1.536581	3.790903	5.813025
5010	-4448.006	-5455.056	1007.05	1.471568	3.006356	5.813025
5016	-4446.915	-5452.816	1005.901	1.541587	2.834735	6.441327
5022	-4457.181	-5463.059	1005.879	1.493113	2.997099	6.441327
5028	-4472.728	-5477.272	1004.544	1.475391	3.262823	7.112368
5034	-4470.462	-5475.432	1004.97	1.45759	3.702657	6.803064
5040	-4489.987	-5492.079	1002.092	1.391444	3.875225	8.34702
5046	-4475.794	-5478.624	1002.83	1.361861	3.119811	8.121517
5052	-4476.497	-5479.575	1003.078	1.395484	3.202246	7.953248
5058	-4493.468	-5496.383	1002.915	1.423733	3.06885	8.054664
5064	-4458.561	-5464.861	1006.3	1.537259	3.647579	6.049377
5070	-4453.695	-5461.777	1008.082	1.56816	2.26912	5.384776
5076	-4448.948	-5457.579	1008.631	1.678988	2.177258	5.04739
5082	-4442.095	-5449.999	1007.904	1.572283	2.402802	5.442603
5088	-4460.501	-5467.582	1007.08	1.550597	3.099297	5.731845
5094	-4448.177	-5454.531	1006.354	1.523358	3.258115	6.108406
5100	-4466.314	-5470.16	1003.845	1.460173	3.47381	7.451782
5106	-4478.656	-5484.003	1005.347	1.515643	2.541165	6.828534
5112	-4454.118	-5458.296	1004.177	1.352869	2.850923	7.467685
5118	-4458.326	-5463.068	1004.742	1.411278	2.643415	7.183989
5124	-4463.036	-5467.404	1004.368	1.420351	3.51769	7.183989
5130	-4459.739	-5466.026	1006.287	1.492318	2.53705	6.333743
5136	-4467.631	-5473.985	1006.354	1.56771	2.283535	6.326122
5142	-4470.106	-5476.62	1006.514	1.496206	2.852226	6.12862
5148	-4455.704	-5462.695	1006.991	1.516631	2.443264	5.962349
5154	-4472.716	-5472.851	1000.135	1.351234	2.86355	9.613127
5160	-4475.172	-5482.848	1007.676	1.559373	3.611884	5.289938
5166	-4468.777	-5476.403	1007.626	1.55635	2.799822	5.500342
5172	-4457.186	-5464.922	1007.736	1.587926	2.799822	5.422041
5178	-4461.455	-5469.031	1007.576	1.606729	2.874635	5.481636
5184	-4447.243	-5454.913	1007.67	1.606997	2.588237	5.502105
5190	-4454.077	-5461.763	1007.686	1.598475	3.582677	5.268757
5196	-4481.805	-5489.674	1007.869	1.6022	3.103987	5.268757
5202	-4466.516	-5474.338	1007.822	1.600745	3.007079	5.317992
5208	-4466.336	-5474.724	1008.388	1.605942	2.639613	5.092793
5214	-4463.443	-5470.473	1007.03	1.600446	2.128034	5.986415
5220	-4453.428	-5460.404	1006.977	1.541586	2.947538	5.828745
5226	-4467.493	-5473.719	1006.226	1.540715	2.704229	6.297582
5232	-4466.742	-5472.079	1005.337	1.437876	2.451505	6.899578
5238	-4453.641	-5459.252	1005.611	1.437876	2.308806	6.791059
5244	-4450.673	-5456.424	1005.751	1.438583	2.548827	6.649988
5250	-4473.778	-5479.351	1005.573	1.420848	1.858362	6.959133
5256	-4456.246	-5462.014	1005.769	1.48189	2.20691	6.711476
5262	-4455.725	-5462.208	1006.483	1.449784	2.269365	6.323896
5268	-4449.011	-5453.487	1004.477	1.39439	2.32038	7.421524
5274	-4438.104	-5441.281	1003.177	1.359108	2.426406	8.105832
5280	-4435.167	-5437.278	1002.112	1.335785	2.145638	8.763338
5286	-4445.406	-5447.45	1002.044	1.24706	2.763618	8.682292
5292	-4449.033	-5452.337	1003.305	1.32292	3.238106	7.863528
5298	-4451.595	-5455.017	1003.421	1.328964	2.941917	7.863528
5304	-4454.373	-5456.498	1002.125	1.282874	3.020342	8.560756
5310	-4430.598	-5431.983	1001.385	1.260804	2.94595	8.981476
5316	-4429.701	-5432.602	1002.901	1.304965	2.393204	8.290512
5322	-4442.812	-5445.734	1002.922	1.307411	2.831043	8.167481
5328	-4444.498	-5446.422	1001.924	1.393809	3.104796	8.589626
5334	-4477.776	-5479.236	1001.46	1.363891	2.507681	8.994002
5340	-4467.863	-5473.807	1005.944	1.400746	2.452485	6.591734
5346	-4451.481	-5455.308	1003.827	1.368235	2.965707	7.620207
5352	-4454.387	-5457.989	1003.602	1.3479	3.084216	7.724823
5358	-4453.75	-5458.171	1004.421	1.437198	3.193636	7.214187
5364	-4453.636	-5459.165	1005.529	1.432783	2.892153	6.687675
5370	-4463.334	-5466.818	1003.485	1.297488	2.948462	7.845132
5376	-4482.545	-5484.799	1002.254	1.269644	2.945446	8.515799
5382	-4489.414	-5492.59	1003.176	1.324391	2.278231	8.165538
5388	-4477.447	-5479.801	1002.353	1.316076	3.511581	8.317821
5394	-4458.044	-5464.061	1006.017	1.405544	2.895104	6.437579
5400	-4459.885	-5462.565	1002.681	1.37494	3.018563	8.21656
5406	-4478.659	-5481.653	1002.994	1.39114	3.521351	7.934558
5412	-4467.665	-5472.575	1004.91	1.396462	3.65621	6.877419
5418	-4457.266	-5462.653	1005.387	1.406607	3.672895	6.611435
5424	-4457.954	-5461.944	1003.99	1.346663	3.0562	7.524015
5430	-4443.58	-5448.388	1004.808	1.32278	3.154248	7.07615
5436	-4463.021	-5467.67	1004.65	1.485354	3.185174	7.067086
5442	-4436.655	-5441.076	1004.42	1.448465	3.498686	7.144408
5448	-4438.44	-5443.842	1005.402	1.454093	3.593245	6.592912
5454	-4443.207	-5448.264	1005.056	1.41211	3.06582	6.913907
5460	-4451.025	-5455.698	1004.673	1.421219	2.513257	7.249391
5466	-4452.538	-5455.393	1002.855	1.341297	3.215068	8.098183
5472	-4467.902	-5470.876	1002.973	1.341543	2.373493	8.238101
5478	-4479.387	-5481.706	1002.319	1.265157	3.265345	8.413549
5484	-4465.514	-5468.652	1003.138	1.264897	2.937264	8.05005
5490	-4456.568	-5462.653	1006.085	1.409555	2.081596	6.617267
5496	-4449.581	-5453.736	1004.155	1.370405	2.123005	7.663615
5502	-4454.225	-5457.449	1003.225	1.378758	2.589048	8.027501
5508	-4456.352	-5460.056	1003.704	1.413899	2.739087	7.715346
5514	-4457.159	-5461.552	1004.393	1.309752	2.420174	7.48407
5520	-4450.214	-5453.459	1003.245	1.33849	2.399459	8.087737
5526	-4449.614	-5452.593	1002.978	1.310932	3.253088	8.040776
5532	-4469.558	-5474.011	1004.452	1.350126	3.820997	7.11733
5538	-4452.806	-5457.374	1004.568	1.37014	2.920847	7.23236
5544	-4451.697	-5456.432	1004.734	1.424036	3.938079	6.903967
5550	-4462.55	-5467.337	1004.787	1.425451	3.223109	7.016995
5556	-4437.254	-5442.957	1005.704	1.469133	2.713229	6.616967
5562	-4416.123	-5421.547	1005.425	1.411774	2.491375	6.85581
5568	-4412.74	-5414.7	1001.961	1.251904	2.512099	8.786736
5574	-4433.835	-5436.444	1002.609	1.279617	2.264893	8.494793
5580	-4448.993	-5451.26	1002.268	1.258858	3.032117	8.494793
5586	-4441.343	-5443.532	1002.189	1.369566	3.200429	8.440885
5592	-4464.587	-5468.901	1004.314	1.425637	2.84657	7.356359
5598	-4461.034	-5464.924	1003.891	1.397121	2.493615	7.686677
5604	-4439.178	-5442.919	1003.741	1.335691	2.334448	7.842411
5610	-4486.266	-5486.585	1000.32	1.318369	2.916564	9.520876
5616	-4487.359	-5489.303	1001.944	1.318369	2.229831	8.836904
5622	-4479.633	-5485.239	1005.607	1.465769	2.28013	6.786635
5628	-4462.77	-5468.334	1005.563	1.461155	3.044792	6.618398
5634	-4471.369	-5477.144	1005.775	1.491848	2.508828	6.618398
5640	-4464.68	-5470.918	1006.238	1.492332	3.039429	6.236734
5646	-4462.246	-5468.755	1006.509	1.564542	2.307534	6.236734
5652	-4443.808	-5449.733	1005.925	1.453683	2.307534	6.613234
5658	-4444.112	-5449.493	1005.381	1.444861	2.558261	6.844012
5664	-4456.171	-5460.579	1004.407	1.359551	2.358868	7.466671
5670	-4458.303	-5460.789	1002.485	1.360719	2.358868	8.491341
5676	-4459.112	-5461.728	1002.616	1.305246	2.744882	8.35209
5682	-4463.1	-5466.065	1002.965	1.320154	2.282476	8.27893
5688	-4466.614	-5470.482	1003.868	1.378357	1.952883	7.865529
5694	-4461.966	-5464.732	1002.765	1.332898	2.669353	8.276294
5700	-4463.755	-5468.789	1005.034	1.498245	2.411535	7.041154
5706	-4462.115	-5465.476	1003.361	1.510236	2.158531	8.002692
5712	-4461.604	-5467.819	1006.216	1.523679	2.24782	6.435121
5718	-4462.156	-5468.47	1006.313	1.547659	2.13805	6.401699
5724	-4452.67	-5457.583	1004.913	1.459923	2.818385	7.02289
5730	-4453.696	-5458.452	1004.756	1.497652	1.8175	7.370774
5736	-4452.715	-5457.721	1005.006	1.374592	2.178425	7.188845
5742	-4455.493	-5459.309	1003.816	1.386155	2.454573	7.742822
5748	-4438.332	-5441.716	1003.384	1.416001	2.147309	8.043754
5754	-4434.941	-5438.428	1003.487	1.376344	2.536844	7.902105
5760	-4440.003	-5443.115	1003.111	1.397986	3.354227	7.902105
5766	-4437.1	-5441.451	1004.351	1.475629	2.671155	7.352375
5772	-4430.519	-5435.284	1004.764	1.439823	2.587343	7.171033
5778	-4447.794	-5454.217	1006.423	1.398909	2.587343	6.297212
5784	-4445.7	-5451.356	1005.656	1.509576	3.598163	6.424268
5790	-4420.623	-5425.782	1005.158	1.495546	2.78418	6.879742
5796	-4422.637	-5427.9	1005.263	1.496946	1.658808	7.154701
5802	-4449.147	-5453.342	1004.196	1.438082	1.992767	7.645669
5808	-4433.907	-5439.078	1005.171	1.404716	2.620846	6.962468
5814	-4436.72	-5441.361	1004.641	1.373449	1.994254	7.441238
5820	-4426.886	-5431.531	1004.645	1.370075	1.994254	7.441238
5826	-4435.835	-5439.96	1004.126	1.457294	2.843403	7.441238
5832	-4443.339	-5447.824	1004.486	1.449113	2.45276	7.351115
5838	-4436.079	-5440.808	1004.729	1.342891	2.449982	7.278383
5844	-4445.7	-5451.473	1005.773	1.452351	2.28037	6.703807
5850	-4461.445	-5462.588	1001.143	1.333849	2.139137	9.279246
5856	-4482.779	-5483.41	1000.631	1.366305	2.722176	9.377117
5862	-4444.098	-5448.9	1004.802	1.486135	2.291886	7.205783
5868	-4432.502	-5438.632	1006.13	1.470755	2.96898	6.323468
5874	-4441.89	-5448.151	1006.261	1.470755	2.856068	6.279235
5880	-4432.01	-5436.88	1004.87	1.391345	1.98471	7.312125
5886	-4436.005	-5440.867	1004.862	1.410483	2.017847	7.295336
5892	-4446.02	-5450.607	1004.586	1.398528	2.405272	7.337004
5898	-4451.462	-5456.229	1004.767	1.444141	2.330545	7.236256
5904	-4424.131	-5429.041	1004.91	1.489784	2.007991	7.230206
5910	-4419.756	-5424.722	1004.966	1.461349	2.773471	7.004428
5916	-4408.164	-5413.663	1005.499	1.463553	2.517012	6.781062
5922	-4415.115	-5419.006	1003.891	1.443201	1.806506	7.866523
5928	-4427.704	-5429.923	1002.218	1.320258	2.0696	8.737708
5934	-4429.724	-5430.876	1001.152	1.261151	2.539903	9.202649
5940	-4449.29	-5450.488	1001.199	1.349778	2.080856	9.258574
5946	-4446.42	-5450.221	1003.801	1.347756	2.665761	7.716711
5952	-4450.61	-5453.268	1002.658	1.280825	2.665761	8.362082
5958	-4440.668	-5441.95	1001.282	1.339169	1.557422	9.395496
5964	-4437.999	-5439.576	1001.578	1.292026	2.595925	8.94677
5970	-4450.892	-5453.203	1002.311	1.348076	3.086723	8.41224
5976	-4463.008	-5464.943	1001.936	1.345039	3.061301	8.618805
5982	-4458.698	-5463.567	1004.869	1.450138	1.98021	7.282285
5988	-4443.404	-5449.291	1005.886	1.519497	3.167477	6.384333
5994	-4449.397	-5456.038	1006.642	1.492085	2.264001	6.216272
6000	-4446.562	-5451.478	1004.916	1.484554	2.926833	6.982179
6006	-4442.628	-5447.504	1004.876	1.418695	2.660279	7.103855
6012	-4451.042	-5456.149	1005.108	1.465262	2.519735	6.990263
6018	-4427.435	-5432.832	1005.397	1.385849	2.703029	6.830317
6024	-4423.871	-5428.55	1004.679	1.463775	2.653213	7.187329
6030	-4423.545	-5426.839	1003.294	1.3348	2.171069	8.128207
6036	-4431.299	-5435.64	1004.341	1.347323	2.715477	7.415747
6042	-4422.966	-5427.824	1004.858	1.366575	2.546062	7.171048
6048	-4458.575	-5462.609	1004.034	1.355002	2.546062	7.618936
6054	-4459.238	-5463.787	1004.549	1.415055	2.834938	7.238705
6060	-4457.231	-5460.282	1003.052	1.37107	2.015555	8.284599
6066	-4451.087	-5454.403	1003.315	1.335788	2.280496	8.084756
6072	-4437.4	-5439.8	1002.4	1.327362	2.694552	8.46736
6078	-4440.158	-5443.398	1003.24	1.351875	2.166517	8.149252
6084	-4439.126	-5441.563	1002.437	1.304091	1.900557	8.683426
6090	-4425.276	-5425.204	999.9282	1.284142	2.651634	9.808327
6096	-4442.281	-5443.579	1001.298	1.34867	2.585741	9.067289
6102	-4436.462	-5437.966	1001.504	1.32206	2.585606	8.972656
6108	-4448.3	-5449.807	1001.506	1.268133	2.445054	9.03625
6114	-4437.059	-5439.614	1002.555	1.293627	2.196687	8.535777
6120	-4433.004	-5433.917	1000.913	1.307182	2.931127	9.209897
6126	-4422.531	-5424.044	1001.513	1.352395	2.685909	8.92695
6132	-4419.588	-5421.991	1002.403	1.417937	2.204007	8.548154
6138	-4409.057	-5412.688	1003.63	1.382652	2.943279	7.722906
6144	-4413.272	-5418.856	1005.584	1.426141	2.37484	6.793791
6150	-4440.633	-5447.23	1006.597	1.532269	2.62477	6.120468
6156	-4430.664	-5438.067	1007.404	1.603176	3.575204	5.423491
6162	-4416.694	-5424.497	1007.803	1.628496	3.717996	5.160186
6168	-4424.998	-5433.589	1008.591	1.728011	2.568369	4.931032
6174	-4429.383	-5436.623	1007.239	1.706065	2.764035	5.639208
6180	-4409.933	-5417.857	1007.924	1.609544	3.062726	5.243753
6186	-4402.578	-5409.72	1007.142	1.637171	3.062726	5.659115
6192	-4415.485	-5421.669	1006.184	1.557479	3.024952	6.234255
6198	-4436.509	-5443.707	1007.199	1.605371	3.024952	5.654104
6204	-4444.073	-5451.339	1007.266	1.634703	3.024952	5.600983
6210	-4439.818	-5446.598	1006.78	1.581898	3.277952	5.839504
6216	-4436.583	-5443.614	1007.032	1.574613	3.143453	5.73553
6222	-4437.906	-5443.332	1005.426	1.514225	3.427268	6.581374
6228	-4437.005	-5443.157	1006.151	1.488866	2.790105	6.34475
6234	-4430.522	-5436.214	1005.692	1.539459	2.790105	6.566242
6240	-4434.12	-5440.38	1006.26	1.496802	2.489113	6.358433
6246	-4430.659	-5435.532	1004.873	1.467538	3.346399	6.921797
6252	-4444.979	-5449.655	1004.676	1.411912	3.482616	7.0299
6258	-4432.162	-5434.186	1002.024	1.34492	3.482616	8.483188
6264	-4428.821	-5430.843	1002.022	1.326508	3.032735	8.589231
6270	-4417.535	-5420.594	1003.06	1.408713	3.032735	7.99344
6276	-4435.376	-5437.157	1001.781	1.278752	2.066186	8.992463
6282	-4427.974	-5429.19	1001.216	1.324107	2.087079	9.261145
6288	-4424.601	-5424.575	999.9739	1.297957	1.858478	10.0015
6294	-4428.719	-5431.25	1002.531	1.344464	3.027048	8.310469
6300	-4418.971	-5421.525	1002.554	1.329614	2.704119	8.38211
6306	-4429.752	-5431.576	1001.824	1.40032	2.295375	8.838809
6312	-4434.298	-5436.97	1002.671	1.347623	2.776194	8.292508
6318	-4451.415	-5453.572	1002.157	1.314946	2.585827	8.62991
6324	-4444.381	-5446.178	1001.797	1.348132	2.406568	8.850205
6330	-4463.894	-5464.957	1001.063	1.413093	2.406568	9.204658
6336	-4453.999	-5457.493	1003.494	1.348535	2.676869	7.877822
6342	-4464.141	-5466.034	1001.893	1.327438	2.299505	8.839567
6348	-4450.503	-5451.949	1001.446	1.301001	3.353636	8.839567
6354	-4453.84	-5455.781	1001.941	1.305678	2.836382	8.688369
6360	-4435.376	-5435.733	1000.357	1.295323	2.644536	9.578033
6366	-4428.037	-5428.021	999.9845	1.245534	2.07781	9.954858
6372	-4431.812	-5430.745	998.9332	1.222951	2.07781	10.51938
6378	-4436.668	-5435.364	998.6964	1.234383	2.583987	10.4992
6384	-4437.951	-5437.822	999.8709	1.304534	2.641704	9.830253
6390	-4453.607	-5456.305	1002.698	1.424522	2.699571	8.255757
6396	-4436.08	-5438.648	1002.568	1.482502	2.022752	8.480554
6402	-4420.795	-5425.413	1004.618	1.523162	2.022752	7.364439
6408	-4413.446	-5415.141	1001.695	1.428155	2.002139	8.978548
6414	-4411.205	-5412.322	1001.117	1.359307	2.673425	9.135551
6420	-4418.982	-5419.093	1000.112	1.282002	3.617852	9.50257
6426	-4431.055	-5432.192	1001.137	1.35983	2.464567	9.178191
6432	-4444.423	-5445.87	1001.447	1.33855	2.211368	9.094729
6438	-4456.158	-5458.309	1002.151	1.313352	2.317157	8.705285
6444	-4427.854	-5429.811	1001.957	1.352699	2.833675	8.655513
6450	-4419.939	-5423.209	1003.27	1.406255	2.566657	7.994529
6456	-4434.443	-5438.395	1003.952	1.335984	3.093517	7.541739
6462	-4437.205	-5438.829	1001.624	1.328185	2.579492	8.90755
6468	-4450.139	-5452.797	1002.658	1.296717	2.879883	8.301982
6474	-4447.376	-5453.173	1005.797	1.449135	3.150666	6.474927
6480	-4439.328	-5444.521	1005.192	1.450494	3.183919	6.793614
6486	-4433.623	-5439.154	1005.531	1.490183	2.503913	6.752869
6492	-4437.736	-5443.76	1006.024	1.475501	1.940135	6.659417
6498	-4467.921	-5474.339	1006.417	1.541579	3.315485	6.051498
6504	-4472.021	-5479.274	1007.253	1.60556	2.587039	5.731884
6510	-4484.314	-5488.775	1004.462	1.442626	3.201385	7.187595
6516	-4471.357	-5475.59	1004.233	1.405616	2.528612	7.48955
6522	-4464.099	-5470.029	1005.931	1.400076	3.396196	6.376072
6528	-4459.474	-5462.96	1003.486	1.397268	2.222248	7.977337
6534	-4434.712	-5438.014	1003.301	1.365402	2.429125	8.035575
6540	-4434.186	-5438.15	1003.964	1.387508	2.523155	7.645093
6546	-4435.687	-5439.275	1003.588	1.365543	2.518639	7.85855
6552	-4433.419	-5436.752	1003.333	1.357343	2.16936	8.09566
6558	-4446.935	-5447.328	1000.393	1.322461	2.067243	9.702438
6564	-4446.647	-5447.498	1000.851	1.263639	1.812884	9.572438
6570	-4452.003	-5454.179	1002.176	1.317244	2.528307	8.633623
6576	-4461.988	-5464.102	1002.114	1.299986	2.97584	8.567077
6582	-4462.389	-5465.389	1003	1.32484	2.110112	8.307783
6588	-4471.6	-5474.092	1002.492	1.269938	1.732074	8.72874
6594	-4450.639	-5452.905	1002.266	1.308479	2.362921	8.634664
6600	-4441.032	-5442.006	1000.974	1.244966	2.28452	9.37383
6606	-4440.283	-5441.231	1000.948	1.192059	2.437589	9.37383
6612	-4422.869	-5423.832	1000.963	1.244261	2.729487	9.264453
6618	-4437.728	-5439.508	1001.78	1.233091	3.403417	8.688265
6624	-4460.085	-5462.009	1001.924	1.305439	1.907127	8.952255
6630	-4442.057	-5443.579	1001.522	1.186182	2.2767	9.117181
6636	-4454.134	-5453.037	998.9027	1.237218	2.924864	10.30778
6642	-4448.236	-5449.297	1001.061	1.224275	2.819859	9.201428
6648	-4449.99	-5450.443	1000.453	1.223909	1.944369	9.760571
6654	-4457.954	-5459.17	1001.216	1.193968	2.25184	9.282103
6660	-4421.073	-5422.054	1000.981	1.203243	2.669675	9.291242
6666	-4438.586	-5440.364	1001.778	1.180793	2.668617	8.881573
6672	-4433.627	-5434.704	1001.078	1.211998	2.886842	9.183514
6678	-4442.232	-5441.584	999.3522	1.177969	2.890913	10.11043
6684	-4470.695	-5470.682	999.9868	1.313059	2.239925	9.870906
6690	-4479.329	-5479.917	1000.587	1.280225	2.256003	9.567197
6696	-4469.652	-5470.863	1001.211	1.336907	1.853015	9.33042
6702	-4471.082	-5473.043	1001.961	1.329035	2.10401	8.85907
6708	-4490.075	-5490.767	1000.692	1.375473	1.926976	9.560321
6714	-4480.248	-5481.173	1000.925	1.289648	2.398277	9.345039
6720	-4466.008	-5466.994	1000.986	1.227861	2.398277	9.345039
6726	-4462.29	-5462.85	1000.56	1.334367	2.284212	9.544899
6732	-4429.57	-5430.779	1001.21	1.270378	2.381787	9.20885
6738	-4458.152	-5457.51	999.3588	1.214919	1.704311	10.42059
6744	-4452.889	-5453.937	1001.048	1.229917	1.702147	9.52445
6750	-4442.473	-5442.861	1000.389	1.290745	2.252343	9.667484
6756	-4437.113	-5439.358	1002.245	1.321267	2.521981	8.59668
6762	-4443.921	-5446.654	1002.733	1.357464	1.614356	8.59668
6768	-4427.768	-5431.315	1003.547	1.340336	2.262204	7.964027
6774	-4429.01	-5432.466	1003.456	1.397951	2.324884	7.964027
6780	-4432.72	-5436.885	1004.165	1.414569	2.383453	7.560145
6786	-4431.652	-5435.333	1003.681	1.400876	3.057852	7.660034
6792	-4450.605	-5455.419	1004.814	1.368035	2.977643	7.088067
6798	-4431.387	-5436.511	1005.124	1.42091	2.446094	7.025
6804	-4446.077	-5450.233	1004.156	1.432687	2.315491	7.574078
6810	-4453.96	-5455.367	1001.407	1.352589	2.232356	9.10267
6816	-4446.479	-5446.82	1000.341	1.232587	2.043789	9.784077
6822	-4466.371	-5468.652	1002.281	1.425581	2.371826	8.561621
6828	-4474.287	-5479.034	1004.747	1.50867	2.096787	7.280455
6834	-4473.296	-5478.189	1004.894	1.492504	1.875171	7.280455
6840	-4478.389	-5483.054	1004.665	1.488268	2.157127	7.31709
6846	-4489.525	-5493.276	1003.752	1.457958	2.057894	7.852174
6852	-4481.748	-5486.099	1004.35	1.396456	2.298573	7.494176
6858	-4474.613	-5478.764	1004.151	1.414882	3.30566	7.347176
6864	-4473.363	-5479.337	1005.974	1.472872	2.420473	6.545273
6870	-4452.549	-5457.644	1005.095	1.490725	2.750998	6.924665
6876	-4452.026	-5455.664	1003.638	1.401477	2.45537	7.829586
6882	-4458.789	-5462.357	1003.568	1.355004	2.128516	7.983815
6888	-4453.856	-5459.012	1005.156	1.398486	2.574259	6.986024
6894	-4447.922	-5452.041	1004.118	1.411056	3.339329	7.359448
6900	-4452.302	-5454.319	1002.017	1.308888	3.241994	8.555857
6906	-4463.042	-5464.72	1001.678	1.241956	3.697369	8.679717
6912	-4470.411	-5471.118	1000.708	1.244494	2.396444	9.483977
6918	-4456.967	-5461.009	1004.042	1.375813	2.727193	7.557652
6924	-4454.636	-5458.784	1004.149	1.404793	2.727289	7.485078
6930	-4452.394	-5456.531	1004.136	1.383085	2.408316	7.585645
6936	-4445.586	-5451.308	1005.722	1.434678	2.158869	6.776501
6942	-4445.349	-5450.506	1005.157	1.415231	3.076084	6.855516
6948	-4445.603	-5451.678	1006.075	1.521225	2.659191	6.401431
6954	-4426.15	-5433.044	1006.894	1.539447	2.189015	6.075327
6960	-4425.834	-5431.168	1005.334	1.439479	3.127935	6.735172
6966	-4426.165	-5433.104	1006.939	1.439156	2.30871	6.070689
6972	-4426.743	-5432.863	1006.12	1.5056	2.810188	6.347723
6978	-4421.295	-5428.746	1007.451	1.493963	2.528964	5.699937
6984	-4434.868	-5442.247	1007.379	1.504753	2.502724	5.740508
6990	-4436.433	-5443.926	1007.493	1.608053	2.522501	5.61601
6996	-4435.031	-5442.984	1007.953	1.54081	2.413255	5.429918
7002	-4447.559	-5453.697	1006.138	1.494786	2.962957	6.307701
7008	-4443.974	-5449.251	1005.277	1.528584	2.618564	6.839163
7014	-4429.808	-5435.565	1005.757	1.456349	1.863037	6.839163
7020	-4441.861	-5445.36	1003.5	1.330022	2.809086	7.852325
7026	-4432.068	-5437.109	1005.041	1.457114	2.745118	6.973422
7032	-4428.986	-5434.906	1005.919	1.450547	2.875542	6.470707
7038	-4445.871	-5451.834	1005.963	1.489807	2.804858	6.442895
7044	-4463.651	-5470.658	1007.007	1.478146	2.552269	5.945335
7050	-4463.545	-5462.027	998.4818	1.26778	1.485205	10.93349
7056	-4454.448	-5453.142	998.6944	1.227182	2.191069	10.60936
7062	-4461.771	-5466.371	1004.6	1.384146	2.309608	7.363788
7068	-4451.468	-5456.298	1004.83	1.386236	2.782184	7.115884
7074	-4434.195	-5439.169	1004.974	1.388508	2.696246	7.058189
7080	-4468.346	-5468.177	999.8308	1.293495	2.088191	10.00743
7086	-4454.276	-5454.189	999.9132	1.255461	2.243515	9.939
7092	-4448.931	-5452.539	1003.608	1.299111	3.590577	7.641864
7098	-4434.879	-5438.938	1004.059	1.299111	2.210222	7.72721
7104	-4436.102	-5439.36	1003.257	1.311682	2.710803	8.015328
7110	-4446.563	-5450.576	1004.013	1.433263	2.166578	7.693129
7116	-4438.859	-5443.078	1004.219	1.399433	2.461725	7.518254
7122	-4454.085	-5456.123	1002.037	1.25597	3.229581	8.575784
7128	-4431.695	-5433.748	1002.053	1.256074	3.188705	8.575784
7134	-4438.546	-5438.534	999.9878	1.185388	2.885973	9.773033
7140	-4429.513	-5430.534	1001.021	1.167048	2.059276	9.455233
7146	-4438.736	-5437.275	998.5387	1.167048	2.843235	10.55462
7152	-4451.367	-5449.071	997.7039	1.199262	1.937969	11.21896
7158	-4442.2	-5443.658	1001.457	1.282617	2.27843	9.100009
7164	-4444.632	-5446.014	1001.382	1.240622	2.017076	9.238653
7170	-4433.524	-5433.696	1000.172	1.240782	1.478151	10.06297
7176	-4415.734	-5416.814	1001.08	1.318708	2.24855	9.288569
7182	-4418.969	-5420.789	1001.819	1.35568	2.1363	8.910404
7188	-4416.654	-5420.138	1003.484	1.356236	2.85287	7.836083
7194	-4431.006	-5434.959	1003.954	1.426313	2.26126	7.700991
7200	-4440.614	-5444.933	1004.319	1.426313	2.78869	7.367515
7206	-4438.356	-5443.423	1005.066	1.375608	2.659169	7.024873
7212	-4441.981	-5446.663	1004.682	1.401382	2.133344	7.361705
7218	-4429.403	-5434.5	1005.097	1.426406	2.944667	6.911962
7224	-4432.789	-5437.272	1004.484	1.454195	2.609678	7.308231
7230	-4451.684	-5454.984	1003.301	1.344375	1.764209	8.248406
7236	-4463.98	-5467.797	1003.816	1.374296	2.347831	7.777932
7242	-4489.784	-5492.807	1003.023	1.325648	2.231043	8.259706
7248	-4466.88	-5470.52	1003.64	1.314128	2.308582	7.915212
7254	-4465.744	-5469.491	1003.746	1.329841	2.084404	7.915212
7260	-4469.238	-5471.493	1002.255	1.287517	2.556927	8.600197
7266	-4442.485	-5447.474	1004.988	1.393771	1.988297	7.245888
7272	-4460.765	-5466.506	1005.74	1.503715	2.362681	6.67065
7278	-4455.375	-5461.979	1006.604	1.490191	2.033776	6.307088
7284	-4442.941	-5451.025	1008.084	1.567095	1.351551	5.709043
7290	-4420.883	-5428.921	1008.038	1.54861	1.434462	5.709043
7296	-4423.784	-5430.289	1006.505	1.544966	1.994829	6.343425
7302	-4441.648	-5447.568	1005.92	1.440681	1.994829	6.716951
7308	-4462.65	-5466.591	1003.94	1.455344	3.076916	7.487778
7314	-4449.991	-5452.193	1002.202	1.286144	2.333803	8.688102
7320	-4498.789	-5504.996	1006.206	1.429702	3.251631	6.2411
7326	-4501.769	-5508.412	1006.643	1.491111	2.760387	6.08338
7332	-4442.722	-5446.402	1003.68	1.362387	3.281348	7.632694
7338	-4441.617	-5446.259	1004.642	1.369526	2.280326	7.357399
7344	-4434.468	-5438.918	1004.45	1.452255	2.636933	7.32065
7350	-4441.109	-5447.301	1006.192	1.475334	2.542397	6.392894
7356	-4472.16	-5476.099	1003.938	1.370695	2.985476	7.55489
7362	-4474.86	-5479.823	1004.963	1.370695	1.838792	7.320519
7368	-4456.445	-5460.992	1004.547	1.315133	2.257622	7.444128
7374	-4451.813	-5457.218	1005.405	1.404808	2.20812	6.949226
7380	-4444.557	-5449.16	1004.603	1.426502	2.794071	7.21346
7386	-4450.408	-5455.081	1004.672	1.411465	3.20052	7.091294
7392	-4463.829	-5468.013	1004.184	1.381238	2.532788	7.528244
7398	-4443.624	-5447.95	1004.326	1.381238	2.831737	7.377252
7404	-4453.233	-5456.18	1002.947	1.278794	2.373608	8.285599
7410	-4468.051	-5469.595	1001.544	1.316123	2.044622	9.104593
7416	-4464.187	-5466.062	1001.875	1.407648	2.531135	8.74441
7422	-4444.45	-5447.096	1002.646	1.368795	2.586234	8.341426
7428	-4450.633	-5452.013	1001.38	1.26445	2.030756	9.222798
7434	-4478.263	-5480.609	1002.346	1.253715	2.483596	8.588732
7440	-4472.871	-5475.611	1002.74	1.2403	2.483596	8.386544
7446	-4450.641	-5452.159	1001.519	1.261238	2.498289	9.019519
7452	-4474.98	-5478.169	1003.188	1.281351	2.784894	8.05021
7458	-4463.296	-5464.71	1001.415	1.281351	2.196144	9.146583
7464	-4464.231	-5465.673	1001.442	1.205633	2.907345	8.989174
7470	-4467.02	-5472.955	1005.935	1.426473	3.339835	6.371127
7476	-4434.752	-5440.53	1005.778	1.437219	3.010561	6.522834
7482	-4440.251	-5443.931	1003.68	1.392221	2.551469	7.786876
7488	-4439.389	-5443.525	1004.136	1.372225	2.277159	7.627922
7494	-4441.931	-5445.096	1003.165	1.367139	2.924558	7.984232
7500	-4451.003	-5452.734	1001.731	1.349125	2.423206	8.880287
7506	-4468.2	-5469.113	1000.913	1.28376	2.525713	9.32097
7512	-4477.188	-5480.195	1003.007	1.363252	3.157557	8.018293
7518	-4458.945	-5460.639	1001.694	1.386931	2.344887	8.901281
7524	-4477.697	-5478.913	1001.216	1.356051	2.344887	9.170584
7530	-4453.271	-5454.886	1001.614	1.335262	2.228274	9.00311
7536	-4447.521	-5450.942	1003.42	1.314924	2.351285	8.020058
7542	-4462.805	-5464.674	1001.869	1.256162	2.414382	8.858527
7548	-4454.427	-5457.697	1003.269	1.400566	2.418149	8.036677
7554	-4442.209	-5447.759	1005.55	1.469983	3.182012	6.590306
7560	-4443.316	-5447.848	1004.532	1.504943	2.848017	7.196429
7566	-4445.294	-5450.884	1005.59	1.399015	2.837465	6.685838
7572	-4445.508	-5449.446	1003.938	1.407714	2.710743	7.60034
7578	-4455.345	-5460.518	1005.173	1.393597	2.01709	7.13787
7584	-4459.166	-5463.477	1004.311	1.343998	2.979928	7.370471
7590	-4467.635	-5471.814	1004.179	1.332785	2.979928	7.447398
7596	-4449.151	-5452.315	1003.163	1.377635	2.75705	8.019077
7602	-4473.058	-5477.576	1004.517	1.377635	2.75705	7.294586
7608	-4467.773	-5472.985	1005.211	1.448638	3.006528	6.824008
7614	-4451.882	-5457.477	1005.595	1.458394	2.239377	6.808779
7620	-4475.605	-5476.341	1000.737	1.325856	2.297892	9.452632
7626	-4465.777	-5466.333	1000.557	1.413772	1.64979	9.705046
7632	-4453.921	-5452.823	998.902	1.32787	1.924103	10.52799
7638	-4476.862	-5474.978	998.1165	1.377378	1.924103	10.914
7644	-4482.248	-5485.658	1003.411	1.376398	2.05466	8.078586
7650	-4470.9	-5471.789	1000.89	1.3257	1.702951	9.556958
7656	-4479.415	-5481.388	1001.972	1.354293	2.434097	8.74662
7662	-4491.131	-5492.995	1001.865	1.304576	2.066983	8.934136
7668	-4477.496	-5479.556	1002.06	1.314637	2.77173	8.635908
7674	-4461.782	-5463.466	1001.684	1.359359	2.918835	8.776926
7680	-4461.585	-5463.98	1002.395	1.351547	2.545493	8.494621
7686	-4468.053	-5471.135	1003.082	1.365572	2.216677	8.211153
7692	-4444.302	-5446.22	1001.918	1.385624	2.187818	8.827404
7698	-4431.679	-5431.853	1000.174	1.290146	2.475316	9.720502
7704	-4446.392	-5449.087	1002.695	1.317763	2.475316	8.371594
7710	-4463.787	-5465.234	1001.447	1.341093	2.488686	9.01743
7716	-4443.365	-5445.397	1002.031	1.298272	2.949114	8.618272
7722	-4459.151	-5460.997	1001.846	1.327051	2.615103	8.7815
7728	-4468.307	-5471.494	1003.187	1.340479	2.41222	8.114008
7734	-4466.23	-5469.265	1003.035	1.329671	2.80624	8.101162
7740	-4463.899	-5467.973	1004.074	1.31762	2.909618	7.528107
7746	-4474.028	-5477.49	1003.463	1.359437	3.039439	7.803082
7752	-4475.212	-5476.743	1001.532	1.402652	2.638207	8.902013
7758	-4477.373	-5478.779	1001.407	1.38347	3.123444	8.865397
7764	-4451.918	-5457.148	1005.23	1.40557	3.263935	6.780347
7770	-4450.539	-5454.821	1004.282	1.398331	2.853962	7.386453
7776	-4448.161	-5453.094	1004.933	1.398331	2.778049	7.055026
7782	-4454.623	-5458.295	1003.672	1.450361	2.147588	7.871617
7788	-4430.557	-5431.636	1001.079	1.351536	2.147588	9.301074
7794	-4427.269	-5427.641	1000.373	1.256398	2.671277	9.583896
7800	-4465.93	-5472.002	1006.072	1.533088	3.069145	6.297983
7806	-4480.818	-5485.681	1004.863	1.535124	2.349332	7.130648
7812	-4444.315	-5440.998	996.6828	1.231187	2.331374	11.62134
7818	-4440.759	-5437.663	996.9042	1.213276	1.96494	11.62134
7824	-4436.05	-5431.41	995.3604	1.226364	2.022249	12.40241
7830	-4437.952	-5435.063	997.1117	1.256788	1.198672	11.77604
7836	-4442.637	-5440.155	997.5185	1.209971	1.143324	11.61367
7842	-4423.217	-5422.616	999.3992	1.301691	2.170888	10.20583
