Iteration	Posterior	Likelihood	Prior	rate_log_sd	rate_loss	tree_length
0	-4454.055	-5458.957	1004.902	1.473274	3.453563	6.88073
6	-4466.249	-5469.704	1003.455	1.369067	2.60641	7.905288
12	-4459.444	-5464.713	1005.269	1.431877	2.666763	6.883443
18	-4450.352	-5457.079	1006.727	1.561991	2.828515	5.982449
24	-4432.521	-5440.245	1007.724	1.687295	2.443535	5.466773
30	-4452.493	-5461.558	1009.066	1.711663	2.458577	4.705149
36	-4451.698	-5459.47	1007.772	1.68346	3.936148	5.104682
42	-4463.234	-5470.906	1007.672	1.696689	2.050782	5.606352
48	-4460.625	-5467.266	1006.642	1.580959	2.816311	6.021617
54	-4459.692	-5466.855	1007.164	1.559021	2.844996	5.74123
60	-4459.333	-5466.137	1006.804	1.560406	2.844996	5.93699
66	-4462.4	-5469.483	1007.083	1.491055	2.795405	5.834543
72	-4469.857	-5476.353	1006.496	1.492669	3.008821	6.103408
78	-4486.708	-5492.185	1005.477	1.480147	3.31092	6.596249
84	-4453.33	-5457.546	1004.216	1.390969	1.811004	7.7195
90	-4452.147	-5456.184	1004.036	1.436445	1.901599	7.76093
96	-4456.405	-5461.25	1004.845	1.469763	1.660819	7.393235
102	-4444.739	-5447.613	1002.874	1.36676	2.314033	8.293553
108	-4448.301	-5450.895	1002.594	1.36676	1.948262	8.551296
114	-4442.867	-5444.36	1001.493	1.303618	2.299301	9.063943
120	-4464.026	-5466.728	1002.702	1.370581	2.001541	8.475264
126	-4458.541	-5460.834	1002.293	1.439549	2.431537	8.532106
132	-4451.957	-5453.541	1001.585	1.375519	2.311423	8.974243
138	-4456.741	-5459.058	1002.317	1.368128	1.759638	8.760058
144	-4460.439	-5463.398	1002.959	1.406288	2.647868	8.139766
150	-4455.705	-5457.673	1001.968	1.347893	3.078203	8.596525
156	-4441.715	-5443.494	1001.779	1.330137	2.063596	8.967132
162	-4456.904	-5458.145	1001.241	1.330137	3.189456	8.967132
168	-4447.712	-5449.364	1001.652	1.378033	2.204602	8.967132
174	-4449.824	-5451.842	1002.018	1.446777	2.204602	8.737219
180	-4452.651	-5454.279	1001.628	1.361329	2.318817	8.956619
186	-4468.892	-5472.12	1003.228	1.317554	2.380038	8.113261
192	-4436.724	-5438.711	1001.987	1.382289	2.380038	8.738575
198	-4442.132	-5443.369	1001.237	1.382289	2.248327	9.172064
204	-4448.226	-5450.344	1002.117	1.324079	1.969645	8.820222
210	-4462.331	-5463.006	1000.676	1.417809	2.116823	9.487987
216	-4443.795	-5445.679	1001.884	1.3204	2.224792	8.869094
222	-4457.816	-5461.984	1004.168	1.365936	1.932447	7.718257
228	-4450.553	-5453.65	1003.097	1.415565	2.648111	8.060733
234	-4454.023	-5454.885	1000.862	1.367432	2.265613	9.373295
240	-4466.098	-5469.982	1003.883	1.450861	2.945416	7.550507
246	-4453.099	-5456.476	1003.377	1.4184	2.105511	8.058513
252	-4459.859	-5462.883	1003.024	1.442447	2.635509	8.088862
258	-4450.57	-5454.539	1003.969	1.45183	2.635509	7.578964
264	-4460.169	-5464.716	1004.547	1.435461	3.187317	7.148732
270	-4470.519	-5474.588	1004.069	1.443233	1.929106	7.730842
276	-4456.281	-5459.301	1003.02	1.369836	1.913517	8.334515
282	-4453.434	-5456.382	1002.948	1.372237	2.121657	8.307001
288	-4479.08	-5482.444	1003.364	1.342808	1.757768	8.217623
294	-4474.494	-5477.449	1002.955	1.342808	2.483155	8.217623
300	-4465.91	-5469.005	1003.096	1.405741	2.483155	8.109248
306	-4466.394	-5469.705	1003.31	1.397885	2.511957	7.991416
312	-4484.544	-5487.776	1003.231	1.448429	3.077124	7.870635
318	-4463.665	-5467.28	1003.614	1.429243	2.297055	7.870635
324	-4469.015	-5471.436	1002.421	1.379279	3.336779	8.283507
330	-4465.215	-5467.631	1002.416	1.379279	1.747822	8.705685
336	-4475.239	-5476.807	1001.569	1.379279	2.18211	9.017374
342	-4466.783	-5468.8	1002.017	1.571946	2.125282	8.694112
348	-4446.312	-5446.572	1000.26	1.321938	2.57058	9.634079
354	-4435.007	-5435.674	1000.667	1.374509	2.57105	9.391033
360	-4440.504	-5438.317	997.8127	1.22993	2.286964	11.04314
366	-4435.153	-5431.621	996.4682	1.229374	2.239593	11.75968
372	-4450.769	-5447.498	996.729	1.111056	1.986224	11.75968
378	-4465.414	-5462.02	996.6065	1.233577	1.986224	11.75968
384	-4454.146	-5451.598	997.4517	1.151136	2.276295	11.27628
390	-4461.316	-5459.401	998.0848	1.245729	2.567506	10.81822
396	-4462.391	-5462.314	999.9239	1.341799	1.993528	9.961773
402	-4472.205	-5476.231	1004.026	1.477759	2.257153	7.636107
408	-4483.025	-5486.726	1003.701	1.565512	2.256775	7.763076
414	-4483.043	-5488.385	1005.342	1.608037	2.256775	6.85924
420	-4478.97	-5484.244	1005.275	1.529437	2.163443	6.965322
426	-4471.884	-5476.61	1004.726	1.554501	3.084472	7.010889
432	-4474.228	-5477.909	1003.681	1.479298	2.110189	7.862668
438	-4476.066	-5478.973	1002.907	1.402227	2.110189	8.316356
444	-4474.389	-5477.99	1003.601	1.476982	2.516247	7.792995
450	-4462.131	-5464.994	1002.863	1.424427	2.195233	8.302822
456	-4459.727	-5463.87	1004.143	1.515748	2.341744	7.52924
462	-4463.948	-5466.512	1002.564	1.418311	2.071454	8.501483
468	-4475.136	-5478.792	1003.656	1.418311	3.320123	7.607417
474	-4473.101	-5475.874	1002.773	1.279359	3.347986	8.14739
480	-4460.842	-5466.194	1005.353	1.377519	2.774592	6.840872
486	-4462.618	-5467.506	1004.887	1.378349	3.966679	6.840872
492	-4474.824	-5479.486	1004.662	1.402339	2.631387	7.234846
498	-4493.462	-5498.145	1004.683	1.415356	2.299374	7.305323
504	-4477.256	-5482.724	1005.468	1.411715	2.23637	6.90321
510	-4487.728	-5492.089	1004.361	1.381063	3.095518	7.298002
516	-4473.646	-5478.527	1004.881	1.385895	2.658047	7.119153
522	-4481.341	-5486.025	1004.684	1.446407	2.754792	7.168599
528	-4482.55	-5487.469	1004.919	1.449807	2.754792	7.040653
534	-4485.258	-5488.65	1003.392	1.411871	2.733574	7.884479
540	-4477.535	-5482.36	1004.826	1.368485	2.214133	7.278464
546	-4475.563	-5479.787	1004.224	1.436898	3.389452	7.278464
552	-4469.018	-5475.132	1006.115	1.490547	2.917798	6.333219
558	-4482.656	-5489.337	1006.681	1.502762	2.222973	6.200835
564	-4461.641	-5467.763	1006.121	1.492037	2.511106	6.430537
570	-4453.62	-5459.706	1006.086	1.498295	2.570455	6.430537
576	-4454.512	-5459.748	1005.236	1.453652	2.95148	6.820574
582	-4450.545	-5454.553	1004.009	1.413711	2.202225	7.695437
588	-4445.393	-5449.194	1003.801	1.380389	2.260671	7.807542
594	-4443.968	-5448.467	1004.498	1.458954	2.474116	7.333204
600	-4461.424	-5465.474	1004.05	1.458954	2.158808	7.661979
606	-4453.175	-5456.993	1003.817	1.381991	2.421338	7.75327
612	-4480.586	-5484.002	1003.416	1.348021	2.239898	8.035819
618	-4469.887	-5472.531	1002.644	1.294243	2.803512	8.328814
624	-4451.451	-5452.365	1000.914	1.283296	2.312737	9.377118
630	-4459.177	-5461.624	1002.447	1.278855	2.34713	8.558322
636	-4460.701	-5461.386	1000.684	1.231198	2.882982	9.381996
642	-4457.581	-5458.51	1000.929	1.293294	2.960364	9.202463
648	-4458.402	-5461.019	1002.617	1.293294	2.59287	8.395713
654	-4458.489	-5461.876	1003.387	1.432066	2.394779	7.963686
660	-4459.068	-5462.567	1003.499	1.367354	2.302027	7.963686
666	-4444.816	-5449.068	1004.252	1.41036	2.863273	7.394029
672	-4468.692	-5472.244	1003.552	1.417451	2.185921	7.942158
678	-4441.575	-5445.087	1003.512	1.434086	2.185921	7.954391
684	-4450.997	-5455.454	1004.457	1.339893	2.109154	7.522225
690	-4445.35	-5445.676	1000.326	1.332625	2.468578	9.619782
696	-4429.853	-5432.208	1002.355	1.234096	2.584003	8.568321
702	-4444.833	-5447.386	1002.554	1.291049	2.17569	8.54378
708	-4443.997	-5445.528	1001.532	1.342682	2.066693	9.090498
714	-4456.232	-5456.875	1000.643	1.274295	1.859922	9.660807
720	-4440.265	-5442.176	1001.911	1.307033	1.841643	8.979986
726	-4448.372	-5448.203	999.8309	1.2123	2.805728	9.86022
732	-4452.374	-5452.527	1000.154	1.242485	2.496148	9.750868
738	-4445.425	-5447.392	1001.967	1.247609	2.767158	8.721955
744	-4432.012	-5432.924	1000.911	1.341933	2.081354	9.414255
750	-4443.617	-5445.61	1001.994	1.320283	2.727229	8.678762
756	-4445.857	-5449.675	1003.817	1.374538	2.87009	7.644274
762	-4441.652	-5446.366	1004.714	1.407968	3.005732	7.113935
768	-4462.369	-5466.847	1004.478	1.35034	2.945704	7.285463
774	-4452.854	-5454.974	1002.12	1.24578	2.555848	8.694338
780	-4453.84	-5454.554	1000.714	1.164743	2.23959	9.565888
786	-4463.052	-5462.779	999.7264	1.223549	1.863983	10.16904
792	-4473.915	-5474.225	1000.31	1.20812	2.768277	9.61871
798	-4464.198	-5464.541	1000.344	1.223233	2.944556	9.551996
804	-4440.722	-5442.636	1001.913	1.28405	2.479704	8.803101
810	-4451.239	-5454.163	1002.924	1.379404	2.263039	8.274579
816	-4450.72	-5453.977	1003.257	1.343654	1.756995	8.274579
822	-4439.151	-5440.691	1001.539	1.336385	2.042003	9.097359
828	-4447.145	-5448.01	1000.865	1.2913	2.550907	9.335743
834	-4433.239	-5435.524	1002.285	1.249733	2.991408	8.499673
840	-4431.556	-5431.769	1000.213	1.256522	2.682429	9.665315
846	-4435.215	-5436.713	1001.498	1.344035	2.811	8.908911
852	-4451.285	-5450.027	998.742	1.220078	1.816288	10.70354
858	-4439.404	-5439.735	1000.331	1.220078	1.683603	9.913754
864	-4444.615	-5447.066	1002.451	1.307835	2.077329	8.618654
870	-4449.491	-5452.206	1002.715	1.309214	2.077329	8.477582
876	-4434.797	-5437.435	1002.638	1.317452	2.541808	8.384741
882	-4456.576	-5458.437	1001.861	1.286965	2.53538	8.815097
888	-4463.4	-5465.805	1002.404	1.311424	2.092642	8.636691
894	-4450.967	-5452.78	1001.813	1.310687	2.482436	8.841677
900	-4459.992	-5461.768	1001.776	1.303089	2.015587	8.997483
906	-4474.182	-5476.62	1002.438	1.272162	2.177863	8.614396
912	-4471.085	-5474.187	1003.102	1.491759	2.439793	8.071541
918	-4473.188	-5477.832	1004.645	1.370516	3.105352	7.148998
924	-4462.255	-5464.537	1002.283	1.377093	2.537287	8.542865
930	-4472.291	-5474.438	1002.147	1.377093	2.477672	8.630353
936	-4487.872	-5491.987	1004.116	1.293592	2.958157	7.507527
942	-4470.492	-5475.241	1004.748	1.486426	2.769302	7.109118
948	-4459.395	-5464.113	1004.719	1.516091	2.769302	7.109118
954	-4451.858	-5457.024	1005.166	1.516091	2.238632	7.008932
960	-4471.613	-5475.489	1003.876	1.405746	2.638566	7.652495
966	-4460.511	-5464.759	1004.248	1.465338	2.040453	7.587961
972	-4447.343	-5451.403	1004.06	1.360834	3.199894	7.447432
978	-4462.853	-5465.495	1002.642	1.36395	3.421215	8.156944
984	-4444.224	-5447.301	1003.077	1.293119	3.421215	7.962715
990	-4443.541	-5445.967	1002.426	1.388553	2.673521	8.425928
996	-4432.267	-5436.608	1004.341	1.488657	2.79595	7.320479
1002	-4451.572	-5456.431	1004.859	1.50267	2.101805	7.221845
1008	-4454.62	-5458.32	1003.699	1.448714	3.019179	7.633331
1014	-4479.097	-5484.451	1005.354	1.522841	2.316148	6.882015
1020	-4493.341	-5499.719	1006.378	1.547477	2.713459	6.208954
1026	-4483.005	-5486.569	1003.565	1.492045	2.321988	7.85658
1032	-4460.21	-5464.694	1004.484	1.415479	2.414224	7.380272
1038	-4447.786	-5452.35	1004.565	1.485751	2.533351	7.267738
1044	-4447.483	-5451.932	1004.449	1.401766	2.4961	7.384544
1050	-4454.379	-5457.683	1003.304	1.44443	2.4961	7.974048
1056	-4456.998	-5459.809	1002.812	1.297958	2.716737	8.258681
1062	-4454.604	-5456.974	1002.369	1.329798	2.329412	8.577448
1068	-4445.346	-5447.818	1002.472	1.471848	2.018474	8.538488
1074	-4450.15	-5454.009	1003.859	1.462832	1.959662	7.823086
1080	-4453.288	-5457.627	1004.34	1.418006	2.519457	7.428416
1086	-4452.441	-5455.762	1003.321	1.467133	2.340982	7.994588
1092	-4456.069	-5462.529	1006.461	1.478028	2.531083	6.24839
1098	-4460.795	-5464.107	1003.312	1.433068	1.961105	8.130317
1104	-4442.354	-5443.019	1000.665	1.275218	2.778666	9.393476
1110	-4455.732	-5455.51	999.7774	1.22772	1.979122	10.10337
1116	-4456.377	-5457.91	1001.533	1.22772	1.979122	9.177685
1122	-4451.934	-5453.438	1001.504	1.309974	1.919629	9.168381
1128	-4443.844	-5442.154	998.3098	1.231295	2.229862	10.79789
1134	-4457.229	-5457.021	999.7919	1.207332	2.35468	9.997431
1140	-4464.592	-5464.948	1000.356	1.320142	2.040471	9.731179
1146	-4453.716	-5454.642	1000.926	1.303714	1.892985	9.485535
1152	-4478.152	-5480.977	1002.825	1.369257	2.303572	8.321624
1158	-4447.159	-5451.078	1003.919	1.35202	1.82282	7.894743
1164	-4458.705	-5462.178	1003.473	1.336451	2.680137	7.894743
1170	-4465.908	-5466.829	1000.921	1.275858	2.537436	9.317515
1176	-4468.006	-5468.522	1000.516	1.244441	1.803118	9.762328
1182	-4462.214	-5462.756	1000.543	1.28594	2.432908	9.539392
1188	-4462.409	-5464.628	1002.219	1.297225	2.951456	8.518594
1194	-4466.381	-5467.492	1001.111	1.398681	1.539213	9.461623
1200	-4468.793	-5469.893	1001.1	1.38762	2.566295	9.15668
1206	-4462.753	-5462.796	1000.043	1.453439	1.992848	9.840461
1212	-4467.732	-5468.638	1000.906	1.36488	2.160198	9.381749
1218	-4475.281	-5476.339	1001.058	1.330285	1.955492	9.381749
1224	-4473.083	-5474.306	1001.223	1.30351	2.237923	9.224522
1230	-4476.972	-5478.24	1001.268	1.371515	2.0341	9.224522
1236	-4480.043	-5481.43	1001.387	1.300641	2.282772	9.126232
1242	-4486.266	-5489.449	1003.183	1.28907	2.304838	8.17314
1248	-4489.234	-5490.618	1001.385	1.332846	2.636246	9.017374
1254	-4477.883	-5476.431	998.5477	1.205935	2.376976	10.64595
1260	-4481.5	-5481.286	999.7865	1.243793	2.323548	9.989564
1266	-4476.518	-5477.466	1000.949	1.421585	1.829754	9.431991
1272	-4466.997	-5466.946	999.9493	1.421585	1.992933	9.906556
1278	-4455.14	-5454.463	999.3226	1.33341	2.056512	10.26319
1284	-4451.918	-5452.766	1000.849	1.349156	2.537996	9.316973
1290	-4452.918	-5454.856	1001.937	1.331843	2.453073	8.772122
1296	-4440.587	-5443.449	1002.862	1.358274	2.570929	8.235961
1302	-4449.359	-5451.863	1002.504	1.356795	2.637378	8.410601
1308	-4448.057	-5450.014	1001.958	1.282415	2.75978	8.71017
1314	-4462.776	-5468.388	1005.612	1.569617	3.011687	6.541152
1320	-4459.811	-5467.49	1007.68	1.547987	2.898934	5.451042
1326	-4467.595	-5475.888	1008.293	1.63328	2.380978	5.200138
1332	-4471.801	-5480.328	1008.527	1.676365	2.185269	5.104211
1338	-4496.23	-5504.813	1008.583	1.708768	2.911729	4.85839
1344	-4461.573	-5466.598	1005.025	1.519123	2.623041	6.978969
1350	-4465.859	-5470.986	1005.127	1.54249	2.673075	6.898715
1356	-4457.841	-5463.248	1005.407	1.540814	2.673075	6.748839
1362	-4444.533	-5449.759	1005.226	1.520146	2.263528	6.967381
1368	-4463.33	-5468.529	1005.199	1.616063	2.50545	6.863744
1374	-4459.248	-5466.25	1007.002	1.594515	2.723725	5.840432
1380	-4447.952	-5454.043	1006.091	1.622599	2.716395	6.323416
1386	-4452.794	-5457.933	1005.139	1.510918	2.031189	7.088675
1392	-4440.61	-5444.068	1003.458	1.464282	2.156669	7.975943
1398	-4452.092	-5455.321	1003.229	1.434424	2.98983	7.89895
1404	-4458.342	-5460.886	1002.544	1.434178	1.817524	8.584677
1410	-4455.494	-5458.801	1003.308	1.490207	2.077022	8.066041
1416	-4452.549	-5456.409	1003.86	1.534142	2.618665	7.59748
1422	-4443.064	-5446.402	1003.339	1.403476	2.090635	8.091603
1428	-4460.579	-5464.015	1003.436	1.415548	2.236392	7.990581
1434	-4459.917	-5465.351	1005.434	1.509918	1.83254	6.994665
1440	-4458.53	-5463.74	1005.21	1.550001	1.457223	7.231966
1446	-4464.951	-5468.447	1003.496	1.423168	2.411996	7.905584
1452	-4451.23	-5455.591	1004.361	1.442187	3.063847	7.272148
1458	-4457.648	-5462.893	1005.245	1.496081	2.466297	6.913748
1464	-4442.576	-5447.002	1004.426	1.534355	2.638738	7.289172
1470	-4440.009	-5443.691	1003.683	1.501076	2.026721	7.875623
1476	-4441.529	-5445.593	1004.063	1.430134	2.093104	7.689784
1482	-4459.717	-5462.25	1002.533	1.455052	2.401993	8.404042
1488	-4456.235	-5460.282	1004.047	1.493853	2.27655	7.610468
1494	-4440.158	-5441.718	1001.559	1.374031	1.963132	9.091172
1500	-4455.859	-5456.509	1000.65	1.417909	2.3511	9.435102
1506	-4441.934	-5444.654	1002.719	1.378944	2.014725	8.457386
1512	-4448.661	-5450.131	1001.47	1.39375	2.582992	8.953207
1518	-4443.32	-5445.952	1002.632	1.412551	2.582992	8.326653
1524	-4426.061	-5428.019	1001.958	1.412551	1.898172	8.880319
1530	-4427.471	-5430.07	1002.6	1.41751	1.808826	8.567091
1536	-4433.832	-5436.1	1002.268	1.443311	1.317263	8.915812
1542	-4421.641	-5424.527	1002.887	1.473919	1.554794	8.475456
1548	-4448.764	-5453.188	1004.423	1.497068	2.252091	7.414341
1554	-4446.539	-5449.523	1002.985	1.482178	2.141962	8.222895
1560	-4444.076	-5449.455	1005.379	1.534959	1.722015	7.049359
1566	-4444.477	-5448.183	1003.706	1.487909	1.92429	7.902499
1572	-4438.079	-5442.523	1004.444	1.638806	1.975081	7.410713
1578	-4419.107	-5425.272	1006.165	1.601252	1.985535	6.500493
1584	-4428.91	-5434.998	1006.088	1.589761	1.688937	6.649104
1590	-4420.222	-5424.737	1004.515	1.62386	2.313779	7.279635
1596	-4419.404	-5425.431	1006.026	1.599164	2.917637	6.322072
1602	-4412.8	-5417.456	1004.656	1.4968	2.11218	7.330573
1608	-4425.573	-5429.116	1003.544	1.460004	2.249601	7.905396
1614	-4435.993	-5437.026	1001.033	1.376175	2.249601	9.283012
1620	-4461.262	-5463.936	1002.674	1.392113	2.427587	8.355563
1626	-4440.729	-5443.878	1003.149	1.414657	2.765086	8.004828
1632	-4433.934	-5438.208	1004.274	1.477823	2.432808	7.454316
1638	-4448.961	-5453.104	1004.143	1.383807	2.915773	7.454316
1644	-4452.348	-5455.709	1003.361	1.442259	1.984556	8.09147
1650	-4414.193	-5416.64	1002.448	1.481544	2.616403	8.379522
1656	-4418.518	-5421.438	1002.92	1.498475	2.611982	8.120069
1662	-4442.325	-5443.666	1001.341	1.381647	2.3321	9.094273
1668	-4430.554	-5432.542	1001.988	1.420264	3.048033	8.554067
1674	-4431.219	-5434.294	1003.075	1.436213	2.747386	8.03715
1680	-4441.424	-5444.734	1003.31	1.485863	2.17766	8.03715
1686	-4457.04	-5461.054	1004.014	1.485863	2.17766	7.661169
1692	-4441.238	-5444.066	1002.828	1.485863	2.168669	8.296464
1698	-4433.335	-5435.682	1002.347	1.456849	2.552939	8.462159
1704	-4465.199	-5467.349	1002.151	1.459393	2.169378	8.669995
1710	-4476.74	-5479.074	1002.333	1.417159	1.502087	8.81934
1716	-4450.808	-5452.586	1001.778	1.42087	1.726095	9.028983
1722	-4449.901	-5453.369	1003.469	1.470542	2.582418	7.849787
1728	-4441.313	-5444.841	1003.529	1.483227	2.282836	7.891647
1734	-4434.738	-5438.147	1003.409	1.470329	1.704535	8.144583
1740	-4426.824	-5430.29	1003.466	1.450798	2.127391	7.98746
1746	-4430.929	-5434.209	1003.281	1.484404	2.4128	7.98746
1752	-4445.824	-5449.994	1004.17	1.526834	2.4128	7.489338
1758	-4442.754	-5447.819	1005.065	1.608388	2.291017	6.998554
1764	-4450.779	-5456.365	1005.586	1.61559	2.262444	6.722052
1770	-4432.763	-5438.207	1005.444	1.575179	1.974893	6.907329
1776	-4430.681	-5434.173	1003.492	1.485789	2.167409	7.943159
1782	-4433.66	-5436.6	1002.939	1.446641	2.011282	8.30565
1788	-4432.922	-5434.709	1001.788	1.410166	2.62885	8.764617
1794	-4438.882	-5441.276	1002.394	1.388974	2.08004	8.605047
1800	-4449.778	-5452.384	1002.607	1.370861	3.18265	8.22186
1806	-4451.892	-5453.262	1001.37	1.367975	2.242428	9.111127
1812	-4463.628	-5464.846	1001.218	1.392013	2.884303	9.014338
1818	-4478.52	-5477.35	998.8295	1.315835	3.057888	10.2752
1824	-4460.157	-5458.081	997.9232	1.24554	2.766726	10.85427
1830	-4455.005	-5452.995	997.9897	1.234058	2.286762	10.94833
1836	-4437.675	-5439.808	1002.133	1.397459	2.971488	8.506557
1842	-4465.888	-5469.022	1003.133	1.412469	2.971488	7.965938
1848	-4467.944	-5470.68	1002.736	1.399914	3.411341	8.089571
1854	-4447.843	-5449.917	1002.074	1.483689	2.722569	8.550685
1860	-4433.328	-5435.222	1001.893	1.428072	2.492227	8.734075
1866	-4430.583	-5433.055	1002.472	1.431383	2.408854	8.447433
1872	-4434.253	-5437.384	1003.131	1.438147	2.636844	8.033372
1878	-4448.344	-5449.597	1001.253	1.43847	2.81905	8.986568
1884	-4450.834	-5453.66	1002.826	1.356084	2.81905	8.195401
1890	-4462.367	-5466.803	1004.436	1.45171	2.389263	7.393613
1896	-4473.084	-5477.463	1004.379	1.466847	2.389263	7.415822
1902	-4431.827	-5434.154	1002.327	1.432321	2.467757	8.508157
1908	-4456.772	-5459.647	1002.875	1.365871	2.284669	8.301872
1914	-4456.927	-5460.355	1003.429	1.442086	2.392986	7.936452
1920	-4458.252	-5462.46	1004.208	1.492906	2.580877	7.442942
1926	-4448.849	-5451.599	1002.75	1.359515	2.588324	8.290674
1932	-4474.091	-5478.062	1003.97	1.365785	3.288802	7.473711
1938	-4452.331	-5455.755	1003.424	1.427175	2.66808	7.875075
1944	-4449.02	-5456.105	1007.085	1.597393	3.05137	5.714678
1950	-4450.866	-5457.199	1006.333	1.56295	1.858083	6.472018
1956	-4456.394	-5463.442	1007.048	1.589824	2.486909	5.879219
1962	-4442.84	-5448.127	1005.287	1.46965	2.576742	6.876436
1968	-4454.887	-5459.942	1005.056	1.475066	1.777477	7.235838
1974	-4455.215	-5458.401	1003.186	1.396089	1.929716	8.226876
1980	-4437.562	-5440.835	1003.273	1.437534	2.248613	8.061912
1986	-4458.365	-5463.424	1005.06	1.560194	2.069241	7.092978
1992	-4453.248	-5458.161	1004.913	1.519953	2.417921	7.092978
1998	-4465.747	-5470.235	1004.488	1.462167	2.175038	7.420661
2004	-4449.93	-5453.627	1003.697	1.391499	2.230289	7.865861
2010	-4470.204	-5473.744	1003.54	1.324691	1.916724	8.080656
2016	-4481.645	-5483.927	1002.282	1.242397	2.274764	8.685439
2022	-4475.229	-5476.505	1001.276	1.399315	2.158649	9.168142
2028	-4476.092	-5478.681	1002.589	1.429373	2.218554	8.439072
2034	-4483.128	-5483.878	1000.751	1.415983	2.350462	9.383023
2040	-4469.567	-5469.933	1000.367	1.368426	2.017158	9.707131
2046	-4466.295	-5466.692	1000.397	1.314541	3.165452	9.426814
2052	-4463.1	-5464.614	1001.514	1.388487	3.451263	8.737276
2058	-4474.393	-5476.053	1001.66	1.392446	2.477463	8.880324
2064	-4457.568	-5461.83	1004.263	1.462058	2.676879	7.405756
2070	-4455.78	-5459.61	1003.83	1.488789	2.928835	7.562482
2076	-4466.486	-5468.128	1001.642	1.44491	2.499887	8.856392
2082	-4456.632	-5460.506	1003.874	1.445344	3.007801	7.544308
2088	-4465.83	-5468.303	1002.473	1.386232	2.749809	8.383577
2094	-4462.636	-5463.804	1001.169	1.321521	2.451951	9.184769
2100	-4463.584	-5463.984	1000.4	1.368326	2.745837	9.492269
2106	-4481.235	-5482.499	1001.265	1.314163	2.68325	9.079096
2112	-4482.455	-5484.017	1001.561	1.357838	2.214974	9.023154
2118	-4485.462	-5488.892	1003.429	1.484999	2.739245	7.824013
2124	-4504.189	-5507.531	1003.342	1.386833	2.93564	7.876471
2130	-4485.235	-5487.965	1002.73	1.424932	2.22714	8.363894
2136	-4473.033	-5473.049	1000.017	1.370066	2.646159	9.717794
2142	-4477.43	-5478.232	1000.803	1.29498	2.562918	9.363585
2148	-4478.162	-5478.958	1000.795	1.302166	2.562918	9.363585
2154	-4470.266	-5473.148	1002.882	1.321978	2.329424	8.309316
2160	-4482.665	-5481.398	998.7327	1.310332	2.329424	10.50692
2166	-4464	-5464.867	1000.867	1.340918	1.469748	9.647532
2172	-4461.479	-5462.15	1000.671	1.340918	2.120142	9.530287
2178	-4462.315	-5463.874	1001.559	1.437629	1.585662	9.186759
2184	-4458.836	-5459.753	1000.917	1.40413	2.333397	9.306201
2190	-4452.972	-5455.476	1002.504	1.405326	1.834749	8.615388
2196	-4454.647	-5455.372	1000.724	1.372897	1.944134	9.538888
2202	-4454.299	-5456.762	1002.463	1.378911	2.606207	8.428451
2208	-4445.23	-5447.276	1002.046	1.378911	2.713736	8.623272
2214	-4453.856	-5454.416	1000.56	1.359375	2.028242	9.606468
2220	-4450.278	-5450.644	1000.366	1.341132	2.798879	9.511992
2226	-4448.797	-5447.904	999.1064	1.23485	2.676134	10.26074
2232	-4446.179	-5447.246	1001.067	1.278898	2.886937	9.15352
2238	-4462.855	-5464.825	1001.97	1.33015	2.190808	8.828299
2244	-4459.205	-5461.205	1002	1.300019	2.190808	8.828299
2250	-4457.162	-5459.189	1002.027	1.345092	2.061812	8.828299
2256	-4450.206	-5451.426	1001.22	1.37421	2.061812	9.240321
2262	-4485.154	-5486.593	1001.439	1.394167	1.968858	9.142607
2268	-4470.747	-5473.194	1002.447	1.39616	2.305965	8.507542
2274	-4466.604	-5469.151	1002.546	1.41974	1.858871	8.577431
2280	-4468.485	-5470.686	1002.201	1.507294	2.46704	8.535316
2286	-4464.938	-5469.65	1004.712	1.513445	1.823691	7.383713
2292	-4455.7	-5458.595	1002.895	1.37224	2.855455	8.141259
2298	-4450.65	-5452.842	1002.192	1.418831	3.106664	8.433586
2304	-4436.137	-5436.861	1000.724	1.346163	2.57443	9.375068
2310	-4417.627	-5419.439	1001.812	1.329197	2.355417	8.865995
2316	-4420.764	-5422.206	1001.443	1.315929	3.114493	8.884131
2322	-4422.834	-5425.62	1002.786	1.401463	2.758372	8.206811
2328	-4438.318	-5441.623	1003.305	1.528684	2.843614	7.842041
2334	-4448.168	-5451.295	1003.126	1.491477	1.9991	8.185903
2340	-4436.634	-5440.117	1003.483	1.426108	2.671926	7.843413
2346	-4436.703	-5439.982	1003.278	1.46663	2.24916	8.043517
2352	-4436.23	-5439.004	1002.774	1.436478	2.730004	8.201769
2358	-4436.838	-5439.673	1002.836	1.419779	2.632342	8.201769
2364	-4441.133	-5443.528	1002.395	1.355027	2.856924	8.416452
2370	-4461.258	-5463.607	1002.349	1.36036	2.391276	8.554989
2376	-4462.972	-5465.038	1002.067	1.331837	2.765922	8.624469
2382	-4441.697	-5445.677	1003.981	1.468939	2.571889	7.579759
2388	-4438.789	-5441.932	1003.143	1.466136	2.356597	8.086032
2394	-4438.1	-5441.958	1003.858	1.542083	1.900544	7.799851
2400	-4432.982	-5438.89	1005.909	1.617026	2.439705	6.496985
2406	-4438.497	-5442.627	1004.13	1.569847	2.544597	7.452748
2412	-4449.026	-5454.923	1005.898	1.624465	2.505282	6.481435
2418	-4436.942	-5444.249	1007.307	1.565732	3.05202	5.60992
2424	-4442.213	-5446.782	1004.57	1.538452	2.615651	7.215483
2430	-4441.783	-5443.978	1002.195	1.396605	1.921905	8.755548
2436	-4462.344	-5463.29	1000.946	1.370366	2.771232	9.196558
2442	-4438.514	-5441.202	1002.688	1.440344	2.341155	8.34637
2448	-4428.285	-5430.739	1002.454	1.359521	3.086943	8.329927
2454	-4434.198	-5436.694	1002.496	1.418928	2.297708	8.471722
2460	-4426.109	-5426.698	1000.588	1.415293	2.490282	9.431862
2466	-4400.145	-5404.232	1004.087	1.432963	3.050442	7.427283
2472	-4415.994	-5418.698	1002.704	1.442634	2.903717	8.194234
2478	-4414.031	-5417.522	1003.491	1.487009	2.721405	7.794575
2484	-4434.164	-5437.521	1003.357	1.45045	2.189674	8.027281
2490	-4437.04	-5438.798	1001.758	1.3302	2.872574	8.763811
2496	-4427.979	-5430.547	1002.568	1.389407	2.637468	8.359259
2502	-4425.161	-5427.758	1002.596	1.360901	2.637468	8.359259
2508	-4437.258	-5438.743	1001.485	1.318286	2.136271	9.10726
2514	-4439.344	-5439.825	1000.48	1.344781	2.328727	9.569243
2520	-4454.308	-5456.301	1001.992	1.344781	3.331666	8.53093
2526	-4451.435	-5453.466	1002.03	1.35758	2.699921	8.646188
2532	-4438.569	-5440.556	1001.987	1.380686	2.51557	8.70375
2538	-4433.345	-5437.308	1003.964	1.503788	2.649007	7.550498
2544	-4434.782	-5439.034	1004.252	1.411648	2.46112	7.493978
2550	-4422.147	-5423.961	1001.814	1.384285	1.788815	9.007941
2556	-4423.403	-5425.17	1001.767	1.384285	2.703394	8.770672
2562	-4435.576	-5437.713	1002.137	1.330038	2.086783	8.770672
2568	-4446.525	-5448.196	1001.671	1.402023	2.035769	8.99463
2574	-4438.461	-5439.682	1001.222	1.329035	2.638921	9.104984
2580	-4424.048	-5425.472	1001.424	1.300954	2.288782	9.104984
2586	-4443.405	-5443.162	999.7572	1.24763	2.499205	9.956203
2592	-4457.701	-5458.396	1000.695	1.322432	2.392587	9.450486
2598	-4459.977	-5460.886	1000.91	1.322432	2.739879	9.248744
2604	-4477.305	-5479.4	1002.095	1.390699	2.796664	8.570926
2610	-4457.679	-5458.859	1001.18	1.422479	2.029446	9.245431
2616	-4426.036	-5428.497	1002.461	1.403512	3.020417	8.317554
2622	-4416.739	-5418.728	1001.989	1.361182	3.020417	8.59094
2628	-4424.445	-5425.617	1001.172	1.444832	2.163834	9.197773
2634	-4421.165	-5424.026	1002.861	1.43559	2.771962	8.145405
2640	-4419.939	-5423.736	1003.797	1.504382	2.640586	7.641805
2646	-4414.555	-5415.203	1000.648	1.365347	2.346304	9.465281
2652	-4423.402	-5424.395	1000.993	1.370009	2.196122	9.322694
2658	-4433.903	-5433.326	999.4227	1.286894	2.446136	10.12537
2664	-4438.682	-5440.92	1002.238	1.373759	2.280023	8.637506
2670	-4433.604	-5437.285	1003.681	1.412586	2.795123	7.71473
2676	-4447.315	-5450.98	1003.664	1.354842	2.71538	7.774034
2682	-4435.913	-5439.228	1003.315	1.374257	2.269292	8.067562
2688	-4457.529	-5459.85	1002.321	1.426388	1.740828	8.733178
2694	-4465.831	-5470.661	1004.83	1.484812	1.740828	7.364311
2700	-4451.739	-5453.744	1002.004	1.51483	2.062111	8.75025
2706	-4436.969	-5439.746	1002.777	1.469191	1.940193	8.402176
2712	-4442.204	-5445.266	1003.063	1.483196	1.824901	8.2805
2718	-4446.172	-5449.987	1003.815	1.47028	2.772428	7.617714
2724	-4438.399	-5442.28	1003.881	1.369139	2.85063	7.617714
2730	-4433.574	-5437.75	1004.176	1.369139	2.243726	7.617714
2736	-4432.469	-5436.708	1004.239	1.426843	2.500536	7.482442
2742	-4440.547	-5441.454	1000.907	1.402857	2.66207	9.22673
2748	-4441.33	-5441.089	999.7596	1.326812	2.339481	9.955685
2754	-4428.991	-5428.604	999.6128	1.315661	2.752962	9.933211
2760	-4426.465	-5426.155	999.6895	1.2902	2.111618	10.07652
2766	-4426.283	-5426.686	1000.403	1.419603	2.045625	9.652331
2772	-4436.333	-5437.295	1000.961	1.341642	2.916617	9.169475
2778	-4440.818	-5438.593	997.7756	1.302394	2.321138	11.01523
2784	-4436.639	-5434.976	998.3368	1.262202	2.321138	10.74218
2790	-4450.665	-5449.951	999.2866	1.339786	1.748864	10.37755
2796	-4467.239	-5468.252	1001.013	1.386398	2.204841	9.300922
2802	-4462.403	-5460.86	998.4561	1.336881	2.834711	10.51081
2808	-4460.143	-5460.172	1000.029	1.272898	2.16615	9.890916
2814	-4451.69	-5451.45	999.7603	1.292299	2.240362	10.00099
2820	-4459.277	-5459.012	999.7356	1.320104	2.234611	10.00099
2826	-4456.362	-5456.483	1000.121	1.417289	2.533367	9.666359
2832	-4457.768	-5458.234	1000.466	1.287758	2.120227	9.666359
2838	-4486.022	-5484.946	998.924	1.287758	3.117239	10.2273
2844	-4445.14	-5444.326	999.1863	1.267562	2.572434	10.2273
2850	-4432.361	-5433.059	1000.698	1.289034	2.176303	9.526951
2856	-4444.536	-5445.358	1000.822	1.327741	2.936457	9.246239
2862	-4430.786	-5431.417	1000.631	1.379033	2.312506	9.476415
2868	-4420.202	-5421.986	1001.784	1.372423	2.721741	8.76384
2874	-4426.338	-5428.559	1002.221	1.327706	2.257108	8.677668
2880	-4436.947	-5439.189	1002.243	1.416553	2.309557	8.604178
2886	-4435.997	-5437.701	1001.704	1.38891	2.670585	8.809928
2892	-4435	-5435.406	1000.406	1.38891	2.670585	9.49631
2898	-4436.674	-5439.169	1002.495	1.422875	2.954057	8.304623
2904	-4430.148	-5434.682	1004.534	1.427098	2.954057	7.212408
2910	-4442.089	-5444.982	1002.893	1.410238	2.940835	8.102278
2916	-4428.135	-5431.597	1003.462	1.501331	2.934639	7.751725
2922	-4448.566	-5447.994	999.4285	1.334093	2.050566	10.20897
2928	-4440.037	-5442.797	1002.761	1.393834	2.986372	8.171205
2934	-4450.451	-5452.208	1001.756	1.358271	3.085433	8.701765
2940	-4456.441	-5458.974	1002.534	1.399794	2.224562	8.482532
2946	-4470.276	-5472.79	1002.514	1.394809	2.224562	8.495492
2952	-4479.791	-5483.102	1003.311	1.469234	3.040671	7.825322
2958	-4464.969	-5469.271	1004.302	1.472299	2.493239	7.426409
2964	-4477.099	-5482.864	1005.765	1.527069	3.140769	6.451718
2970	-4482.83	-5488.473	1005.643	1.46671	2.644842	6.668339
2976	-4504.91	-5511.27	1006.36	1.561153	2.878484	6.170569
2982	-4470.837	-5470.362	999.5242	1.358608	2.437683	10.0365
2988	-4454.135	-5455.62	1001.485	1.420391	2.349563	8.992742
2994	-4449.056	-5451.188	1002.132	1.401557	1.721962	8.853552
3000	-4445.031	-5447.088	1002.057	1.396772	2.030748	8.794656
3006	-4435.023	-5436.218	1001.195	1.354373	2.030748	9.273051
3012	-4433.043	-5435.336	1002.293	1.369684	2.018936	8.687348
3018	-4440.806	-5444.814	1004.008	1.388899	2.431844	7.644557
3024	-4472.032	-5470.654	998.6222	1.256211	1.75079	10.76945
3030	-4467.663	-5465.641	997.9782	1.248954	2.264897	10.95258
3036	-4456.566	-5453.48	996.9139	1.202793	2.010605	11.60772
3042	-4464.318	-5460.889	996.5711	1.189471	2.020658	11.79067
3048	-4464.486	-5464.15	999.6635	1.198635	2.061762	10.15323
3054	-4455.945	-5455.624	999.6782	1.258921	1.934148	10.15323
3060	-4463.575	-5468.863	1005.288	1.38366	2.904079	6.841557
3066	-4455.345	-5455.308	999.9626	1.214799	2.835912	9.782434
3072	-4445.266	-5444.655	999.3894	1.22758	2.812761	10.08293
3078	-4452.144	-5450.189	998.0451	1.16851	2.01566	11.03233
3084	-4444.041	-5442.212	998.171	1.214603	2.137394	10.9059
3090	-4443.439	-5442.652	999.2138	1.144116	1.821695	10.49402
3096	-4435.934	-5433.548	997.6134	1.276389	1.970576	11.21578
3102	-4462.676	-5462.246	999.5706	1.252926	2.202589	10.13225
3108	-4455.681	-5456.818	1001.137	1.252926	2.03057	9.357745
3114	-4445.046	-5445.5	1000.454	1.373957	2.03057	9.65417
3120	-4445.169	-5446.755	1001.586	1.324299	2.637557	8.914819
3126	-4431.711	-5432.794	1001.083	1.311209	1.859134	9.409519
3132	-4433.316	-5435.512	1002.196	1.270191	1.986899	8.801748
3138	-4450.572	-5450.904	1000.332	1.309657	2.383063	9.65157
3144	-4447.229	-5451.198	1003.97	1.314838	1.933322	7.851264
3150	-4435.619	-5436.784	1001.165	1.42422	1.859518	9.306482
3156	-4438.846	-5440.659	1001.814	1.421651	2.045825	8.905714
3162	-4436.286	-5437.151	1000.866	1.421651	1.998419	9.42161
3168	-4449.915	-5453.08	1003.165	1.434861	2.227539	8.12723
3174	-4440.401	-5443.427	1003.026	1.439228	2.227539	8.198594
3180	-4442.202	-5445.11	1002.908	1.428803	1.734906	8.422564
3186	-4432.724	-5433.681	1000.956	1.433663	2.033311	9.356703
3192	-4434.125	-5433.12	998.9948	1.317427	2.033311	10.45085
3198	-4448.558	-5449.06	1000.501	1.371064	1.648384	9.757177
3204	-4453.153	-5453.307	1000.154	1.323682	2.311783	9.757177
3210	-4450.832	-5453.006	1002.174	1.323682	2.330845	8.683751
3216	-4444.797	-5443.65	998.8528	1.311225	1.838766	10.59016
3222	-4452.203	-5451.345	999.1412	1.311225	2.603845	10.22016
3228	-4463.248	-5464.161	1000.914	1.298278	2.193338	9.40322
3234	-4466.575	-5466.056	999.4815	1.309204	2.72713	10.01195
3240	-4448.803	-5450.068	1001.265	1.390574	2.316558	9.134158
3246	-4439.773	-5440.457	1000.684	1.263697	2.687802	9.411476
3252	-4440.553	-5440.213	999.6601	1.289296	2.412188	10.0082
3258	-4450.644	-5448.657	998.0135	1.188112	2.412188	10.92597
3264	-4447.248	-5446.942	999.694	1.273058	2.198744	10.05785
3270	-4451.002	-5451.462	1000.46	1.19482	2.082784	9.729369
3276	-4467.96	-5464.474	996.5142	1.214423	2.885985	11.58012
3282	-4448.213	-5444.866	996.6529	1.199697	2.614037	11.58012
3288	-4448.821	-5446.492	997.6713	1.199697	2.846327	10.99157
3294	-4443.185	-5442.125	998.9398	1.328204	2.318034	10.39189
3300	-4446.723	-5446.629	999.9053	1.240871	2.643949	9.845102
3306	-4447.757	-5449.862	1002.105	1.362295	2.643949	8.618133
3312	-4449.793	-5453.285	1003.491	1.362295	2.887878	7.820917
3318	-4473.275	-5470.652	997.3767	1.279344	2.401527	11.21447
3324	-4461.874	-5464.198	1002.324	1.469745	2.175725	8.570785
3330	-4437.97	-5440.227	1002.257	1.411294	2.811658	8.47034
3336	-4449.044	-5450.809	1001.765	1.37015	2.366943	8.866359
3342	-4440.655	-5442.828	1002.173	1.37015	2.638265	8.578961
3348	-4428.172	-5431.122	1002.95	1.372559	2.671995	8.156057
3354	-4432.471	-5435.621	1003.15	1.479124	2.077096	8.156057
3360	-4428.44	-5430.657	1002.217	1.351162	2.077096	8.720003
3366	-4441.184	-5442.259	1001.074	1.31637	2.077096	9.34313
3372	-4430.625	-5432.281	1001.656	1.398866	2.39759	8.90043
3378	-4433.415	-5435.284	1001.868	1.369795	2.058102	8.90043
3384	-4463.065	-5465.972	1002.907	1.414888	2.057427	8.325444
3390	-4469.246	-5471.969	1002.723	1.391596	2.444006	8.325444
3396	-4458.09	-5461.625	1003.535	1.536914	2.744948	7.73856
3402	-4454.033	-5458.066	1004.033	1.432005	2.600889	7.564137
3408	-4459.545	-5461.299	1001.755	1.30725	2.600889	8.843851
3414	-4453.127	-5455.378	1002.252	1.392093	2.20378	8.64231
3420	-4466.112	-5467.858	1001.746	1.410858	2.029187	8.952255
3426	-4460.593	-5463.042	1002.449	1.413082	2.196482	8.528601
3432	-4459.286	-5461.103	1001.818	1.353414	2.023677	8.946499
3438	-4463.926	-5463.946	1000.02	1.298741	2.004492	9.930623
3444	-4446.106	-5446.354	1000.248	1.341474	2.223081	9.72315
3450	-4445.743	-5446.525	1000.782	1.370141	1.947186	9.508785
3456	-4471.786	-5469.514	997.7274	1.273117	2.004134	11.14747
3462	-4474.607	-5473.163	998.555	1.334123	2.174684	10.63108
3468	-4467.433	-5467.202	999.769	1.355078	2.170431	9.983362
3474	-4458.069	-5459.75	1001.681	1.355078	2.285797	8.941136
3480	-4447.324	-5449.145	1001.82	1.375899	1.997999	8.941136
3486	-4455.61	-5457.191	1001.582	1.472276	2.149341	8.970799
3492	-4454.541	-5458.294	1003.754	1.485499	1.874699	7.894506
3498	-4464.324	-5467.142	1002.818	1.441382	2.039958	8.363958
3504	-4451.49	-5451.729	1000.239	1.269151	2.19917	9.772722
3510	-4465.433	-5463.904	998.4707	1.312639	1.977209	10.74561
3516	-4454.755	-5453.422	998.6673	1.29713	2.881987	10.4098
3522	-4480.12	-5476.117	995.9973	1.326734	1.647491	12.14102
3528	-4482.469	-5482.79	1000.321	1.284286	1.812681	9.840858
3534	-4461.745	-5459.575	997.8298	1.26106	2.00166	11.10094
3540	-4467.927	-5465.894	997.9672	1.304994	1.710525	11.10094
3546	-4450.327	-5450.347	1000.02	1.253831	1.970262	9.964565
3552	-4454.059	-5453.866	999.8065	1.200587	2.769845	9.887758
3558	-4450.464	-5451.221	1000.757	1.300348	2.186449	9.486651
3564	-4472.282	-5474.176	1001.894	1.354389	1.923943	8.936841
3570	-4496.592	-5500.161	1003.569	1.391137	2.098354	7.972994
3576	-4477.358	-5474.174	996.8164	1.251478	2.276028	11.5561
3582	-4483.042	-5482.659	999.6164	1.243251	1.624606	10.29879
3588	-4467.029	-5466.135	999.1065	1.239116	2.515116	10.29879
3594	-4475.581	-5472.843	997.2626	1.257262	2.003701	11.39906
3600	-4458.979	-5458.309	999.3308	1.247528	2.003701	10.32013
3606	-4469.369	-5469.988	1000.619	1.324534	2.627793	9.428596
3612	-4453.42	-5453.614	1000.194	1.279561	2.00052	9.849985
3618	-4456.786	-5457.645	1000.859	1.387956	2.565711	9.283901
3624	-4442.686	-5443.337	1000.651	1.395959	2.565711	9.389844
3630	-4430.486	-5430.409	999.9233	1.324883	2.337211	9.871105
3636	-4430.721	-5430.838	1000.117	1.264153	2.091783	9.871105
3642	-4455.06	-5454.345	999.2849	1.264153	2.661209	10.15511
3648	-4455.991	-5455.238	999.2469	1.304942	2.655266	10.15511
3654	-4453.094	-5452.559	999.4655	1.253832	2.07599	10.22409
3660	-4455.444	-5456.622	1001.178	1.333916	2.15798	9.254999
3666	-4459.109	-5459.64	1000.532	1.354076	2.430185	9.50995
3672	-4461.539	-5463.092	1001.553	1.33566	2.189427	9.046683
3678	-4466.027	-5466.434	1000.407	1.320235	2.04335	9.703217
3684	-4467.013	-5467.721	1000.707	1.275786	3.404475	9.233471
3690	-4453.956	-5456.225	1002.269	1.338666	2.138599	8.68034
3696	-4445.418	-5446.971	1001.553	1.338666	2.504196	8.958512
3702	-4453.869	-5455.867	1001.998	1.319406	2.294993	8.789522
3708	-4454.748	-5456.627	1001.879	1.434993	2.302121	8.789522
3714	-4464.627	-5467.623	1002.996	1.434993	1.62222	8.412871
3720	-4449.007	-5451.502	1002.495	1.45259	2.516622	8.395363
3726	-4461.504	-5466.044	1004.541	1.528285	1.560444	7.562201
3732	-4479.842	-5484.113	1004.271	1.428328	2.150758	7.562201
3738	-4473.451	-5475.023	1001.573	1.44013	2.132654	8.99753
3744	-4470.198	-5472.324	1002.126	1.391158	2.221638	8.704486
3750	-4457.813	-5458.184	1000.37	1.285939	2.715315	9.558679
3756	-4452.516	-5452.244	999.7283	1.280351	2.715315	9.900069
3762	-4442.452	-5444.378	1001.927	1.385786	2.260896	8.801695
3768	-4457.595	-5459.871	1002.277	1.436975	1.600356	8.801695
3774	-4456.149	-5458.013	1001.865	1.362496	1.913443	8.951542
3780	-4449.899	-5450.931	1001.032	1.377473	2.506085	9.21337
3786	-4439.55	-5443.059	1003.509	1.396671	1.810979	8.09373
3792	-4439.446	-5441.967	1002.521	1.444494	2.86206	8.300609
3798	-4438.507	-5442.193	1003.686	1.421841	2.989772	7.661687
3804	-4437.991	-5441.835	1003.844	1.518427	2.318043	7.694257
3810	-4461.043	-5464.906	1003.863	1.463078	2.388445	7.694257
3816	-4464.694	-5468.808	1004.114	1.504048	2.139045	7.609483
3822	-4459.122	-5464.016	1004.895	1.541332	1.931721	7.235145
3828	-4460.709	-5464.79	1004.08	1.548125	1.944764	7.663701
3834	-4467.942	-5471.567	1003.626	1.466692	1.960982	7.944999
3840	-4465.484	-5467.382	1001.897	1.353421	1.740961	8.996536
3846	-4459.847	-5459.297	999.4502	1.329155	1.534967	10.37418
3852	-4475.413	-5473.647	998.2341	1.194707	2.393403	10.81187
3858	-4474.273	-5471.019	996.7456	1.186492	2.824646	11.48793
3864	-4475.663	-5473.264	997.6014	1.156285	2.603283	11.10937
3870	-4484	-5488.207	1004.207	1.476339	3.089916	7.330696
3876	-4503.3	-5507.902	1004.602	1.417471	2.446355	7.307412
3882	-4494.279	-5497.235	1002.955	1.382078	3.104926	8.047069
3888	-4462.864	-5466.482	1003.619	1.399093	2.397715	7.856645
3894	-4476.088	-5479.77	1003.682	1.470269	2.229745	7.831867
3900	-4467.366	-5470.747	1003.38	1.365691	2.229745	8.048472
3906	-4484.905	-5487.33	1002.425	1.356999	1.587111	8.770434
3912	-4493.472	-5497.12	1003.648	1.447073	2.287535	7.845973
3918	-4483.672	-5485.503	1001.83	1.344093	1.805957	9.014694
3924	-4491.47	-5491.869	1000.399	1.291252	2.433361	9.612157
3930	-4488.665	-5487.566	998.9005	1.298061	1.785229	10.58982
3936	-4507.594	-5507.487	999.8921	1.226884	1.977444	10.04394
3942	-4502.586	-5501.164	998.578	1.310128	1.665556	10.79404
3948	-4467.559	-5468.555	1000.997	1.27682	2.197406	9.369616
3954	-4472.357	-5470.419	998.0614	1.27799	2.010846	10.96795
3960	-4459.135	-5458.889	999.7536	1.27799	2.340251	9.984302
3966	-4472.907	-5470.649	997.7416	1.258464	2.001535	11.14851
3972	-4472.66	-5466.363	993.7024	1.222224	2.001535	13.27346
3978	-4470.543	-5467.377	996.8339	1.186254	1.80249	11.72439
3984	-4488.132	-5487.555	999.4226	1.338374	2.175996	10.17278
3990	-4480.79	-5482.11	1001.32	1.370676	2.219768	9.142566
3996	-4485.327	-5484.481	999.1538	1.273681	2.102698	10.36947
4002	-4488.979	-5490.095	1001.116	1.314363	2.036011	9.334566
4008	-4488.814	-5489.415	1000.601	1.346282	2.244307	9.528174
4014	-4460.661	-5460.257	999.5967	1.346282	2.439745	10.00429
4020	-4462.396	-5460.047	997.6517	1.185072	1.773502	11.30728
4026	-4469.593	-5468.805	999.2116	1.25098	1.762107	10.45908
4032	-4470.186	-5466.405	996.2192	1.237211	1.772329	12.02875
4038	-4463.932	-5462.112	998.1802	1.274658	1.742474	10.99424
4044	-4462.318	-5461.919	999.6012	1.254743	1.831915	10.22899
4050	-4459.368	-5455.693	996.3248	1.2757	1.990789	11.88337
4056	-4455.16	-5456.555	1001.394	1.2757	2.183966	9.163905
4062	-4470.408	-5472.162	1001.755	1.381521	1.903503	9.002883
4068	-4456.102	-5460.127	1004.025	1.49868	2.283567	7.617811
4074	-4472.984	-5476.38	1003.396	1.448683	2.780076	7.851231
4080	-4476.056	-5480.956	1004.9	1.431933	2.501841	7.124638
4086	-4474.405	-5475.219	1000.814	1.399144	2.501841	9.318259
4092	-4471.4	-5472.282	1000.882	1.395279	2.373838	9.318259
4098	-4462.088	-5463.138	1001.049	1.457471	1.958576	9.318259
4104	-4477.716	-5481.205	1003.489	1.448654	2.970831	7.756688
4110	-4452.292	-5453.263	1000.971	1.348802	2.274009	9.323471
4116	-4465.943	-5469.439	1003.495	1.348802	2.578599	7.901627
4122	-4451.524	-5453.986	1002.462	1.424303	2.21291	8.510594
4128	-4462.105	-5462.958	1000.853	1.371809	1.528999	9.615389
4134	-4481.76	-5484.523	1002.762	1.374321	2.884547	8.204162
4140	-4478.772	-5483.724	1004.952	1.452953	2.276089	7.147398
4146	-4475.333	-5480.029	1004.697	1.407225	2.033048	7.381292
4152	-4445.878	-5451.218	1005.34	1.472239	2.429274	6.885516
4158	-4447.253	-5453.061	1005.808	1.397403	3.481941	6.426212
4164	-4447.664	-5454.101	1006.436	1.575163	2.675035	6.17174
4170	-4444.669	-5449.509	1004.84	1.460001	2.947649	7.031585
4176	-4445.826	-5449.77	1003.944	1.431699	2.949125	7.5275
4182	-4436.544	-5438.922	1002.378	1.42608	2.16315	8.569024
4188	-4437.552	-5442.172	1004.62	1.415788	2.709915	7.230749
4194	-4450.123	-5455.105	1004.982	1.415788	2.206026	7.1712
4200	-4446.737	-5453.004	1006.267	1.467193	2.911001	6.264864
4206	-4459.101	-5466.129	1007.027	1.500104	2.280404	5.997131
4212	-4455.289	-5462.452	1007.162	1.523197	2.835836	5.76395
4218	-4463.71	-5470.976	1007.266	1.532302	3.502401	5.552911
4224	-4483.215	-5490.51	1007.295	1.60017	2.521069	5.72955
4230	-4470.624	-5478.833	1008.209	1.653538	2.683831	5.154188
4236	-4467.199	-5475.744	1008.545	1.696829	2.270241	5.057447
4242	-4466.045	-5473.268	1007.223	1.619599	2.270241	5.828159
4248	-4449.424	-5456.289	1006.865	1.619599	2.870095	5.865355
4254	-4443.04	-5448.997	1005.957	1.479396	2.870095	6.435914
4260	-4436.349	-5442.927	1006.578	1.479824	2.939074	6.081782
4266	-4452.391	-5458.813	1006.422	1.479824	2.701332	6.22474
4272	-4445.835	-5453.05	1007.215	1.582422	2.511237	5.785492
4278	-4466.327	-5471.506	1005.179	1.442191	2.87755	6.875189
4284	-4457.09	-5463.947	1006.856	1.546305	2.368455	6.04027
4290	-4460.188	-5465.694	1005.506	1.461835	2.368455	6.818189
4296	-4433.74	-5437.766	1004.027	1.450342	2.454418	7.595964
4302	-4443.66	-5445.527	1001.867	1.454907	2.320345	8.780245
4308	-4448.161	-5450.555	1002.394	1.37316	2.680062	8.449568
4314	-4435.278	-5438.479	1003.201	1.371299	2.747414	8.004536
4320	-4437.581	-5441.007	1003.426	1.429867	2.188316	8.001886
4326	-4442.649	-5446.459	1003.81	1.429867	2.35039	7.750965
4332	-4452.03	-5457.168	1005.138	1.364407	3.292204	6.846165
4338	-4458.742	-5464.531	1005.789	1.4109	3.593019	6.4072
4344	-4460.043	-5462.796	1002.754	1.330195	2.446736	8.341171
4350	-4462.671	-5462.742	1000.071	1.280464	2.640227	9.737795
4356	-4484.367	-5486.377	1002.009	1.315363	1.74205	8.95698
4362	-4496.004	-5498.511	1002.507	1.385583	2.911445	8.327601
4368	-4481.374	-5483.753	1002.379	1.399308	2.33417	8.533841
4374	-4476.779	-5481.43	1004.651	1.399308	2.189808	7.362752
4380	-4463.131	-5464.311	1001.18	1.321576	2.533664	9.157473
4386	-4459.758	-5462.094	1002.336	1.363913	1.722296	8.765058
4392	-4451.671	-5453.328	1001.657	1.322146	1.574695	9.200045
4398	-4445.734	-5447.147	1001.413	1.233347	2.357723	9.1274
4404	-4437.497	-5436.403	998.9063	1.177765	1.700557	10.67893
4410	-4423.854	-5422.556	998.702	1.259157	1.892972	10.67893
4416	-4431.642	-5432.223	1000.581	1.254647	1.994978	9.661199
4422	-4426.98	-5427.748	1000.768	1.299194	1.770572	9.611805
4428	-4439.89	-5440.695	1000.805	1.244066	1.798597	9.611805
4434	-4435.741	-5432.465	996.7241	1.220501	1.583465	11.84036
4440	-4440.575	-5439.963	999.3882	1.354412	2.102493	10.20391
4446	-4431.391	-5431.592	1000.201	1.280181	2.127313	9.807945
4452	-4434.509	-5436.344	1001.836	1.313809	2.436183	8.840141
4458	-4422.116	-5427.267	1005.151	1.415818	2.369829	7.03372
4464	-4423.629	-5427.48	1003.852	1.405913	2.478717	7.706874
4470	-4439.016	-5442.922	1003.906	1.397498	2.211272	7.756297
4476	-4439.856	-5441.591	1001.735	1.358484	2.222906	8.928586
4482	-4447.278	-5449.486	1002.208	1.380906	2.113714	8.697777
4488	-4449.072	-5451.396	1002.324	1.380906	2.113714	8.636038
4494	-4441.222	-5441.554	1000.332	1.30939	3.118035	9.474218
4500	-4436.908	-5439.783	1002.874	1.354141	1.998869	8.393124
4506	-4468.301	-5471.096	1002.795	1.387879	1.971689	8.425855
4512	-4476.034	-5474.708	998.6742	1.285564	1.971689	10.65478
4518	-4479.594	-5479.826	1000.232	1.218948	1.999975	9.862383
4524	-4472.503	-5474.849	1002.346	1.310431	2.274269	8.615252
4530	-4479.832	-5480.148	1000.316	1.297095	2.368676	9.670516
4536	-4462.318	-5466.768	1004.45	1.361224	2.632114	7.370502
4542	-4483.416	-5484.085	1000.668	1.365076	2.281302	9.472657
4548	-4451.223	-5451.75	1000.527	1.380087	2.52989	9.472657
4554	-4456.594	-5455.613	999.0188	1.261544	2.279465	10.39606
4560	-4470.603	-5472.752	1002.149	1.287051	2.942107	8.563206
4566	-4456.871	-5460.09	1003.219	1.38612	2.660415	8.008312
4572	-4472.13	-5476.895	1004.764	1.414387	2.384662	7.238595
4578	-4470.128	-5472.908	1002.78	1.462533	2.104295	8.353258
4584	-4452.136	-5454.322	1002.186	1.430105	2.104295	8.686097
4590	-4459.407	-5464.139	1004.732	1.359884	2.630332	7.22055
4596	-4471.072	-5476.034	1004.962	1.466561	2.93714	6.965057
4602	-4467.915	-5471.031	1003.116	1.338754	2.255141	8.196512
4608	-4450.701	-5452.796	1002.096	1.372175	2.121418	8.759736
4614	-4449.959	-5453.051	1003.092	1.372175	2.100689	8.236524
4620	-4440.461	-5445.238	1004.778	1.535329	2.824135	7.053674
4626	-4463.2	-5468.779	1005.579	1.486861	3.176968	6.566464
4632	-4444.421	-5449.942	1005.521	1.424028	3.486399	6.566464
4638	-4466.324	-5469.872	1003.548	1.441416	2.788693	7.771861
4644	-4471.207	-5475.769	1004.562	1.456255	3.131849	7.141501
4650	-4462.764	-5466.816	1004.052	1.486307	2.962056	7.437308
4656	-4457.473	-5463.688	1006.215	1.501902	2.315217	6.428054
4662	-4460.384	-5464.326	1003.942	1.534374	1.69444	7.829779
4668	-4452.52	-5457.774	1005.254	1.449073	3.20878	6.755606
4674	-4468.334	-5468.217	999.8829	1.340582	2.192309	9.924726
4680	-4457.108	-5458.9	1001.792	1.296473	2.583489	8.834079
4686	-4458.132	-5461.373	1003.241	1.334354	3.125089	7.915683
4692	-4460.311	-5466.382	1006.07	1.484093	2.466045	6.474372
4698	-4461.534	-5467.996	1006.462	1.584887	3.080635	6.055431
4704	-4448.112	-5454.815	1006.702	1.611451	2.64333	6.01505
4710	-4474.151	-5477.805	1003.653	1.387286	3.052455	7.683266
4716	-4471.089	-5475.632	1004.543	1.337317	2.77544	7.29788
4722	-4462.365	-5465.982	1003.617	1.359839	2.799158	7.776262
4728	-4456.408	-5459.724	1003.316	1.341918	3.217259	7.851796
4734	-4440.138	-5444.9	1004.761	1.369341	2.756035	7.168208
4740	-4451.9	-5456.616	1004.716	1.369341	3.006897	7.133251
4746	-4443.64	-5448.277	1004.636	1.393286	3.111783	7.139836
4752	-4460.673	-5464.564	1003.891	1.326613	3.621672	7.469321
4758	-4466.395	-5471.757	1005.362	1.396017	3.252917	6.716202
4764	-4461.666	-5467.35	1005.684	1.489934	2.179555	6.761019
4770	-4469.349	-5474.378	1005.029	1.445771	2.549019	7.035466
4776	-4458.497	-5463.659	1005.162	1.429678	2.341277	7.028706
4782	-4466.294	-5471.357	1005.063	1.535972	2.291606	7.038512
4788	-4466.994	-5471.506	1004.512	1.438833	2.711906	7.275649
4794	-4469.186	-5476.226	1007.04	1.582657	2.649906	5.844637
4800	-4451.664	-5460.122	1008.458	1.623799	2.502883	5.080389
4806	-4469.582	-5478.262	1008.68	1.752615	2.38185	4.919048
4812	-4475.305	-5481.903	1006.599	1.473709	2.557108	6.169028
4818	-4467.193	-5473.269	1006.076	1.513753	2.395752	6.474419
4824	-4474.073	-5482.647	1008.574	1.658089	2.523655	4.991483
4830	-4478.682	-5486.141	1007.458	1.581137	2.803315	5.577728
4836	-4494.871	-5502.084	1007.213	1.560461	2.564279	5.784487
4842	-4474.015	-5481.499	1007.484	1.609882	3.102747	5.476992
4848	-4471.705	-5479.047	1007.342	1.574793	2.530305	5.714933
4854	-4452.075	-5459.469	1007.395	1.565261	2.530305	5.691371
4860	-4459.093	-5466.842	1007.75	1.652589	2.810279	5.376529
4866	-4464.558	-5472.739	1008.181	1.672124	3.217662	5.031638
4872	-4443.864	-5452.378	1008.514	1.66074	2.49249	5.031638
4878	-4458.821	-5467.228	1008.407	1.627899	2.789533	5.031638
4884	-4461.563	-5470.141	1008.577	1.65391	2.379777	5.031638
4890	-4456.112	-5463.173	1007.061	1.593433	3.744023	5.583792
4896	-4439.509	-5447.703	1008.193	1.564331	2.729611	5.200295
4902	-4457.912	-5466.298	1008.386	1.613192	3.051751	4.988079
4908	-4459.484	-5466.727	1007.243	1.576518	3.187613	5.608752
4914	-4462.988	-5470.441	1007.453	1.576518	2.582449	5.639295
4920	-4458.689	-5466.562	1007.873	1.583767	3.151647	5.265586
4926	-4461.589	-5469.584	1007.994	1.582427	2.294925	5.417999
4932	-4461.976	-5469.759	1007.783	1.602404	2.681646	5.417999
4938	-4452.397	-5460.335	1007.939	1.602404	2.447934	5.394379
4944	-4486.157	-5494.75	1008.593	1.569303	2.939259	4.923946
4950	-4474.223	-5482.077	1007.854	1.591908	2.818784	5.35013
4956	-4463.624	-5471.187	1007.563	1.608445	2.818784	5.50162
4962	-4456.287	-5464.016	1007.73	1.596915	2.487684	5.50162
4968	-4441.664	-5448.171	1006.507	1.476445	2.579937	6.211541
4974	-4432.585	-5439.194	1006.609	1.477939	2.977623	6.057052
4980	-4425.711	-5430.947	1005.236	1.350892	2.613993	6.958064
4986	-4440.191	-5444.941	1004.75	1.385993	2.922711	7.125645
4992	-4442.168	-5445.648	1003.48	1.315812	2.290487	8.004609
4998	-4467.329	-5469.329	1002	1.295377	2.369152	8.780966
5004	-4444.92	-5447.201	1002.28	1.297371	3.148076	8.442092
5010	-4470.196	-5471.399	1001.203	1.258685	2.868889	9.096612
5016	-4454.758	-5459.14	1004.382	1.413674	2.46307	7.422755
5022	-4464.156	-5469.203	1005.047	1.364945	3.202396	6.914271
5028	-4465.226	-5469.557	1004.331	1.393031	2.531371	7.443108
5034	-4463.127	-5470.343	1007.216	1.461576	2.531371	5.845447
5040	-4465.962	-5472.562	1006.6	1.462438	2.837916	6.103538
5046	-4452.038	-5458.799	1006.761	1.446429	2.273057	6.173805
5052	-4444.572	-5450.603	1006.031	1.455228	2.245724	6.572787
5058	-4457.898	-5464.483	1006.586	1.495292	2.34316	6.222361
5064	-4478.851	-5484.181	1005.33	1.489733	2.476742	6.868428
5070	-4457.56	-5463.052	1005.491	1.474855	3.16511	6.62303
5076	-4473.286	-5477.064	1003.778	1.438427	2.820244	7.642821
5082	-4479.673	-5481.89	1002.217	1.387228	3.329709	8.389633
5088	-4496.75	-5499.953	1003.203	1.375099	3.457204	7.844278
5094	-4482.861	-5486.715	1003.853	1.396166	3.176662	7.544177
5100	-4491.023	-5493.943	1002.92	1.327735	2.132076	8.342493
5106	-4473.123	-5478.903	1005.78	1.447766	2.520687	6.636463
5112	-4478.62	-5483.551	1004.93	1.43326	2.786958	7.035404
5118	-4486.016	-5491.387	1005.372	1.436268	3.306925	6.67798
5124	-4456.381	-5457.846	1001.465	1.312562	2.308149	9.07161
5130	-4468.145	-5466.791	998.6454	1.23406	2.76361	10.4822
5136	-4466.41	-5466.299	999.8883	1.252987	2.403548	9.909477
5142	-4491.59	-5498.51	1006.921	1.486817	3.107756	5.852344
5148	-4488.654	-5494.4	1005.746	1.486817	2.680909	6.592569
5154	-4476.206	-5482.726	1006.521	1.559476	2.908631	6.076971
5160	-4476.692	-5476.581	999.8884	1.383639	1.684582	10.06047
5166	-4486.638	-5486.825	1000.187	1.446093	1.679661	9.872054
5172	-4471.397	-5473.357	1001.96	1.532388	1.809873	8.844961
5178	-4471.784	-5473.016	1001.232	1.472951	1.54039	9.358091
5184	-4461.35	-5461.621	1000.271	1.44056	2.02636	9.716873
5190	-4449.416	-5450.243	1000.827	1.371343	1.725578	9.557915
5196	-4467.513	-5467.412	999.8983	1.333888	1.850823	10.02485
5202	-4448.089	-5446.289	998.2	1.322473	2.162054	10.827
5208	-4453.293	-5451.311	998.0178	1.400604	1.616537	11.05774
5214	-4445.997	-5443.733	997.7356	1.355705	1.678617	11.2068
5220	-4440.025	-5436.47	996.4448	1.385817	1.565345	11.90654
5226	-4443.119	-5439.589	996.4694	1.38175	1.536727	11.90654
5232	-4427.269	-5429.325	1002.055	1.518528	1.27596	9.006393
5238	-4425.22	-5428.016	1002.796	1.476437	2.089273	8.341854
5244	-4431.819	-5434.387	1002.568	1.573466	1.911713	8.466895
5250	-4430.274	-5431.643	1001.368	1.398133	2.003713	9.166814
5256	-4438.631	-5436.213	997.582	1.351683	2.05593	11.16675
5262	-4431.981	-5433.355	1001.374	1.303642	2.05593	9.197697
5268	-4430.136	-5429.955	999.819	1.303642	1.969979	10.04436
5274	-4443.876	-5442.779	998.9024	1.295125	2.8815	10.28748
5280	-4422.276	-5420.761	998.486	1.301577	2.403404	10.62108
5286	-4450.187	-5450.384	1000.196	1.330827	2.498929	9.681056
5292	-4439.887	-5443.647	1003.76	1.45173	2.498929	7.72578
5298	-4487.492	-5489.723	1002.231	1.456316	2.042183	8.667291
5304	-4455.429	-5455.39	999.9604	1.456316	1.863489	9.923562
5310	-4457.535	-5457.566	1000.03	1.452669	2.019518	9.83923
5316	-4451.185	-5450.016	998.8312	1.292438	2.467209	10.42785
5322	-4428.979	-5427.232	998.2537	1.250771	1.986417	10.88894
5328	-4463.787	-5460.479	996.6919	1.285124	2.300286	11.59688
5334	-4483.569	-5481.944	998.3755	1.282425	2.009459	10.80144
5340	-4460.824	-5456.71	995.8866	1.199029	2.493229	12.01109
5346	-4473.686	-5469.173	995.4874	1.153134	1.855182	12.42671
5352	-4456.218	-5451.763	995.5453	1.176274	2.562255	12.18338
5358	-4464.396	-5461.906	997.5105	1.176274	2.627392	11.14052
5364	-4469.81	-5467.564	997.7544	1.176274	2.15003	11.14052
5370	-4468.023	-5464.853	996.8292	1.215527	2.612056	11.48018
5376	-4474	-5474.472	1000.473	1.372868	2.486661	9.516247
5382	-4470.342	-5471.873	1001.53	1.430369	1.876195	9.104668
5388	-4462.667	-5462.325	999.6574	1.371618	2.579775	9.922857
5394	-4470.095	-5472.53	1002.435	1.330342	2.579775	8.475794
5400	-4470.315	-5472.51	1002.194	1.342153	2.752804	8.554499
5406	-4451.866	-5454.148	1002.282	1.342153	2.56622	8.554499
5412	-4454.033	-5456.225	1002.192	1.248471	2.856353	8.580681
5418	-4464.986	-5463.872	998.886	1.281375	2.131908	10.49749
5424	-4448.471	-5450.049	1001.578	1.38734	2.245387	8.99013
5430	-4432.595	-5432.696	1000.102	1.398137	2.657703	9.655229
5436	-4436.097	-5438.537	1002.441	1.319981	2.460767	8.509292
5442	-4457.895	-5457.682	999.7869	1.31291	2.674363	9.862031
5448	-4439.483	-5440.687	1001.203	1.31291	2.119831	9.263932
5454	-4457.982	-5457.857	999.8757	1.263435	2.468804	9.893385
5460	-4462.485	-5458.598	996.1137	1.157932	2.28912	11.96831
5466	-4461.694	-5457.825	996.1312	1.266533	1.977326	11.99331
5472	-4454.087	-5453.001	998.9144	1.30029	2.203014	10.4521
5478	-4456.613	-5455.189	998.5759	1.409057	1.81186	10.69301
5484	-4465.563	-5465.18	999.6173	1.371483	2.751509	9.901782
5490	-4439.15	-5441.372	1002.222	1.335081	2.743681	8.545681
5496	-4432.974	-5435.68	1002.707	1.40223	2.73152	8.255443
5502	-4437.626	-5441.959	1004.333	1.459658	2.582632	7.393444
5508	-4445.652	-5447.757	1002.105	1.456517	2.290345	8.661489
5514	-4463.544	-5467.896	1004.352	1.39528	2.323522	7.486913
5520	-4468.599	-5470.738	1002.139	1.373268	2.442982	8.64566
5526	-4461.533	-5461.989	1000.455	1.411792	2.731878	9.443456
5532	-4470.087	-5471.767	1001.679	1.3292	2.60106	8.872179
5538	-4448.154	-5447.116	998.9617	1.3292	1.581156	10.61332
5544	-4449.933	-5451.037	1001.103	1.456527	1.400497	9.489597
5550	-4443.212	-5444.635	1001.424	1.49808	2.185682	9.030212
5556	-4444.181	-5441.223	997.0419	1.345545	1.794332	11.5352
5562	-4455.451	-5452.395	996.9442	1.338241	1.84201	11.57433
5568	-4459.38	-5457.354	997.9745	1.32049	1.578918	11.13614
5574	-4452.297	-5450.089	997.7924	1.284345	1.912547	11.13614
5580	-4447.67	-5444.168	996.4986	1.306673	1.698734	11.87191
5586	-4459.748	-5457.523	997.7748	1.313877	1.725657	11.19175
5592	-4464.368	-5462.931	998.563	1.260343	1.495703	10.89078
5598	-4462.961	-5464.843	1001.882	1.443283	1.513901	9.040249
5604	-4458.228	-5460.192	1001.964	1.524668	1.550582	8.93928
5610	-4449.749	-5452.857	1003.108	1.505596	1.852488	8.235395
5616	-4468.165	-5471.702	1003.537	1.535943	1.772578	8.017711
5622	-4448.903	-5452.19	1003.286	1.414717	1.584428	8.283158
5628	-4460.504	-5464.086	1003.582	1.485133	2.302803	7.856411
5634	-4465.088	-5466.4	1001.312	1.367071	1.70613	9.311139
5640	-4461.813	-5464.992	1003.179	1.429646	1.807372	8.252846
5646	-4464.995	-5467.698	1002.702	1.368801	2.42595	8.353489
5652	-4459.015	-5464.687	1005.672	1.47103	2.135069	6.791261
5658	-4466.111	-5470.585	1004.474	1.386191	2.446107	7.392646
5664	-4445.688	-5449.225	1003.537	1.386191	3.012113	7.755341
5670	-4444.956	-5449.601	1004.646	1.450484	3.383337	7.04584
5676	-4444.044	-5450.167	1006.123	1.419358	3.012283	6.345331
5682	-4450.195	-5456.088	1005.894	1.512916	2.760895	6.47869
5688	-4441.47	-5446.644	1005.175	1.533247	2.735857	6.86248
5694	-4425.124	-5428.376	1003.252	1.355883	2.584582	8.026232
5700	-4427.56	-5430.484	1002.924	1.355883	2.764326	8.156248
5706	-4438.028	-5442.673	1004.645	1.406581	2.624602	7.243425
5712	-4440.858	-5445.294	1004.436	1.435421	3.126007	7.221685
5718	-4435.596	-5438.684	1003.089	1.388537	2.397886	8.144908
5724	-4434.429	-5437.183	1002.753	1.319926	3.851832	8.037391
5730	-4423.02	-5427.322	1004.303	1.301889	3.223899	7.343624
5736	-4447.947	-5452.245	1004.299	1.348223	3.28213	7.308421
5742	-4435.155	-5438.525	1003.37	1.337343	3.857834	7.697882
5748	-4423.631	-5427.208	1003.577	1.373499	3.101982	7.720723
5754	-4431.925	-5435.717	1003.792	1.341616	2.733405	7.708098
5760	-4422.045	-5425.048	1003.003	1.299102	3.594711	7.964232
5766	-4439.991	-5443.101	1003.109	1.264977	3.296888	7.986245
5772	-4427.766	-5431.794	1004.028	1.378735	2.142797	7.721044
5778	-4436.381	-5440.18	1003.8	1.428604	2.815834	7.637778
5784	-4441.881	-5445.603	1003.722	1.389923	2.668342	7.735784
5790	-4463.318	-5465.877	1002.558	1.313252	2.891194	8.343704
5796	-4443.647	-5444.562	1000.915	1.160675	3.190249	9.229153
5802	-4446.209	-5445.457	999.2484	1.165463	2.351458	10.30615
5808	-4447.513	-5448.365	1000.853	1.200585	2.549485	9.390361
5814	-4438.165	-5439.734	1001.569	1.239952	2.549485	8.991044
5820	-4432.732	-5433.298	1000.567	1.195923	2.344593	9.597971
5826	-4453.27	-5455.744	1002.474	1.331022	1.815955	8.677251
5832	-4458.651	-5462.248	1003.597	1.331022	2.595782	7.852271
5838	-4460.539	-5463.283	1002.744	1.314266	2.153934	8.436834
5844	-4440.729	-5444.535	1003.806	1.372395	2.279575	7.803344
5850	-4442.04	-5445.746	1003.706	1.32703	2.595947	7.796358
5856	-4444.206	-5446.318	1002.113	1.309056	2.304265	8.731669
5862	-4439.131	-5441.408	1002.277	1.258169	2.375854	8.651727
5868	-4427.9	-5431.672	1003.772	1.3824	2.316584	7.805999
5874	-4428.452	-5429.546	1001.094	1.23132	2.550619	9.246494
5880	-4437.53	-5438.367	1000.837	1.248259	2.524608	9.379788
5886	-4429.366	-5430.142	1000.776	1.262864	2.6211	9.379788
5892	-4425.857	-5428.962	1003.105	1.359226	2.403119	8.150201
5898	-4419.521	-5423.953	1004.433	1.437356	2.621986	7.341662
5904	-4423.183	-5426.668	1003.485	1.347032	3.30621	7.739658
5910	-4417.749	-5423.104	1005.354	1.381919	2.678251	6.861695
5916	-4420.304	-5424.847	1004.543	1.403793	2.686484	7.284153
5922	-4441.752	-5445.253	1003.501	1.310925	3.56426	7.698098
5928	-4431.437	-5434.855	1003.418	1.291583	3.128477	7.84328
5934	-4424.94	-5429.531	1004.591	1.358891	2.752009	7.266551
5940	-4419.745	-5424.948	1005.203	1.412775	2.444614	6.987108
5946	-4413.189	-5418.631	1005.443	1.396089	2.488488	6.855134
5952	-4425.917	-5431.269	1005.352	1.415984	2.910513	6.78815
5958	-4424.578	-5431.593	1007.015	1.484818	3.162667	5.789363
5964	-4460.095	-5467.689	1007.594	1.549581	3.458086	5.372222
5970	-4484.603	-5491.809	1007.206	1.549581	2.934152	5.701763
5976	-4466.967	-5470.557	1003.59	1.438025	3.121103	7.674806
5982	-4454.122	-5458.333	1004.211	1.360865	2.416542	7.555342
5988	-4457.452	-5460.916	1003.465	1.377609	2.644054	7.886102
5994	-4429.782	-5433.071	1003.289	1.390981	2.090949	8.124455
6000	-4425.734	-5427.21	1001.476	1.31628	3.073159	8.875451
6006	-4421.052	-5424.683	1003.63	1.303343	2.524593	7.867954
6012	-4433.475	-5435.524	1002.05	1.328709	2.839965	8.617681
6018	-4417.436	-5420.143	1002.707	1.26341	2.663663	8.345647
6024	-4430.044	-5433.524	1003.479	1.332827	3.214986	7.769896
6030	-4448.222	-5452.745	1004.523	1.321175	2.730569	7.328243
6036	-4434.204	-5438.427	1004.222	1.441753	2.53176	7.475456
6042	-4430.338	-5435.575	1005.237	1.422318	3.634681	6.69155
6048	-4439.138	-5445.044	1005.905	1.452027	2.871144	6.478662
6054	-4437.077	-5442.85	1005.773	1.412656	3.314893	6.471855
6060	-4438.084	-5443.157	1005.073	1.412656	2.840076	6.956764
6066	-4433.856	-5438.377	1004.521	1.437264	2.441383	7.341673
6072	-4437.578	-5442.009	1004.431	1.373803	2.761919	7.341673
6078	-4437.348	-5443.168	1005.82	1.478858	3.100903	6.456941
6084	-4433.474	-5438.83	1005.356	1.471753	3.166432	6.697639
6090	-4439.33	-5445.386	1006.057	1.465431	2.519917	6.477555
6096	-4454.284	-5461.249	1006.965	1.537351	2.691479	5.89976
6102	-4443.087	-5448.882	1005.794	1.498782	3.491775	6.376706
6108	-4439.42	-5445.221	1005.801	1.507347	3.451918	6.376706
6114	-4418.184	-5424.864	1006.681	1.510702	3.192431	5.951527
6120	-4432.336	-5439.02	1006.684	1.556483	3.177422	5.927921
6126	-4446.231	-5452.422	1006.191	1.527809	2.349285	6.417302
6132	-4421.42	-5426.506	1005.086	1.466702	3.039029	6.874703
6138	-4439.739	-5444.067	1004.328	1.464324	3.039029	7.283425
6144	-4430.751	-5434.21	1003.459	1.317092	3.170905	7.798384
6150	-4415.967	-5420.059	1004.092	1.382547	2.724739	7.527806
6156	-4404.18	-5409.126	1004.946	1.37575	3.0555	6.995165
6162	-4431.406	-5435.618	1004.213	1.380399	4.470054	7.115723
6168	-4420.815	-5426.064	1005.249	1.434134	3.051062	6.801169
6174	-4424.613	-5430.272	1005.66	1.434134	3.076203	6.573648
6180	-4429.918	-5434.362	1004.444	1.430151	3.066218	7.233424
6186	-4428.461	-5434.685	1006.223	1.451953	3.368692	6.194724
6192	-4428.025	-5433.853	1005.827	1.451953	2.888947	6.516662
6198	-4426.787	-5432.375	1005.588	1.423984	3.38429	6.551245
6204	-4464.237	-5471.145	1006.909	1.423984	3.238065	5.864259
6210	-4443.028	-5448.513	1005.485	1.424041	3.175172	6.651709
6216	-4423.472	-5429.167	1005.695	1.486178	2.559679	6.651709
6222	-4411.835	-5417.24	1005.404	1.400859	3.439571	6.651709
6228	-4412.298	-5419.01	1006.713	1.445873	2.95791	6.022649
6234	-4415.511	-5422.829	1007.318	1.537087	2.95791	5.641737
6240	-4437.447	-5444.943	1007.496	1.542714	2.61067	5.626914
6246	-4436.037	-5442.456	1006.419	1.517941	2.994379	6.135177
6252	-4447.311	-5454.431	1007.12	1.534326	2.329812	5.913887
6258	-4440.258	-5448.627	1008.369	1.596697	2.607261	5.11701
6264	-4436.006	-5443.304	1007.298	1.536407	2.821494	5.685611
6270	-4428.555	-5435.525	1006.97	1.529069	2.809417	5.872198
6276	-4445.023	-5452.119	1007.095	1.529069	3.136132	5.72724
6282	-4434.873	-5443.04	1008.167	1.649722	2.366029	5.265248
6288	-4444.252	-5451.601	1007.349	1.611564	3.681138	5.427884
6294	-4436.547	-5444.371	1007.825	1.571977	2.657889	5.418055
6300	-4419.379	-5426.924	1007.546	1.606322	3.222461	5.418055
6306	-4434.715	-5442.287	1007.572	1.601964	3.168285	5.418055
6312	-4417.196	-5425.368	1008.173	1.647632	3.168285	5.060749
6318	-4432.173	-5439.956	1007.783	1.647632	2.859485	5.348957
6324	-4427.623	-5435.37	1007.747	1.616712	3.014005	5.348957
6330	-4419.424	-5427.171	1007.747	1.616712	3.014005	5.348957
6336	-4431.367	-5439.064	1007.697	1.597444	2.714336	5.459993
6342	-4427.57	-5434.775	1007.205	1.578585	2.802334	5.718532
6348	-4421.02	-5428.396	1007.376	1.54102	2.864126	5.62993
6354	-4441.997	-5449.182	1007.185	1.517844	2.555529	5.8255
6360	-4435.453	-5442.887	1007.433	1.517844	2.777565	5.632538
6366	-4456.027	-5462.895	1006.868	1.513972	3.168585	5.852442
6372	-4440.568	-5447.526	1006.958	1.583379	2.596323	5.902832
6378	-4448.674	-5456.868	1008.195	1.664736	2.537163	5.194181
6384	-4447.224	-5454.876	1007.652	1.646879	3.395258	5.299621
6390	-4436.668	-5445.152	1008.484	1.605081	2.204955	5.161641
6396	-4431.842	-5439.654	1007.811	1.609111	3.741774	5.161641
6402	-4423.628	-5430.869	1007.242	1.561387	3.689626	5.512529
6408	-4444.224	-5451.332	1007.108	1.537201	3.035295	5.738518
6414	-4461.537	-5468.832	1007.295	1.59883	3.577954	5.485084
6420	-4456.958	-5464.165	1007.207	1.568694	2.96925	5.68233
6426	-4465.42	-5472.447	1007.026	1.566725	3.422273	5.68233
6432	-4450.126	-5458.556	1008.43	1.688282	3.589002	4.804825
6438	-4452.324	-5461.209	1008.885	1.705202	3.589002	4.54053
6444	-4455.289	-5464.023	1008.734	1.700311	3.43892	4.659023
6450	-4469.775	-5478.349	1008.574	1.708748	3.698348	4.690643
6456	-4445.635	-5453.756	1008.121	1.622467	3.660157	4.99871
6462	-4441.238	-5449.638	1008.4	1.626708	2.943398	4.99871
6468	-4414.494	-5422.805	1008.311	1.633951	2.943398	5.043947
6474	-4430.498	-5438.862	1008.364	1.633951	3.122268	4.972713
6480	-4422.598	-5431.721	1009.124	1.633951	2.621728	4.671859
6486	-4410.736	-5419.595	1008.859	1.654157	3.180059	4.671859
6492	-4429.826	-5439.228	1009.402	1.654157	3.148971	4.37382
6498	-4439.69	-5448.72	1009.03	1.648003	2.918629	4.640947
6504	-4440.611	-5448.702	1008.091	1.626411	2.725814	5.223628
6510	-4450.137	-5456.407	1006.27	1.514735	3.71944	6.063912
6516	-4463.942	-5470.736	1006.794	1.587978	3.318031	5.820194
6522	-4430.941	-5438.571	1007.63	1.587978	3.166548	5.394397
6528	-4424.792	-5432.229	1007.436	1.62031	3.22657	5.469674
6534	-4415.369	-5422.204	1006.836	1.540704	3.382209	5.809451
6540	-4437.012	-5443.584	1006.573	1.570036	4.033775	5.809451
6546	-4435.858	-5444.076	1008.219	1.631734	3.377412	4.998197
6552	-4423.508	-5432.072	1008.564	1.654855	3.06683	4.86239
6558	-4425.412	-5432.9	1007.488	1.59632	3.06683	5.490416
6564	-4432.798	-5441.253	1008.455	1.60685	3.428709	4.869545
6570	-4437.779	-5444.755	1006.976	1.552898	3.326887	5.737737
6576	-4434.391	-5440.659	1006.268	1.552898	2.562233	6.304199
6582	-4426.072	-5431.698	1005.626	1.53516	3.55524	6.435285
6588	-4421.339	-5426.489	1005.15	1.48019	2.957528	6.851282
6594	-4416.52	-5422.114	1005.594	1.372599	3.159245	6.624221
6600	-4419.99	-5423.44	1003.45	1.336997	3.093195	7.809922
6606	-4420.967	-5425.935	1004.968	1.45355	2.616648	7.046503
6612	-4421.818	-5426.803	1004.985	1.476142	2.534594	7.046503
6618	-4420.098	-5424.375	1004.277	1.257808	3.150726	7.396898
6624	-4427.036	-5429.011	1001.975	1.295749	2.928122	8.654465
6630	-4438.151	-5440.28	1002.129	1.23949	2.625519	8.674843
6636	-4453.495	-5456.018	1002.523	1.324022	2.625519	8.420905
6642	-4417.042	-5417.536	1000.493	1.230179	3.225037	9.407749
6648	-4412.582	-5413.678	1001.096	1.24272	3.225037	9.082588
6654	-4424.761	-5427.902	1003.141	1.24272	2.942417	8.058837
6660	-4438.575	-5441.557	1002.981	1.192398	3.253063	8.102302
6666	-4427.854	-5430.378	1002.525	1.279096	2.77342	8.407608
6672	-4431.684	-5433.49	1001.806	1.341999	2.77342	8.755638
6678	-4432.757	-5434.287	1001.53	1.283389	2.77342	8.932981
6684	-4435.958	-5437.799	1001.842	1.279225	2.027793	8.971867
6690	-4442.671	-5446.26	1003.588	1.297681	2.946294	7.790235
6696	-4442.303	-5444.387	1002.084	1.357431	3.111156	8.522539
6702	-4443.026	-5446.571	1003.545	1.267896	2.338368	7.982057
6708	-4432.842	-5437.911	1005.069	1.440387	2.855239	6.940514
6714	-4461.531	-5466.792	1005.261	1.551839	2.798016	6.790712
6720	-4434.504	-5440.508	1006.004	1.504764	2.647714	6.451361
6726	-4434.7	-5440.213	1005.513	1.444943	2.515618	6.783973
6732	-4455.079	-5459.759	1004.68	1.398987	3.092108	7.117704
6738	-4434.694	-5439.169	1004.474	1.357763	1.871562	7.578553
6744	-4430.56	-5435.074	1004.513	1.406051	1.855225	7.537227
6750	-4426.777	-5431.574	1004.797	1.445749	1.6373	7.440351
6756	-4412.052	-5416.112	1004.061	1.397916	2.837486	7.509272
6762	-4432.525	-5436.024	1003.499	1.342212	3.050098	7.790435
6768	-4435.583	-5437.364	1001.781	1.323278	2.829454	8.765425
6774	-4424.468	-5426.174	1001.706	1.246798	2.858242	8.839237
6780	-4435.856	-5435.991	1000.135	1.207104	3.282763	9.596762
6786	-4424.564	-5427.833	1003.269	1.375293	2.433435	8.046428
6792	-4424.101	-5426.448	1002.347	1.336387	2.7658	8.473602
6798	-4425.347	-5429.784	1004.437	1.328124	3.35569	7.229395
6804	-4407.033	-5410.589	1003.556	1.390342	3.133925	7.715868
6810	-4422.951	-5426.902	1003.951	1.377225	2.381456	7.695355
6816	-4403.165	-5407.144	1003.98	1.348721	2.740288	7.60238
6822	-4411.258	-5414.613	1003.356	1.321555	3.28808	7.82645
6828	-4423.74	-5427.847	1004.107	1.382323	2.442353	7.592412
6834	-4415.32	-5420.905	1005.585	1.473263	2.867656	6.641405
6840	-4417.918	-5423.657	1005.739	1.473263	2.535515	6.641405
6846	-4424.439	-5430.337	1005.898	1.503783	3.804106	6.256048
6852	-4434.487	-5440.817	1006.33	1.578574	2.922536	6.167325
6858	-4431.428	-5436.489	1005.061	1.521381	2.77167	6.921328
6864	-4418.302	-5423.586	1005.284	1.378512	2.905689	6.846126
6870	-4424.111	-5429.302	1005.191	1.39645	3.080901	6.846126
6876	-4423.371	-5429.32	1005.949	1.432474	3.050291	6.423918
6882	-4414.181	-5418.192	1004.011	1.356778	3.050291	7.508661
6888	-4425.128	-5428.489	1003.361	1.28635	3.239254	7.852651
6894	-4438.747	-5442.185	1003.438	1.270965	2.881969	7.899807
6900	-4450.959	-5456.267	1005.308	1.45953	2.881969	6.794752
6906	-4435.462	-5443.033	1007.572	1.535244	3.065998	5.478144
6912	-4422.084	-5427.876	1005.792	1.513861	3.065998	6.461489
6918	-4426.5	-5432.717	1006.217	1.514615	3.405297	6.156595
6924	-4419.94	-5426.273	1006.333	1.48199	2.897586	6.223997
6930	-4428.372	-5434.522	1006.15	1.425209	3.406819	6.241288
6936	-4439.676	-5446.163	1006.486	1.487611	3.877371	5.930598
6942	-4443.812	-5450.798	1006.986	1.522902	2.798532	5.869751
6948	-4426.443	-5432.604	1006.16	1.522902	2.798532	6.319413
6954	-4437.537	-5442.232	1004.696	1.508685	3.038965	7.062131
6960	-4428.669	-5434.825	1006.156	1.409337	3.425538	6.242311
6966	-4415.487	-5420.166	1004.68	1.460931	2.988271	7.108056
6972	-4410.763	-5416.828	1006.064	1.41322	3.314672	6.313529
6978	-4415.988	-5420.947	1004.959	1.41322	2.752776	7.039042
6984	-4430.203	-5435.141	1004.938	1.372258	3.169991	6.975939
6990	-4433.424	-5438.647	1005.223	1.342202	3.169991	6.838536
6996	-4419.901	-5423.843	1003.942	1.385444	2.579408	7.642961
7002	-4436.374	-5439.653	1003.279	1.337731	2.579408	8.022778
7008	-4435.541	-5438.405	1002.863	1.442283	3.297069	8.022778
7014	-4419.377	-5423.786	1004.408	1.503079	2.695005	7.301127
7020	-4436.968	-5441.975	1005.008	1.480175	2.527166	7.034075
7026	-4449.573	-5453.5	1003.926	1.45891	2.836827	7.548767
7032	-4438.694	-5441.049	1002.355	1.371664	3.117159	8.369618
7038	-4421.319	-5424.768	1003.449	1.37927	2.932388	7.824272
7044	-4406.143	-5409.04	1002.897	1.2866	2.06926	8.395312
7050	-4439.449	-5443.373	1003.924	1.364352	1.631712	7.952926
7056	-4414.179	-5416.906	1002.727	1.296038	2.681978	8.313135
7062	-4433.889	-5437.857	1003.968	1.312004	2.04502	7.818626
7068	-4445.864	-5446.983	1001.119	1.327369	2.55485	9.181309
7074	-4447.765	-5448.371	1000.606	1.201337	2.827928	9.451883
7080	-4462.248	-5463.254	1001.005	1.200409	2.539714	9.312463
7086	-4438.994	-5440.854	1001.861	1.249794	2.960362	8.731973
7092	-4444.996	-5448.173	1003.176	1.304758	2.764588	8.049032
7098	-4445.305	-5448.497	1003.192	1.348743	2.840866	7.99888
7104	-4443.729	-5447.551	1003.822	1.322182	3.636824	7.505697
7110	-4457.508	-5461.665	1004.157	1.430531	2.573175	7.505697
7116	-4469.855	-5474.375	1004.52	1.385285	2.18668	7.441564
7122	-4467.049	-5471.994	1004.945	1.372138	1.95216	7.2924
7128	-4455.298	-5459.114	1003.816	1.381683	2.489935	7.735992
7134	-4467.306	-5468.867	1001.561	1.295093	2.738729	8.918785
7140	-4453.985	-5455.765	1001.78	1.262936	2.354095	8.918785
7146	-4463.804	-5463.807	1000.003	1.316676	2.354095	9.828895
7152	-4460.553	-5460.513	999.9602	1.18149	2.719828	9.828895
7158	-4444.321	-5444.333	1000.012	1.193279	2.583983	9.828895
7164	-4436.473	-5439.908	1003.435	1.278366	2.858836	7.902686
7170	-4436.858	-5440.18	1003.322	1.348279	2.858836	7.925582
7176	-4423.185	-5427.512	1004.327	1.372966	3.613577	7.212298
7182	-4436.412	-5441.057	1004.646	1.418215	2.478728	7.27486
7188	-4450.04	-5455.816	1005.776	1.417734	2.587779	6.637511
7194	-4460.883	-5466.01	1005.127	1.417734	3.4134	6.797703
7200	-4466.513	-5471.144	1004.631	1.448093	3.540792	7.022765
7206	-4436.891	-5442.564	1005.673	1.480225	2.904492	6.581384
7212	-4449.875	-5454.241	1004.366	1.355222	2.99913	7.33062
7218	-4461.113	-5463.946	1002.833	1.328682	2.99913	8.164635
7224	-4451.214	-5455.899	1004.684	1.477252	2.610381	7.188101
7230	-4448.94	-5454.021	1005.081	1.432831	2.262122	7.092979
7236	-4435.034	-5439.733	1004.699	1.398463	3.158029	7.092979
7242	-4439.255	-5445.083	1005.828	1.448125	2.465864	6.625255
7248	-4463.687	-5469.292	1005.606	1.481929	2.868022	6.625255
7254	-4439.537	-5445.449	1005.912	1.483933	2.826114	6.468595
7260	-4420.98	-5428.168	1007.187	1.533025	3.042536	5.695999
7266	-4424.878	-5431.662	1006.784	1.557099	2.712065	5.982692
7272	-4409.321	-5414.849	1005.528	1.504899	3.039868	6.61495
7278	-4416.261	-5422.538	1006.277	1.543719	2.912259	6.217213
7284	-4417.426	-5423.108	1005.682	1.486288	2.788677	6.600936
7290	-4410.069	-5415.897	1005.828	1.468917	2.496037	6.605605
7296	-4422.004	-5427.735	1005.731	1.385191	2.35763	6.74119
7302	-4436.328	-5439.598	1003.271	1.355197	3.422735	7.825784
7308	-4430.432	-5435.857	1005.425	1.40545	2.697464	6.805873
7314	-4433.127	-5438.528	1005.4	1.430028	2.697464	6.805873
7320	-4433.174	-5438.169	1004.995	1.430028	2.697464	7.024301
7326	-4434.477	-5439.499	1005.021	1.477966	2.501728	7.03479
7332	-4445.266	-5451.232	1005.967	1.477966	2.505857	6.523322
7338	-4428.693	-5434.453	1005.76	1.45379	2.505857	6.647938
7344	-4425.975	-5427.96	1001.986	1.315916	2.017233	8.87942
7350	-4425.044	-5428.831	1003.787	1.331973	2.104952	7.886029
7356	-4442.204	-5444.951	1002.746	1.301762	2.782869	8.275224
7362	-4433.728	-5437.496	1003.768	1.301762	3.278581	7.618544
7368	-4444.385	-5448.238	1003.853	1.357707	2.937117	7.618544
7374	-4442.334	-5446.26	1003.927	1.308933	2.447371	7.72694
7380	-4442.399	-5446.151	1003.752	1.364883	2.721879	7.720205
7386	-4439.464	-5444.656	1005.192	1.403462	2.597789	6.957736
7392	-4454.914	-5455.867	1000.953	1.252848	2.56436	9.306098
7398	-4444.907	-5446.605	1001.699	1.250748	2.986559	8.811371
7404	-4435.907	-5436.987	1001.08	1.250748	2.788308	9.184907
7410	-4424.167	-5425.779	1001.612	1.216046	2.444392	9.00819
7416	-4437.36	-5440.255	1002.896	1.315924	2.491102	8.261471
7422	-4445.751	-5448.685	1002.934	1.277452	2.491102	8.261471
7428	-4454.641	-5457.773	1003.132	1.303471	2.311125	8.190978
7434	-4451.171	-5454.207	1003.036	1.324812	2.456755	8.190978
7440	-4440.215	-5443.145	1002.929	1.243809	2.85725	8.190978
7446	-4451.153	-5454.336	1003.184	1.334299	2.85725	8.007198
7452	-4453.5	-5457.077	1003.576	1.334299	2.586732	7.864153
7458	-4469.963	-5473.245	1003.282	1.334299	2.400573	8.069828
7464	-4460.159	-5465.241	1005.082	1.358334	1.881121	7.249259
7470	-4457.375	-5459.875	1002.501	1.435929	2.188493	8.491166
7476	-4461.625	-5462.815	1001.19	1.256603	2.670133	9.152182
7482	-4467.421	-5470.481	1003.06	1.316927	2.346916	8.212503
7488	-4458.927	-5460.333	1001.406	1.266147	2.610657	9.047808
7494	-4442.684	-5445.299	1002.615	1.285211	2.785335	8.353325
7500	-4454.923	-5458.441	1003.518	1.336838	2.941563	7.807984
7506	-4468.213	-5471.07	1002.857	1.336838	2.92245	8.164858
7512	-4471.154	-5472.476	1001.322	1.320317	2.92245	8.988699
7518	-4488.445	-5488.207	999.7612	1.224406	2.423973	9.986005
7524	-4475.604	-5478.786	1003.182	1.273378	3.413582	7.91895
7530	-4468.099	-5470.136	1002.037	1.365454	2.601133	8.663055
7536	-4469.38	-5471.326	1001.945	1.320884	2.900254	8.663055
7542	-4462.831	-5467.68	1004.849	1.344363	2.943318	7.089844
7548	-4445.632	-5450.86	1005.228	1.450042	3.575723	6.692863
7554	-4446.607	-5452.392	1005.785	1.495265	3.071322	6.474168
7560	-4464.884	-5469.445	1004.561	1.438885	3.260536	7.12324
7566	-4466.381	-5471.037	1004.655	1.411909	3.095713	7.12324
7572	-4444.702	-5450.027	1005.326	1.382601	3.214652	6.751638
7578	-4435.74	-5440.096	1004.357	1.390258	3.214652	7.269272
7584	-4426.13	-5431.954	1005.824	1.439849	3.378852	6.41602
7590	-4420.304	-5426.702	1006.398	1.489115	2.95225	6.171738
7596	-4429.416	-5435.769	1006.353	1.474647	3.093999	6.171738
7602	-4427.356	-5433.218	1005.863	1.522468	3.340775	6.358233
7608	-4430.314	-5436.702	1006.388	1.480142	2.895538	6.195611
7614	-4459.497	-5465.464	1005.967	1.400199	2.613189	6.537137
7620	-4448.119	-5454.302	1006.183	1.50279	2.428748	6.413528
7626	-4448.13	-5454.762	1006.632	1.492517	2.688072	6.106665
7632	-4442.471	-5448.596	1006.125	1.534857	3.48914	6.177857
7638	-4437.836	-5443.928	1006.092	1.507609	3.439481	6.221015
7644	-4445.347	-5452.82	1007.474	1.589659	3.290304	5.452201
7650	-4422.441	-5429.944	1007.503	1.564844	3.278472	5.452201
7656	-4425.153	-5431.239	1006.086	1.540157	3.610882	6.172069
7662	-4438.157	-5445.571	1007.414	1.582879	3.623903	5.418893
7668	-4426.821	-5433.651	1006.83	1.52094	3.508475	5.797036
7674	-4443.794	-5448.851	1005.056	1.444597	4.466667	6.626701
7680	-4439.105	-5444.579	1005.474	1.368099	3.464117	6.626701
7686	-4450.935	-5454.348	1003.413	1.327477	2.750105	7.914299
7692	-4435.229	-5439.141	1003.912	1.398708	2.656293	7.632414
7698	-4412.142	-5416.229	1004.087	1.324036	3.344649	7.421891
7704	-4414.414	-5419.302	1004.888	1.427386	3.364161	6.931921
7710	-4423.002	-5427.972	1004.97	1.425464	3.364161	6.888376
7716	-4406.85	-5413.665	1006.816	1.476005	2.930948	5.956301
7722	-4423.845	-5430.542	1006.698	1.548357	3.273159	5.904053
7728	-4432.845	-5439.182	1006.337	1.509403	3.550062	6.064161
7734	-4434.988	-5441.261	1006.274	1.553032	3.130926	6.163929
7740	-4436.212	-5442.516	1006.303	1.539147	3.092494	6.163929
7746	-4436.012	-5442.235	1006.223	1.570993	2.774797	6.265267
7752	-4447.871	-5454.016	1006.145	1.542008	2.774797	6.323264
7758	-4455.753	-5462.304	1006.551	1.568377	3.089183	6.013677
7764	-4462.891	-5467.981	1005.09	1.442133	2.519697	7.012343
7770	-4451.483	-5454.858	1003.374	1.364	3.023917	7.851317
7776	-4442.95	-5445.154	1002.204	1.318482	3.152176	8.470354
7782	-4449.866	-5449.491	999.6254	1.286682	2.251388	10.07183
7788	-4465.21	-5467.281	1002.07	1.307308	3.01471	8.577912
7794	-4438.92	-5442.281	1003.361	1.279043	2.672591	7.986924
7800	-4432.347	-5433.207	1000.86	1.226627	2.885904	9.291157
7806	-4445.062	-5448.872	1003.81	1.378379	2.402658	7.763979
7812	-4448.633	-5451.883	1003.25	1.406679	2.743826	7.960541
7818	-4440.189	-5445.177	1004.988	1.383424	1.966842	7.258511
